
ind7a.elf:     file format elf32-littleriscv
ind7a.elf
architecture: riscv:rv32, flags 0x00000112:
EXEC_P, HAS_SYMS, D_PAGED
start address 0x00000000

Program Header:
    LOAD off    0x00001000 vaddr 0x00000000 paddr 0x00000000 align 2**12
         filesz 0x00001104 memsz 0x00001104 flags r-x
    LOAD off    0x00003000 vaddr 0x20000000 paddr 0x00001104 align 2**12
         filesz 0x00000028 memsz 0x00000030 flags rw-
    LOAD off    0x00003700 vaddr 0x20000700 paddr 0x20000700 align 2**12
         filesz 0x00000000 memsz 0x00000100 flags rw-

Sections:
Idx Name          Size      VMA       LMA       File off  Algn
  0 .init         000000a0  00000000  00000000  00001000  2**2
                  CONTENTS, ALLOC, LOAD, READONLY, CODE
  1 .text         00001064  000000a0  000000a0  000010a0  2**2
                  CONTENTS, ALLOC, LOAD, READONLY, CODE
  2 .fini         00000000  00001104  00001104  00003028  2**0
                  CONTENTS, ALLOC, LOAD, CODE
  3 .dalign       00000000  20000000  20000000  00003028  2**0
                  CONTENTS
  4 .dlalign      00000000  00001104  00001104  00003028  2**0
                  CONTENTS
  5 .data         00000028  20000000  00001104  00003000  2**2
                  CONTENTS, ALLOC, LOAD, DATA
  6 .bss          00000008  20000028  0000112c  00003028  2**2
                  ALLOC
  7 .stack        00000100  20000700  20000700  00003700  2**0
                  ALLOC
  8 .debug_info   0000ac24  00000000  00000000  00003028  2**0
                  CONTENTS, READONLY, DEBUGGING
  9 .debug_abbrev 0000203f  00000000  00000000  0000dc4c  2**0
                  CONTENTS, READONLY, DEBUGGING
 10 .debug_loc    000020d5  00000000  00000000  0000fc8b  2**0
                  CONTENTS, READONLY, DEBUGGING
 11 .debug_aranges 00000580  00000000  00000000  00011d60  2**3
                  CONTENTS, READONLY, DEBUGGING
 12 .debug_ranges 00000510  00000000  00000000  000122e0  2**3
                  CONTENTS, READONLY, DEBUGGING
 13 .debug_line   000064c9  00000000  00000000  000127f0  2**0
                  CONTENTS, READONLY, DEBUGGING
 14 .debug_str    00001cdf  00000000  00000000  00018cb9  2**0
                  CONTENTS, READONLY, DEBUGGING
 15 .comment      00000033  00000000  00000000  0001a998  2**0
                  CONTENTS, READONLY
 16 .debug_frame  00000ba8  00000000  00000000  0001a9cc  2**2
                  CONTENTS, READONLY, DEBUGGING
SYMBOL TABLE:
00000000 l    d  .init	00000000 .init
000000a0 l    d  .text	00000000 .text
00001104 l    d  .fini	00000000 .fini
20000000 l    d  .dalign	00000000 .dalign
00001104 l    d  .dlalign	00000000 .dlalign
20000000 l    d  .data	00000000 .data
20000028 l    d  .bss	00000000 .bss
20000700 l    d  .stack	00000000 .stack
00000000 l    d  .debug_info	00000000 .debug_info
00000000 l    d  .debug_abbrev	00000000 .debug_abbrev
00000000 l    d  .debug_loc	00000000 .debug_loc
00000000 l    d  .debug_aranges	00000000 .debug_aranges
00000000 l    d  .debug_ranges	00000000 .debug_ranges
00000000 l    d  .debug_line	00000000 .debug_line
00000000 l    d  .debug_str	00000000 .debug_str
00000000 l    d  .comment	00000000 .comment
00000000 l    d  .debug_frame	00000000 .debug_frame
00000000 l    df *ABS*	00000000 ind7a_brd.c
00000000 l    df *ABS*	00000000 ch32v00x_it.c
00000000 l    df *ABS*	00000000 main.c
00000000 l    df *ABS*	00000000 system_ch32v00x.c
00000000 l    df *ABS*	00000000 ch32v00x_dbgmcu.c
00000000 l    df *ABS*	00000000 ch32v00x_gpio.c
00000000 l    df *ABS*	00000000 ch32v00x_i2c.c
00000000 l    df *ABS*	00000000 ch32v00x_misc.c
00000000 l    df *ABS*	00000000 ch32v00x_rcc.c
20000004 l     O .data	00000014 ADCPrescTable
20000018 l     O .data	00000010 APBAHBPrescTable
00000000 l    df *ABS*	00000000 ch32v00x_usart.c
00000000 l    df *ABS*	00000000 debug.c
2000002c l     O .bss	00000002 p_ms
2000002e l     O .bss	00000001 p_us
00000000 l    df *ABS*	00000000 wchprintf.c
00000d52  w    F .text	00000004 printDouble
00000d56  w    F .text	00000352 print
000010a8  w    F .text	00000022 printf
20000828 g       .data	00000000 __global_pointer$
00000598  w      .text	00000000 TIM1_CC_IRQHandler
0000032a g     F .text	00000002 HardFault_Handler
00000c40  w    F .text	0000010e printInt
0000056a  w      .text	00000000 SysTick_Handler
00000220 g     F .text	0000001a set_cath_a
00000570  w      .text	00000000 PVD_IRQHandler
00000326 g     F .text	00000004 NMI_Handler
00000620 g     F .text	0000000a DBGMCU_GetCHIPID
000009ee g     F .text	0000000a USART_GetFlagStatus
20000028 g       .bss	00000000 _sbss
00000100 g       *ABS*	00000000 __stack_size
00000a72 g     F .text	00000054 USART_Printf_Init
000000aa g     F .text	0000000a .hidden __riscv_restore_2
00000d4e  w    F .text	00000004 printLongLongInt
000002ca g     F .text	0000005c set_caths
20000000 g     O .data	00000004 SystemCoreClock
000000d4 g     F .text	0000002c .hidden __udivsi3
000000a0 g       .init	00000000 _einit
000008c8 g     F .text	0000001e RCC_APB2PeriphClockCmd
00000804 g     F .text	0000001e I2C_DMACmd
0000062a g     F .text	000000d6 GPIO_Init
0000026a g     F .text	00000018 set_cath_d
20000028 g     O .bss	00000004 NVIC_Priority_Group
00000590  w      .text	00000000 SPI1_IRQHandler
000009d0 g     F .text	00000016 USART_Cmd
000000a0 g     F .text	0000000a .hidden __riscv_save_1
000000aa g     F .text	0000000a .hidden __riscv_restore_0
00000578  w      .text	00000000 AWU_IRQHandler
00000576  w      .text	00000000 EXTI7_0_IRQHandler
000008e6 g     F .text	0000001e RCC_APB1PeriphClockCmd
20000700 g       .stack	00000000 _heap_end
00000580  w      .text	00000000 DMA1_Channel4_IRQHandler
00000588  w      .text	00000000 ADC1_IRQHandler
0000070a g     F .text	000000e2 I2C_Init
20000030 g       .bss	00000000 _ebss
00000586  w      .text	00000000 DMA1_Channel7_IRQHandler
0000023a g     F .text	0000001a set_cath_b
000009f8 g     F .text	0000003c Delay_Init
00000700 g     F .text	0000000a GPIO_WriteBit
00000100 g     F .text	00000008 .hidden __umodsi3
0000058a  w      .text	00000000 I2C1_EV_IRQHandler
0000082c g     F .text	0000009c RCC_GetClocksFreq
00000584  w      .text	00000000 DMA1_Channel6_IRQHandler
00000904 g     F .text	000000cc USART_Init
00000298 g     F .text	00000018 set_cath_f
00000574  w      .text	00000000 RCC_IRQHandler
00000596  w      .text	00000000 TIM1_TRG_COM_IRQHandler
0000057a  w      .text	00000000 DMA1_Channel1_IRQHandler
00000000 g       .init	00000000 _start
000010ec g     O .text	00000010 AHBPrescTable
00000b5a  w    F .text	000000e6 prints
000000b4 g     F .text	00000014 .hidden __mulsi3
000007ec g     F .text	00000018 I2C_Cmd
20000000 g       .dalign	00000000 _data_vma
0000032c g     F .text	00000076 USARTx_CFG
0000042a g     F .text	0000005c main
000003a2 g     F .text	00000088 IIC_Init
00000582  w      .text	00000000 DMA1_Channel5_IRQHandler
000000cc g     F .text	00000058 .hidden __divsi3
00000a34 g     F .text	0000003e Delay_Ms
00000486 g     F .text	0000007e SystemInit
00000b12  w    F .text	00000048 printchar
00000000 g       .init	00000000 _sinit
00000254 g     F .text	00000016 set_cath_c
0000057e  w      .text	00000000 DMA1_Channel3_IRQHandler
00000594  w      .text	00000000 TIM1_UP_IRQHandler
0000056e  w      .text	00000000 WWDG_IRQHandler
0000059a  w      .text	00000000 TIM2_IRQHandler
20000800 g       .stack	00000000 _eusrstack
000000a0 g     F .text	0000000a .hidden __riscv_save_2
0000056c  w      .text	00000000 SW_Handler
00000592  w      .text	00000000 TIM1_BRK_IRQHandler
000009e6 g     F .text	00000008 USART_SendData
000002b0 g     F .text	0000001a set_cath_g
00000ac6 g     F .text	0000004c _write
20000028 g       .data	00000000 _edata
20000030 g       .bss	00000000 _end
00001104 g       .dlalign	00000000 _data_lma
00000504 g     F .text	00000062 SystemCoreClockUpdate
00000124 g     F .text	00000024 .hidden __modsi3
0000057c  w      .text	00000000 DMA1_Channel2_IRQHandler
00000282 g     F .text	00000016 set_cath_e
0000059c  w      .text	00000000 handle_reset
00000572  w      .text	00000000 FLASH_IRQHandler
000000a0 g     F .text	0000000a .hidden __riscv_save_0
0000058e  w      .text	00000000 USART1_IRQHandler
0000014a g     F .text	000000d6 init_gpio
0000058c  w      .text	00000000 I2C1_ER_IRQHandler
00000822 g     F .text	0000000a NVIC_PriorityGroupConfig
000000aa g     F .text	0000000a .hidden __riscv_restore_1



Disassembly of section .init:

00000000 <_sinit>:
   0:	59c0006f          	j	59c <handle_reset>
   4:	0000                	unimp
   6:	0000                	unimp
   8:	0326                	slli	t1,t1,0x9
   a:	0000                	unimp
   c:	032a                	slli	t1,t1,0xa
	...
  2e:	0000                	unimp
  30:	056a                	slli	a0,a0,0x1a
  32:	0000                	unimp
  34:	0000                	unimp
  36:	0000                	unimp
  38:	056c                	addi	a1,sp,652
  3a:	0000                	unimp
  3c:	0000                	unimp
  3e:	0000                	unimp
  40:	056e                	slli	a0,a0,0x1b
  42:	0000                	unimp
  44:	0570                	addi	a2,sp,652
  46:	0000                	unimp
  48:	0572                	slli	a0,a0,0x1c
  4a:	0000                	unimp
  4c:	0574                	addi	a3,sp,652
  4e:	0000                	unimp
  50:	0576                	slli	a0,a0,0x1d
  52:	0000                	unimp
  54:	0578                	addi	a4,sp,652
  56:	0000                	unimp
  58:	057a                	slli	a0,a0,0x1e
  5a:	0000                	unimp
  5c:	057c                	addi	a5,sp,652
  5e:	0000                	unimp
  60:	057e                	slli	a0,a0,0x1f
  62:	0000                	unimp
  64:	0580                	addi	s0,sp,704
  66:	0000                	unimp
  68:	0582                	c.slli64	a1
  6a:	0000                	unimp
  6c:	0584                	addi	s1,sp,704
  6e:	0000                	unimp
  70:	0586                	slli	a1,a1,0x1
  72:	0000                	unimp
  74:	0588                	addi	a0,sp,704
  76:	0000                	unimp
  78:	058a                	slli	a1,a1,0x2
  7a:	0000                	unimp
  7c:	058c                	addi	a1,sp,704
  7e:	0000                	unimp
  80:	058e                	slli	a1,a1,0x3
  82:	0000                	unimp
  84:	0590                	addi	a2,sp,704
  86:	0000                	unimp
  88:	0592                	slli	a1,a1,0x4
  8a:	0000                	unimp
  8c:	0594                	addi	a3,sp,704
  8e:	0000                	unimp
  90:	0596                	slli	a1,a1,0x5
  92:	0000                	unimp
  94:	0598                	addi	a4,sp,704
  96:	0000                	unimp
  98:	059a                	slli	a1,a1,0x6
  9a:	0000                	unimp
  9c:	0000                	unimp
	...

Disassembly of section .text:

000000a0 <__riscv_save_0>:
      a0:	1151                	addi	sp,sp,-12
      a2:	c026                	sw	s1,0(sp)
      a4:	c222                	sw	s0,4(sp)
      a6:	c406                	sw	ra,8(sp)
      a8:	8282                	jr	t0

000000aa <__riscv_restore_0>:
      aa:	4482                	lw	s1,0(sp)
      ac:	4412                	lw	s0,4(sp)
      ae:	40a2                	lw	ra,8(sp)
      b0:	0131                	addi	sp,sp,12
      b2:	8082                	ret

000000b4 <__mulsi3>:
      b4:	862a                	mv	a2,a0
      b6:	4501                	li	a0,0
      b8:	0015f693          	andi	a3,a1,1
      bc:	c291                	beqz	a3,c0 <__mulsi3+0xc>
      be:	9532                	add	a0,a0,a2
      c0:	8185                	srli	a1,a1,0x1
      c2:	0606                	slli	a2,a2,0x1
      c4:	f9f5                	bnez	a1,b8 <__mulsi3+0x4>
      c6:	8082                	ret
      c8:	0000                	unimp
	...

000000cc <__divsi3>:
      cc:	02054e63          	bltz	a0,108 <__umodsi3+0x8>
      d0:	0405c363          	bltz	a1,116 <__umodsi3+0x16>

000000d4 <__udivsi3>:
      d4:	862e                	mv	a2,a1
      d6:	85aa                	mv	a1,a0
      d8:	557d                	li	a0,-1
      da:	c215                	beqz	a2,fe <__udivsi3+0x2a>
      dc:	4685                	li	a3,1
      de:	00b67863          	bgeu	a2,a1,ee <__udivsi3+0x1a>
      e2:	00c05663          	blez	a2,ee <__udivsi3+0x1a>
      e6:	0606                	slli	a2,a2,0x1
      e8:	0686                	slli	a3,a3,0x1
      ea:	feb66ce3          	bltu	a2,a1,e2 <__udivsi3+0xe>
      ee:	4501                	li	a0,0
      f0:	00c5e463          	bltu	a1,a2,f8 <__udivsi3+0x24>
      f4:	8d91                	sub	a1,a1,a2
      f6:	8d55                	or	a0,a0,a3
      f8:	8285                	srli	a3,a3,0x1
      fa:	8205                	srli	a2,a2,0x1
      fc:	faf5                	bnez	a3,f0 <__udivsi3+0x1c>
      fe:	8082                	ret

00000100 <__umodsi3>:
     100:	8286                	mv	t0,ra
     102:	3fc9                	jal	d4 <__udivsi3>
     104:	852e                	mv	a0,a1
     106:	8282                	jr	t0
     108:	40a00533          	neg	a0,a0
     10c:	0005d763          	bgez	a1,11a <__umodsi3+0x1a>
     110:	40b005b3          	neg	a1,a1
     114:	b7c1                	j	d4 <__udivsi3>
     116:	40b005b3          	neg	a1,a1
     11a:	8286                	mv	t0,ra
     11c:	3f65                	jal	d4 <__udivsi3>
     11e:	40a00533          	neg	a0,a0
     122:	8282                	jr	t0

00000124 <__modsi3>:
     124:	8286                	mv	t0,ra
     126:	0005c763          	bltz	a1,134 <__modsi3+0x10>
     12a:	00054963          	bltz	a0,13c <__modsi3+0x18>
     12e:	375d                	jal	d4 <__udivsi3>
     130:	852e                	mv	a0,a1
     132:	8282                	jr	t0
     134:	40b005b3          	neg	a1,a1
     138:	fe055be3          	bgez	a0,12e <__modsi3+0xa>
     13c:	40a00533          	neg	a0,a0
     140:	3f51                	jal	d4 <__udivsi3>
     142:	40b00533          	neg	a0,a1
     146:	8282                	jr	t0
	...

0000014a <init_gpio>:
     14a:	f57ff2ef          	jal	t0,a0 <__riscv_save_0>
     14e:	1141                	addi	sp,sp,-16
     150:	4585                	li	a1,1
     152:	4511                	li	a0,4
     154:	c202                	sw	zero,4(sp)
     156:	c402                	sw	zero,8(sp)
     158:	c602                	sw	zero,12(sp)
     15a:	76e000ef          	jal	ra,8c8 <RCC_APB2PeriphClockCmd>
     15e:	4585                	li	a1,1
     160:	4541                	li	a0,16
     162:	766000ef          	jal	ra,8c8 <RCC_APB2PeriphClockCmd>
     166:	4585                	li	a1,1
     168:	02000513          	li	a0,32
     16c:	75c000ef          	jal	ra,8c8 <RCC_APB2PeriphClockCmd>
     170:	4409                	li	s0,2
     172:	44d1                	li	s1,20
     174:	08000793          	li	a5,128
     178:	004c                	addi	a1,sp,4
     17a:	40011537          	lui	a0,0x40011
     17e:	827c                	sh	a5,4(sp)
     180:	c626                	sw	s1,12(sp)
     182:	c422                	sw	s0,8(sp)
     184:	215d                	jal	62a <GPIO_Init>
     186:	400117b7          	lui	a5,0x40011
     18a:	004c                	addi	a1,sp,4
     18c:	80078513          	addi	a0,a5,-2048 # 40010800 <__global_pointer$+0x2000ffd8>
     190:	8260                	sh	s0,4(sp)
     192:	c626                	sw	s1,12(sp)
     194:	c422                	sw	s0,8(sp)
     196:	2951                	jal	62a <GPIO_Init>
     198:	4791                	li	a5,4
     19a:	827c                	sh	a5,4(sp)
     19c:	c03e                	sw	a5,0(sp)
     19e:	400117b7          	lui	a5,0x40011
     1a2:	004c                	addi	a1,sp,4
     1a4:	80078513          	addi	a0,a5,-2048 # 40010800 <__global_pointer$+0x2000ffd8>
     1a8:	c626                	sw	s1,12(sp)
     1aa:	c422                	sw	s0,8(sp)
     1ac:	29bd                	jal	62a <GPIO_Init>
     1ae:	4782                	lw	a5,0(sp)
     1b0:	004c                	addi	a1,sp,4
     1b2:	c626                	sw	s1,12(sp)
     1b4:	827c                	sh	a5,4(sp)
     1b6:	400117b7          	lui	a5,0x40011
     1ba:	40078513          	addi	a0,a5,1024 # 40011400 <__global_pointer$+0x20010bd8>
     1be:	c422                	sw	s0,8(sp)
     1c0:	21ad                	jal	62a <GPIO_Init>
     1c2:	4785                	li	a5,1
     1c4:	004c                	addi	a1,sp,4
     1c6:	40011537          	lui	a0,0x40011
     1ca:	827c                	sh	a5,4(sp)
     1cc:	c03e                	sw	a5,0(sp)
     1ce:	c626                	sw	s1,12(sp)
     1d0:	c422                	sw	s0,8(sp)
     1d2:	29a1                	jal	62a <GPIO_Init>
     1d4:	02000713          	li	a4,32
     1d8:	004c                	addi	a1,sp,4
     1da:	40011537          	lui	a0,0x40011
     1de:	8278                	sh	a4,4(sp)
     1e0:	c626                	sw	s1,12(sp)
     1e2:	c422                	sw	s0,8(sp)
     1e4:	2199                	jal	62a <GPIO_Init>
     1e6:	4741                	li	a4,16
     1e8:	004c                	addi	a1,sp,4
     1ea:	40011537          	lui	a0,0x40011
     1ee:	8278                	sh	a4,4(sp)
     1f0:	c626                	sw	s1,12(sp)
     1f2:	c422                	sw	s0,8(sp)
     1f4:	291d                	jal	62a <GPIO_Init>
     1f6:	04000713          	li	a4,64
     1fa:	004c                	addi	a1,sp,4
     1fc:	40011537          	lui	a0,0x40011
     200:	8278                	sh	a4,4(sp)
     202:	c626                	sw	s1,12(sp)
     204:	c422                	sw	s0,8(sp)
     206:	2115                	jal	62a <GPIO_Init>
     208:	4782                	lw	a5,0(sp)
     20a:	004c                	addi	a1,sp,4
     20c:	c626                	sw	s1,12(sp)
     20e:	827c                	sh	a5,4(sp)
     210:	400117b7          	lui	a5,0x40011
     214:	40078513          	addi	a0,a5,1024 # 40011400 <__global_pointer$+0x20010bd8>
     218:	c422                	sw	s0,8(sp)
     21a:	2901                	jal	62a <GPIO_Init>
     21c:	0141                	addi	sp,sp,16
     21e:	b571                	j	aa <__riscv_restore_0>

00000220 <set_cath_a>:
     220:	e81ff2ef          	jal	t0,a0 <__riscv_save_0>
     224:	8905                	andi	a0,a0,1
     226:	4605                	li	a2,1
     228:	e111                	bnez	a0,22c <set_cath_a+0xc>
     22a:	4601                	li	a2,0
     22c:	40011537          	lui	a0,0x40011
     230:	4591                	li	a1,4
     232:	80050513          	addi	a0,a0,-2048 # 40010800 <__global_pointer$+0x2000ffd8>
     236:	21e9                	jal	700 <GPIO_WriteBit>
     238:	bd8d                	j	aa <__riscv_restore_0>

0000023a <set_cath_b>:
     23a:	e67ff2ef          	jal	t0,a0 <__riscv_save_0>
     23e:	8905                	andi	a0,a0,1
     240:	4605                	li	a2,1
     242:	e111                	bnez	a0,246 <set_cath_b+0xc>
     244:	4601                	li	a2,0
     246:	40011537          	lui	a0,0x40011
     24a:	4591                	li	a1,4
     24c:	40050513          	addi	a0,a0,1024 # 40011400 <__global_pointer$+0x20010bd8>
     250:	2945                	jal	700 <GPIO_WriteBit>
     252:	bda1                	j	aa <__riscv_restore_0>

00000254 <set_cath_c>:
     254:	e4dff2ef          	jal	t0,a0 <__riscv_save_0>
     258:	8905                	andi	a0,a0,1
     25a:	4605                	li	a2,1
     25c:	e111                	bnez	a0,260 <set_cath_c+0xc>
     25e:	4601                	li	a2,0
     260:	4585                	li	a1,1
     262:	40011537          	lui	a0,0x40011
     266:	2969                	jal	700 <GPIO_WriteBit>
     268:	b589                	j	aa <__riscv_restore_0>

0000026a <set_cath_d>:
     26a:	e37ff2ef          	jal	t0,a0 <__riscv_save_0>
     26e:	8905                	andi	a0,a0,1
     270:	4605                	li	a2,1
     272:	e111                	bnez	a0,276 <set_cath_d+0xc>
     274:	4601                	li	a2,0
     276:	02000593          	li	a1,32
     27a:	40011537          	lui	a0,0x40011
     27e:	2149                	jal	700 <GPIO_WriteBit>
     280:	b52d                	j	aa <__riscv_restore_0>

00000282 <set_cath_e>:
     282:	e1fff2ef          	jal	t0,a0 <__riscv_save_0>
     286:	8905                	andi	a0,a0,1
     288:	4605                	li	a2,1
     28a:	e111                	bnez	a0,28e <set_cath_e+0xc>
     28c:	4601                	li	a2,0
     28e:	45c1                	li	a1,16
     290:	40011537          	lui	a0,0x40011
     294:	21b5                	jal	700 <GPIO_WriteBit>
     296:	bd11                	j	aa <__riscv_restore_0>

00000298 <set_cath_f>:
     298:	e09ff2ef          	jal	t0,a0 <__riscv_save_0>
     29c:	8905                	andi	a0,a0,1
     29e:	4605                	li	a2,1
     2a0:	e111                	bnez	a0,2a4 <set_cath_f+0xc>
     2a2:	4601                	li	a2,0
     2a4:	04000593          	li	a1,64
     2a8:	40011537          	lui	a0,0x40011
     2ac:	2991                	jal	700 <GPIO_WriteBit>
     2ae:	bbf5                	j	aa <__riscv_restore_0>

000002b0 <set_cath_g>:
     2b0:	df1ff2ef          	jal	t0,a0 <__riscv_save_0>
     2b4:	8905                	andi	a0,a0,1
     2b6:	4605                	li	a2,1
     2b8:	e111                	bnez	a0,2bc <set_cath_g+0xc>
     2ba:	4601                	li	a2,0
     2bc:	40011537          	lui	a0,0x40011
     2c0:	4585                	li	a1,1
     2c2:	40050513          	addi	a0,a0,1024 # 40011400 <__global_pointer$+0x20010bd8>
     2c6:	292d                	jal	700 <GPIO_WriteBit>
     2c8:	b3cd                	j	aa <__riscv_restore_0>

000002ca <set_caths>:
     2ca:	dd7ff2ef          	jal	t0,a0 <__riscv_save_0>
     2ce:	00157793          	andi	a5,a0,1
     2d2:	842a                	mv	s0,a0
     2d4:	4505                	li	a0,1
     2d6:	e391                	bnez	a5,2da <set_caths+0x10>
     2d8:	4501                	li	a0,0
     2da:	3799                	jal	220 <set_cath_a>
     2dc:	00247793          	andi	a5,s0,2
     2e0:	4505                	li	a0,1
     2e2:	e391                	bnez	a5,2e6 <set_caths+0x1c>
     2e4:	4501                	li	a0,0
     2e6:	3f91                	jal	23a <set_cath_b>
     2e8:	00447793          	andi	a5,s0,4
     2ec:	4505                	li	a0,1
     2ee:	e391                	bnez	a5,2f2 <set_caths+0x28>
     2f0:	4501                	li	a0,0
     2f2:	378d                	jal	254 <set_cath_c>
     2f4:	00847793          	andi	a5,s0,8
     2f8:	4505                	li	a0,1
     2fa:	e391                	bnez	a5,2fe <set_caths+0x34>
     2fc:	4501                	li	a0,0
     2fe:	37b5                	jal	26a <set_cath_d>
     300:	01047793          	andi	a5,s0,16
     304:	4505                	li	a0,1
     306:	e391                	bnez	a5,30a <set_caths+0x40>
     308:	4501                	li	a0,0
     30a:	3fa5                	jal	282 <set_cath_e>
     30c:	02047793          	andi	a5,s0,32
     310:	4505                	li	a0,1
     312:	e391                	bnez	a5,316 <set_caths+0x4c>
     314:	4501                	li	a0,0
     316:	3749                	jal	298 <set_cath_f>
     318:	04047413          	andi	s0,s0,64
     31c:	4505                	li	a0,1
     31e:	e011                	bnez	s0,322 <set_caths+0x58>
     320:	4501                	li	a0,0
     322:	3779                	jal	2b0 <set_cath_g>
     324:	b359                	j	aa <__riscv_restore_0>

00000326 <NMI_Handler>:
     326:	30200073          	mret

0000032a <HardFault_Handler>:
     32a:	a001                	j	32a <HardFault_Handler>

0000032c <USARTx_CFG>:
     32c:	d75ff2ef          	jal	t0,a0 <__riscv_save_0>
     330:	6511                	lui	a0,0x4
     332:	1111                	addi	sp,sp,-28
     334:	4585                	li	a1,1
     336:	02050513          	addi	a0,a0,32 # 4020 <_data_lma+0x2f1c>
     33a:	c002                	sw	zero,0(sp)
     33c:	c202                	sw	zero,4(sp)
     33e:	c402                	sw	zero,8(sp)
     340:	c602                	sw	zero,12(sp)
     342:	c802                	sw	zero,16(sp)
     344:	ca02                	sw	zero,20(sp)
     346:	cc02                	sw	zero,24(sp)
     348:	2341                	jal	8c8 <RCC_APB2PeriphClockCmd>
     34a:	02000793          	li	a5,32
     34e:	807c                	sh	a5,0(sp)
     350:	40011437          	lui	s0,0x40011
     354:	478d                	li	a5,3
     356:	c23e                	sw	a5,4(sp)
     358:	858a                	mv	a1,sp
     35a:	47e1                	li	a5,24
     35c:	40040513          	addi	a0,s0,1024 # 40011400 <__global_pointer$+0x20010bd8>
     360:	c43e                	sw	a5,8(sp)
     362:	24e1                	jal	62a <GPIO_Init>
     364:	04000793          	li	a5,64
     368:	807c                	sh	a5,0(sp)
     36a:	858a                	mv	a1,sp
     36c:	4791                	li	a5,4
     36e:	40040513          	addi	a0,s0,1024
     372:	c43e                	sw	a5,8(sp)
     374:	2c5d                	jal	62a <GPIO_Init>
     376:	67f1                	lui	a5,0x1c
     378:	40014437          	lui	s0,0x40014
     37c:	20078793          	addi	a5,a5,512 # 1c200 <_data_lma+0x1b0fc>
     380:	c63e                	sw	a5,12(sp)
     382:	006c                	addi	a1,sp,12
     384:	000c07b7          	lui	a5,0xc0
     388:	80040513          	addi	a0,s0,-2048 # 40013800 <__global_pointer$+0x20012fd8>
     38c:	ca3e                	sw	a5,20(sp)
     38e:	c802                	sw	zero,16(sp)
     390:	00011c23          	sh	zero,24(sp)
     394:	2b85                	jal	904 <USART_Init>
     396:	4585                	li	a1,1
     398:	80040513          	addi	a0,s0,-2048
     39c:	2d15                	jal	9d0 <USART_Cmd>
     39e:	0171                	addi	sp,sp,28
     3a0:	b329                	j	aa <__riscv_restore_0>

000003a2 <IIC_Init>:
     3a2:	cffff2ef          	jal	t0,a0 <__riscv_save_0>
     3a6:	fdc10113          	addi	sp,sp,-36
     3aa:	c22a                	sw	a0,4(sp)
     3ac:	c02e                	sw	a1,0(sp)
     3ae:	4545                	li	a0,17
     3b0:	4585                	li	a1,1
     3b2:	c402                	sw	zero,8(sp)
     3b4:	c602                	sw	zero,12(sp)
     3b6:	c802                	sw	zero,16(sp)
     3b8:	ca02                	sw	zero,20(sp)
     3ba:	cc02                	sw	zero,24(sp)
     3bc:	ce02                	sw	zero,28(sp)
     3be:	d002                	sw	zero,32(sp)
     3c0:	2321                	jal	8c8 <RCC_APB2PeriphClockCmd>
     3c2:	4585                	li	a1,1
     3c4:	00200537          	lui	a0,0x200
     3c8:	2b39                	jal	8e6 <RCC_APB1PeriphClockCmd>
     3ca:	4691                	li	a3,4
     3cc:	44f1                	li	s1,28
     3ce:	440d                	li	s0,3
     3d0:	002c                	addi	a1,sp,8
     3d2:	40011537          	lui	a0,0x40011
     3d6:	8474                	sh	a3,8(sp)
     3d8:	c826                	sw	s1,16(sp)
     3da:	c622                	sw	s0,12(sp)
     3dc:	24b9                	jal	62a <GPIO_Init>
     3de:	4689                	li	a3,2
     3e0:	002c                	addi	a1,sp,8
     3e2:	40011537          	lui	a0,0x40011
     3e6:	8474                	sh	a3,8(sp)
     3e8:	c826                	sw	s1,16(sp)
     3ea:	c622                	sw	s0,12(sp)
     3ec:	2c3d                	jal	62a <GPIO_Init>
     3ee:	4782                	lw	a5,0(sp)
     3f0:	4712                	lw	a4,4(sp)
     3f2:	40005437          	lui	s0,0x40005
     3f6:	86fc                	sh	a5,28(sp)
     3f8:	40000793          	li	a5,1024
     3fc:	ca3a                	sw	a4,20(sp)
     3fe:	87fc                	sh	a5,30(sp)
     400:	40000737          	lui	a4,0x40000
     404:	6791                	lui	a5,0x4
     406:	084c                	addi	a1,sp,20
     408:	40040513          	addi	a0,s0,1024 # 40005400 <__global_pointer$+0x20004bd8>
     40c:	cc3a                	sw	a4,24(sp)
     40e:	02f11023          	sh	a5,32(sp)
     412:	2ce5                	jal	70a <I2C_Init>
     414:	40040513          	addi	a0,s0,1024
     418:	4585                	li	a1,1
     41a:	26ed                	jal	804 <I2C_DMACmd>
     41c:	4585                	li	a1,1
     41e:	40040513          	addi	a0,s0,1024
     422:	26e9                	jal	7ec <I2C_Cmd>
     424:	02410113          	addi	sp,sp,36
     428:	b149                	j	aa <__riscv_restore_0>

0000042a <main>:
     42a:	c77ff2ef          	jal	t0,a0 <__riscv_save_0>
     42e:	4509                	li	a0,2
     430:	2ecd                	jal	822 <NVIC_PriorityGroupConfig>
     432:	28c9                	jal	504 <SystemCoreClockUpdate>
     434:	23d1                	jal	9f8 <Delay_Init>
     436:	6571                	lui	a0,0x1c
     438:	20050513          	addi	a0,a0,512 # 1c200 <_data_lma+0x1b0fc>
     43c:	2d1d                	jal	a72 <USART_Printf_Init>
     43e:	200007b7          	lui	a5,0x20000
     442:	0007a583          	lw	a1,0(a5) # 20000000 <_data_vma>
     446:	00001537          	lui	a0,0x1
     44a:	0cc50513          	addi	a0,a0,204 # 10cc <printf+0x24>
     44e:	45b000ef          	jal	ra,10a8 <printf>
     452:	22f9                	jal	620 <DBGMCU_GetCHIPID>
     454:	85aa                	mv	a1,a0
     456:	00001537          	lui	a0,0x1
     45a:	0dc50513          	addi	a0,a0,220 # 10dc <printf+0x34>
     45e:	44b000ef          	jal	ra,10a8 <printf>
     462:	35e9                	jal	32c <USARTx_CFG>
     464:	31dd                	jal	14a <init_gpio>
     466:	6551                	lui	a0,0x14
     468:	4589                	li	a1,2
     46a:	88050513          	addi	a0,a0,-1920 # 13880 <_data_lma+0x1277c>
     46e:	3f15                	jal	3a2 <IIC_Init>
     470:	4401                	li	s0,0
     472:	00f47513          	andi	a0,s0,15
     476:	3d91                	jal	2ca <set_caths>
     478:	0405                	addi	s0,s0,1
     47a:	1f400513          	li	a0,500
     47e:	0ff47413          	andi	s0,s0,255
     482:	2b4d                	jal	a34 <Delay_Ms>
     484:	b7fd                	j	472 <main+0x48>

00000486 <SystemInit>:
     486:	400217b7          	lui	a5,0x40021
     48a:	4398                	lw	a4,0(a5)
     48c:	fcff06b7          	lui	a3,0xfcff0
     490:	00176713          	ori	a4,a4,1
     494:	c398                	sw	a4,0(a5)
     496:	43d8                	lw	a4,4(a5)
     498:	8f75                	and	a4,a4,a3
     49a:	c3d8                	sw	a4,4(a5)
     49c:	4398                	lw	a4,0(a5)
     49e:	fef706b7          	lui	a3,0xfef70
     4a2:	16fd                	addi	a3,a3,-1
     4a4:	8f75                	and	a4,a4,a3
     4a6:	c398                	sw	a4,0(a5)
     4a8:	4398                	lw	a4,0(a5)
     4aa:	fffc06b7          	lui	a3,0xfffc0
     4ae:	16fd                	addi	a3,a3,-1
     4b0:	8f75                	and	a4,a4,a3
     4b2:	c398                	sw	a4,0(a5)
     4b4:	43d8                	lw	a4,4(a5)
     4b6:	76c1                	lui	a3,0xffff0
     4b8:	16fd                	addi	a3,a3,-1
     4ba:	8f75                	and	a4,a4,a3
     4bc:	c3d8                	sw	a4,4(a5)
     4be:	009f0737          	lui	a4,0x9f0
     4c2:	c798                	sw	a4,8(a5)
     4c4:	4f98                	lw	a4,24(a5)
     4c6:	02076713          	ori	a4,a4,32
     4ca:	cf98                	sw	a4,24(a5)
     4cc:	40011737          	lui	a4,0x40011
     4d0:	40072683          	lw	a3,1024(a4) # 40011400 <__global_pointer$+0x20010bd8>
     4d4:	40070613          	addi	a2,a4,1024
     4d8:	f0f6f693          	andi	a3,a3,-241
     4dc:	40d72023          	sw	a3,1024(a4)
     4e0:	40072683          	lw	a3,1024(a4)
     4e4:	0806e693          	ori	a3,a3,128
     4e8:	40d72023          	sw	a3,1024(a4)
     4ec:	4709                	li	a4,2
     4ee:	ca18                	sw	a4,16(a2)
     4f0:	40022737          	lui	a4,0x40022
     4f4:	4314                	lw	a3,0(a4)
     4f6:	9af1                	andi	a3,a3,-4
     4f8:	c314                	sw	a3,0(a4)
     4fa:	4314                	lw	a3,0(a4)
     4fc:	c314                	sw	a3,0(a4)
     4fe:	43d8                	lw	a4,4(a5)
     500:	c3d8                	sw	a4,4(a5)
     502:	8082                	ret

00000504 <SystemCoreClockUpdate>:
     504:	b9dff2ef          	jal	t0,a0 <__riscv_save_0>
     508:	40021737          	lui	a4,0x40021
     50c:	435c                	lw	a5,4(a4)
     50e:	20000437          	lui	s0,0x20000
     512:	4691                	li	a3,4
     514:	8bb1                	andi	a5,a5,12
     516:	00040413          	mv	s0,s0
     51a:	00d78563          	beq	a5,a3,524 <SystemCoreClockUpdate+0x20>
     51e:	46a1                	li	a3,8
     520:	02d78d63          	beq	a5,a3,55a <SystemCoreClockUpdate+0x56>
     524:	016e37b7          	lui	a5,0x16e3
     528:	60078793          	addi	a5,a5,1536 # 16e3600 <_data_lma+0x16e24fc>
     52c:	c01c                	sw	a5,0(s0)
     52e:	400216b7          	lui	a3,0x40021
     532:	42dc                	lw	a5,4(a3)
     534:	4008                	lw	a0,0(s0)
     536:	8391                	srli	a5,a5,0x4
     538:	00f7f713          	andi	a4,a5,15
     53c:	6785                	lui	a5,0x1
     53e:	0ec78793          	addi	a5,a5,236 # 10ec <AHBPrescTable>
     542:	97ba                	add	a5,a5,a4
     544:	238c                	lbu	a1,0(a5)
     546:	42dc                	lw	a5,4(a3)
     548:	00b55733          	srl	a4,a0,a1
     54c:	0807f793          	andi	a5,a5,128
     550:	e399                	bnez	a5,556 <SystemCoreClockUpdate+0x52>
     552:	3649                	jal	d4 <__udivsi3>
     554:	872a                	mv	a4,a0
     556:	c018                	sw	a4,0(s0)
     558:	be89                	j	aa <__riscv_restore_0>
     55a:	435c                	lw	a5,4(a4)
     55c:	02dc77b7          	lui	a5,0x2dc7
     560:	c0078793          	addi	a5,a5,-1024 # 2dc6c00 <_data_lma+0x2dc5afc>
     564:	b7e1                	j	52c <SystemCoreClockUpdate+0x28>
     566:	a001                	j	566 <SystemCoreClockUpdate+0x62>
     568:	a001                	j	568 <SystemCoreClockUpdate+0x64>

0000056a <SysTick_Handler>:
     56a:	a001                	j	56a <SysTick_Handler>

0000056c <SW_Handler>:
     56c:	a001                	j	56c <SW_Handler>

0000056e <WWDG_IRQHandler>:
     56e:	a001                	j	56e <WWDG_IRQHandler>

00000570 <PVD_IRQHandler>:
     570:	a001                	j	570 <PVD_IRQHandler>

00000572 <FLASH_IRQHandler>:
     572:	a001                	j	572 <FLASH_IRQHandler>

00000574 <RCC_IRQHandler>:
     574:	a001                	j	574 <RCC_IRQHandler>

00000576 <EXTI7_0_IRQHandler>:
     576:	a001                	j	576 <EXTI7_0_IRQHandler>

00000578 <AWU_IRQHandler>:
     578:	a001                	j	578 <AWU_IRQHandler>

0000057a <DMA1_Channel1_IRQHandler>:
     57a:	a001                	j	57a <DMA1_Channel1_IRQHandler>

0000057c <DMA1_Channel2_IRQHandler>:
     57c:	a001                	j	57c <DMA1_Channel2_IRQHandler>

0000057e <DMA1_Channel3_IRQHandler>:
     57e:	a001                	j	57e <DMA1_Channel3_IRQHandler>

00000580 <DMA1_Channel4_IRQHandler>:
     580:	a001                	j	580 <DMA1_Channel4_IRQHandler>

00000582 <DMA1_Channel5_IRQHandler>:
     582:	a001                	j	582 <DMA1_Channel5_IRQHandler>

00000584 <DMA1_Channel6_IRQHandler>:
     584:	a001                	j	584 <DMA1_Channel6_IRQHandler>

00000586 <DMA1_Channel7_IRQHandler>:
     586:	a001                	j	586 <DMA1_Channel7_IRQHandler>

00000588 <ADC1_IRQHandler>:
     588:	a001                	j	588 <ADC1_IRQHandler>

0000058a <I2C1_EV_IRQHandler>:
     58a:	a001                	j	58a <I2C1_EV_IRQHandler>

0000058c <I2C1_ER_IRQHandler>:
     58c:	a001                	j	58c <I2C1_ER_IRQHandler>

0000058e <USART1_IRQHandler>:
     58e:	a001                	j	58e <USART1_IRQHandler>

00000590 <SPI1_IRQHandler>:
     590:	a001                	j	590 <SPI1_IRQHandler>

00000592 <TIM1_BRK_IRQHandler>:
     592:	a001                	j	592 <TIM1_BRK_IRQHandler>

00000594 <TIM1_UP_IRQHandler>:
     594:	a001                	j	594 <TIM1_UP_IRQHandler>

00000596 <TIM1_TRG_COM_IRQHandler>:
     596:	a001                	j	596 <TIM1_TRG_COM_IRQHandler>

00000598 <TIM1_CC_IRQHandler>:
     598:	a001                	j	598 <TIM1_CC_IRQHandler>

0000059a <TIM2_IRQHandler>:
     59a:	a001                	j	59a <TIM2_IRQHandler>

0000059c <handle_reset>:
     59c:	20000197          	auipc	gp,0x20000
     5a0:	28c18193          	addi	gp,gp,652 # 20000828 <__global_pointer$>
     5a4:	fd818113          	addi	sp,gp,-40 # 20000800 <_eusrstack>
     5a8:	00001517          	auipc	a0,0x1
     5ac:	b5c50513          	addi	a0,a0,-1188 # 1104 <_data_lma>
     5b0:	20000597          	auipc	a1,0x20000
     5b4:	a5058593          	addi	a1,a1,-1456 # 20000000 <_data_vma>
     5b8:	20000617          	auipc	a2,0x20000
     5bc:	a7060613          	addi	a2,a2,-1424 # 20000028 <_edata>
     5c0:	00c5fa63          	bgeu	a1,a2,5d4 <handle_reset+0x38>
     5c4:	00052283          	lw	t0,0(a0)
     5c8:	0055a023          	sw	t0,0(a1)
     5cc:	0511                	addi	a0,a0,4
     5ce:	0591                	addi	a1,a1,4
     5d0:	fec5eae3          	bltu	a1,a2,5c4 <handle_reset+0x28>
     5d4:	20000517          	auipc	a0,0x20000
     5d8:	a5450513          	addi	a0,a0,-1452 # 20000028 <_edata>
     5dc:	80818593          	addi	a1,gp,-2040 # 20000030 <_ebss>
     5e0:	00b57763          	bgeu	a0,a1,5ee <handle_reset+0x52>
     5e4:	00052023          	sw	zero,0(a0)
     5e8:	0511                	addi	a0,a0,4
     5ea:	feb56de3          	bltu	a0,a1,5e4 <handle_reset+0x48>
     5ee:	08000293          	li	t0,128
     5f2:	30029073          	csrw	mstatus,t0
     5f6:	428d                	li	t0,3
     5f8:	80429073          	csrw	0x804,t0
     5fc:	00000297          	auipc	t0,0x0
     600:	a0428293          	addi	t0,t0,-1532 # 0 <_sinit>
     604:	0032e293          	ori	t0,t0,3
     608:	30529073          	csrw	mtvec,t0
     60c:	e7bff0ef          	jal	ra,486 <SystemInit>
     610:	00000297          	auipc	t0,0x0
     614:	e1a28293          	addi	t0,t0,-486 # 42a <main>
     618:	34129073          	csrw	mepc,t0
     61c:	30200073          	mret

00000620 <DBGMCU_GetCHIPID>:
     620:	1ffff7b7          	lui	a5,0x1ffff
     624:	7c47a503          	lw	a0,1988(a5) # 1ffff7c4 <_data_lma+0x1fffe6c0>
     628:	8082                	ret

0000062a <GPIO_Init>:
     62a:	459c                	lw	a5,8(a1)
     62c:	1161                	addi	sp,sp,-8
     62e:	c222                	sw	s0,4(sp)
     630:	c026                	sw	s1,0(sp)
     632:	0107f713          	andi	a4,a5,16
     636:	00f7f313          	andi	t1,a5,15
     63a:	c701                	beqz	a4,642 <GPIO_Init+0x18>
     63c:	41d8                	lw	a4,4(a1)
     63e:	00e36333          	or	t1,t1,a4
     642:	2192                	lhu	a2,0(a1)
     644:	0ff67713          	andi	a4,a2,255
     648:	c729                	beqz	a4,692 <GPIO_Init+0x68>
     64a:	00052383          	lw	t2,0(a0)
     64e:	4701                	li	a4,0
     650:	02800413          	li	s0,40
     654:	04800493          	li	s1,72
     658:	4685                	li	a3,1
     65a:	00e695b3          	sll	a1,a3,a4
     65e:	00b676b3          	and	a3,a2,a1
     662:	02d59263          	bne	a1,a3,686 <GPIO_Init+0x5c>
     666:	00271293          	slli	t0,a4,0x2
     66a:	46bd                	li	a3,15
     66c:	005696b3          	sll	a3,a3,t0
     670:	fff6c693          	not	a3,a3
     674:	0076f3b3          	and	t2,a3,t2
     678:	005312b3          	sll	t0,t1,t0
     67c:	0072e3b3          	or	t2,t0,t2
     680:	06879763          	bne	a5,s0,6ee <GPIO_Init+0xc4>
     684:	c94c                	sw	a1,20(a0)
     686:	0705                	addi	a4,a4,1
     688:	46a1                	li	a3,8
     68a:	fcd717e3          	bne	a4,a3,658 <GPIO_Init+0x2e>
     68e:	00752023          	sw	t2,0(a0)
     692:	0ff00713          	li	a4,255
     696:	04c77863          	bgeu	a4,a2,6e6 <GPIO_Init+0xbc>
     69a:	00452383          	lw	t2,4(a0)
     69e:	46a1                	li	a3,8
     6a0:	02800413          	li	s0,40
     6a4:	04800493          	li	s1,72
     6a8:	4705                	li	a4,1
     6aa:	00d712b3          	sll	t0,a4,a3
     6ae:	00567733          	and	a4,a2,t0
     6b2:	02e29463          	bne	t0,a4,6da <GPIO_Init+0xb0>
     6b6:	00269713          	slli	a4,a3,0x2
     6ba:	1701                	addi	a4,a4,-32
     6bc:	45bd                	li	a1,15
     6be:	00e595b3          	sll	a1,a1,a4
     6c2:	fff5c593          	not	a1,a1
     6c6:	0075f3b3          	and	t2,a1,t2
     6ca:	00e31733          	sll	a4,t1,a4
     6ce:	007763b3          	or	t2,a4,t2
     6d2:	02879263          	bne	a5,s0,6f6 <GPIO_Init+0xcc>
     6d6:	00552a23          	sw	t0,20(a0)
     6da:	0685                	addi	a3,a3,1
     6dc:	4741                	li	a4,16
     6de:	fce695e3          	bne	a3,a4,6a8 <GPIO_Init+0x7e>
     6e2:	00752223          	sw	t2,4(a0)
     6e6:	4412                	lw	s0,4(sp)
     6e8:	4482                	lw	s1,0(sp)
     6ea:	0121                	addi	sp,sp,8
     6ec:	8082                	ret
     6ee:	f8979ce3          	bne	a5,s1,686 <GPIO_Init+0x5c>
     6f2:	c90c                	sw	a1,16(a0)
     6f4:	bf49                	j	686 <GPIO_Init+0x5c>
     6f6:	fe9792e3          	bne	a5,s1,6da <GPIO_Init+0xb0>
     6fa:	00552823          	sw	t0,16(a0)
     6fe:	bff1                	j	6da <GPIO_Init+0xb0>

00000700 <GPIO_WriteBit>:
     700:	c219                	beqz	a2,706 <GPIO_WriteBit+0x6>
     702:	c90c                	sw	a1,16(a0)
     704:	8082                	ret
     706:	c94c                	sw	a1,20(a0)
     708:	8082                	ret

0000070a <I2C_Init>:
     70a:	997ff2ef          	jal	t0,a0 <__riscv_save_0>
     70e:	1111                	addi	sp,sp,-28
     710:	2146                	lhu	s1,4(a0)
     712:	842a                	mv	s0,a0
     714:	0028                	addi	a0,sp,8
     716:	c02e                	sw	a1,0(sp)
     718:	2a11                	jal	82c <RCC_GetClocksFreq>
     71a:	46c2                	lw	a3,16(sp)
     71c:	04c2                	slli	s1,s1,0x10
     71e:	80c1                	srli	s1,s1,0x10
     720:	fc04f493          	andi	s1,s1,-64
     724:	000f45b7          	lui	a1,0xf4
     728:	24058593          	addi	a1,a1,576 # f4240 <_data_lma+0xf313c>
     72c:	8536                	mv	a0,a3
     72e:	04c2                	slli	s1,s1,0x10
     730:	c236                	sw	a3,4(sp)
     732:	80c1                	srli	s1,s1,0x10
     734:	9a1ff0ef          	jal	ra,d4 <__udivsi3>
     738:	8d45                	or	a0,a0,s1
     73a:	0542                	slli	a0,a0,0x10
     73c:	8141                	srli	a0,a0,0x10
     73e:	a04a                	sh	a0,4(s0)
     740:	201e                	lhu	a5,0(s0)
     742:	4692                	lw	a3,4(sp)
     744:	07c2                	slli	a5,a5,0x10
     746:	83c1                	srli	a5,a5,0x10
     748:	9bf9                	andi	a5,a5,-2
     74a:	07c2                	slli	a5,a5,0x10
     74c:	83c1                	srli	a5,a5,0x10
     74e:	a01e                	sh	a5,0(s0)
     750:	4782                	lw	a5,0(sp)
     752:	4390                	lw	a2,0(a5)
     754:	67e1                	lui	a5,0x18
     756:	6a078793          	addi	a5,a5,1696 # 186a0 <_data_lma+0x1759c>
     75a:	00161593          	slli	a1,a2,0x1
     75e:	04c7e663          	bltu	a5,a2,7aa <I2C_Init+0xa0>
     762:	8536                	mv	a0,a3
     764:	971ff0ef          	jal	ra,d4 <__udivsi3>
     768:	87aa                	mv	a5,a0
     76a:	0542                	slli	a0,a0,0x10
     76c:	8141                	srli	a0,a0,0x10
     76e:	4691                	li	a3,4
     770:	00d57363          	bgeu	a0,a3,776 <I2C_Init+0x6c>
     774:	4791                	li	a5,4
     776:	01079513          	slli	a0,a5,0x10
     77a:	8141                	srli	a0,a0,0x10
     77c:	ac4a                	sh	a0,28(s0)
     77e:	201e                	lhu	a5,0(s0)
     780:	4702                	lw	a4,0(sp)
     782:	0017e793          	ori	a5,a5,1
     786:	a01e                	sh	a5,0(s0)
     788:	201e                	lhu	a5,0(s0)
     78a:	2356                	lhu	a3,4(a4)
     78c:	2732                	lhu	a2,10(a4)
     78e:	07c2                	slli	a5,a5,0x10
     790:	83c1                	srli	a5,a5,0x10
     792:	8ed1                	or	a3,a3,a2
     794:	bf57f793          	andi	a5,a5,-1035
     798:	8fd5                	or	a5,a5,a3
     79a:	a01e                	sh	a5,0(s0)
     79c:	2716                	lhu	a3,8(a4)
     79e:	275e                	lhu	a5,12(a4)
     7a0:	8fd5                	or	a5,a5,a3
     7a2:	a41e                	sh	a5,8(s0)
     7a4:	0171                	addi	sp,sp,28
     7a6:	905ff06f          	j	aa <__riscv_restore_0>
     7aa:	4782                	lw	a5,0(sp)
     7ac:	23ea                	lhu	a0,6(a5)
     7ae:	67b1                	lui	a5,0xc
     7b0:	17fd                	addi	a5,a5,-1
     7b2:	02f51063          	bne	a0,a5,7d2 <I2C_Init+0xc8>
     7b6:	95b2                	add	a1,a1,a2
     7b8:	8536                	mv	a0,a3
     7ba:	91bff0ef          	jal	ra,d4 <__udivsi3>
     7be:	0542                	slli	a0,a0,0x10
     7c0:	8141                	srli	a0,a0,0x10
     7c2:	01451793          	slli	a5,a0,0x14
     7c6:	e399                	bnez	a5,7cc <I2C_Init+0xc2>
     7c8:	00156513          	ori	a0,a0,1
     7cc:	67a1                	lui	a5,0x8
     7ce:	8d5d                	or	a0,a0,a5
     7d0:	b775                	j	77c <I2C_Init+0x72>
     7d2:	00c587b3          	add	a5,a1,a2
     7d6:	078e                	slli	a5,a5,0x3
     7d8:	00c785b3          	add	a1,a5,a2
     7dc:	8536                	mv	a0,a3
     7de:	8f7ff0ef          	jal	ra,d4 <__udivsi3>
     7e2:	0542                	slli	a0,a0,0x10
     7e4:	8141                	srli	a0,a0,0x10
     7e6:	6791                	lui	a5,0x4
     7e8:	8d5d                	or	a0,a0,a5
     7ea:	bfe1                	j	7c2 <I2C_Init+0xb8>

000007ec <I2C_Cmd>:
     7ec:	211e                	lhu	a5,0(a0)
     7ee:	c589                	beqz	a1,7f8 <I2C_Cmd+0xc>
     7f0:	0017e793          	ori	a5,a5,1
     7f4:	a11e                	sh	a5,0(a0)
     7f6:	8082                	ret
     7f8:	07c2                	slli	a5,a5,0x10
     7fa:	83c1                	srli	a5,a5,0x10
     7fc:	9bf9                	andi	a5,a5,-2
     7fe:	07c2                	slli	a5,a5,0x10
     800:	83c1                	srli	a5,a5,0x10
     802:	bfcd                	j	7f4 <I2C_Cmd+0x8>

00000804 <I2C_DMACmd>:
     804:	215a                	lhu	a4,4(a0)
     806:	c989                	beqz	a1,818 <I2C_DMACmd+0x14>
     808:	6785                	lui	a5,0x1
     80a:	80078793          	addi	a5,a5,-2048 # 800 <I2C_Cmd+0x14>
     80e:	8fd9                	or	a5,a5,a4
     810:	07c2                	slli	a5,a5,0x10
     812:	83c1                	srli	a5,a5,0x10
     814:	a15e                	sh	a5,4(a0)
     816:	8082                	ret
     818:	77fd                	lui	a5,0xfffff
     81a:	7ff78793          	addi	a5,a5,2047 # fffff7ff <__global_pointer$+0xdfffefd7>
     81e:	8ff9                	and	a5,a5,a4
     820:	bfd5                	j	814 <I2C_DMACmd+0x10>

00000822 <NVIC_PriorityGroupConfig>:
     822:	200007b7          	lui	a5,0x20000
     826:	02a7a423          	sw	a0,40(a5) # 20000028 <_edata>
     82a:	8082                	ret

0000082c <RCC_GetClocksFreq>:
     82c:	875ff2ef          	jal	t0,a0 <__riscv_save_0>
     830:	40021737          	lui	a4,0x40021
     834:	435c                	lw	a5,4(a4)
     836:	4691                	li	a3,4
     838:	842a                	mv	s0,a0
     83a:	8bb1                	andi	a5,a5,12
     83c:	00d78563          	beq	a5,a3,846 <RCC_GetClocksFreq+0x1a>
     840:	46a1                	li	a3,8
     842:	06d78d63          	beq	a5,a3,8bc <RCC_GetClocksFreq+0x90>
     846:	016e37b7          	lui	a5,0x16e3
     84a:	60078793          	addi	a5,a5,1536 # 16e3600 <_data_lma+0x16e24fc>
     84e:	c01c                	sw	a5,0(s0)
     850:	400216b7          	lui	a3,0x40021
     854:	42dc                	lw	a5,4(a3)
     856:	8391                	srli	a5,a5,0x4
     858:	00f7f713          	andi	a4,a5,15
     85c:	200007b7          	lui	a5,0x20000
     860:	01878793          	addi	a5,a5,24 # 20000018 <APBAHBPrescTable>
     864:	97ba                	add	a5,a5,a4
     866:	238c                	lbu	a1,0(a5)
     868:	42dc                	lw	a5,4(a3)
     86a:	4018                	lw	a4,0(s0)
     86c:	0ff5f593          	andi	a1,a1,255
     870:	0807f793          	andi	a5,a5,128
     874:	00b75533          	srl	a0,a4,a1
     878:	e781                	bnez	a5,880 <RCC_GetClocksFreq+0x54>
     87a:	853a                	mv	a0,a4
     87c:	859ff0ef          	jal	ra,d4 <__udivsi3>
     880:	c048                	sw	a0,4(s0)
     882:	c408                	sw	a0,8(s0)
     884:	c448                	sw	a0,12(s0)
     886:	400217b7          	lui	a5,0x40021
     88a:	43dc                	lw	a5,4(a5)
     88c:	83ad                	srli	a5,a5,0xb
     88e:	8bfd                	andi	a5,a5,31
     890:	0037d713          	srli	a4,a5,0x3
     894:	078a                	slli	a5,a5,0x2
     896:	8bf1                	andi	a5,a5,28
     898:	8fd9                	or	a5,a5,a4
     89a:	0137f693          	andi	a3,a5,19
     89e:	470d                	li	a4,3
     8a0:	00d77363          	bgeu	a4,a3,8a6 <RCC_GetClocksFreq+0x7a>
     8a4:	17d1                	addi	a5,a5,-12
     8a6:	20000737          	lui	a4,0x20000
     8aa:	00470713          	addi	a4,a4,4 # 20000004 <ADCPrescTable>
     8ae:	97ba                	add	a5,a5,a4
     8b0:	238c                	lbu	a1,0(a5)
     8b2:	823ff0ef          	jal	ra,d4 <__udivsi3>
     8b6:	c808                	sw	a0,16(s0)
     8b8:	ff2ff06f          	j	aa <__riscv_restore_0>
     8bc:	435c                	lw	a5,4(a4)
     8be:	02dc77b7          	lui	a5,0x2dc7
     8c2:	c0078793          	addi	a5,a5,-1024 # 2dc6c00 <_data_lma+0x2dc5afc>
     8c6:	b761                	j	84e <RCC_GetClocksFreq+0x22>

000008c8 <RCC_APB2PeriphClockCmd>:
     8c8:	c599                	beqz	a1,8d6 <RCC_APB2PeriphClockCmd+0xe>
     8ca:	40021737          	lui	a4,0x40021
     8ce:	4f1c                	lw	a5,24(a4)
     8d0:	8d5d                	or	a0,a0,a5
     8d2:	cf08                	sw	a0,24(a4)
     8d4:	8082                	ret
     8d6:	400217b7          	lui	a5,0x40021
     8da:	4f98                	lw	a4,24(a5)
     8dc:	fff54513          	not	a0,a0
     8e0:	8d79                	and	a0,a0,a4
     8e2:	cf88                	sw	a0,24(a5)
     8e4:	8082                	ret

000008e6 <RCC_APB1PeriphClockCmd>:
     8e6:	c599                	beqz	a1,8f4 <RCC_APB1PeriphClockCmd+0xe>
     8e8:	40021737          	lui	a4,0x40021
     8ec:	4f5c                	lw	a5,28(a4)
     8ee:	8d5d                	or	a0,a0,a5
     8f0:	cf48                	sw	a0,28(a4)
     8f2:	8082                	ret
     8f4:	400217b7          	lui	a5,0x40021
     8f8:	4fd8                	lw	a4,28(a5)
     8fa:	fff54513          	not	a0,a0
     8fe:	8d79                	and	a0,a0,a4
     900:	cfc8                	sw	a0,28(a5)
     902:	8082                	ret

00000904 <USART_Init>:
     904:	f9cff2ef          	jal	t0,a0 <__riscv_save_0>
     908:	2916                	lhu	a3,16(a0)
     90a:	77f5                	lui	a5,0xffffd
     90c:	17fd                	addi	a5,a5,-1
     90e:	8ff5                	and	a5,a5,a3
     910:	21f6                	lhu	a3,6(a1)
     912:	25da                	lhu	a4,12(a1)
     914:	1121                	addi	sp,sp,-24
     916:	8fd5                	or	a5,a5,a3
     918:	a91e                	sh	a5,16(a0)
     91a:	2556                	lhu	a3,12(a0)
     91c:	77fd                	lui	a5,0xfffff
     91e:	9f378793          	addi	a5,a5,-1549 # ffffe9f3 <__global_pointer$+0xdfffe1cb>
     922:	8ff5                	and	a5,a5,a3
     924:	21d6                	lhu	a3,4(a1)
     926:	842a                	mv	s0,a0
     928:	c02e                	sw	a1,0(sp)
     92a:	8fd5                	or	a5,a5,a3
     92c:	2596                	lhu	a3,8(a1)
     92e:	8fd5                	or	a5,a5,a3
     930:	25b6                	lhu	a3,10(a1)
     932:	8fd5                	or	a5,a5,a3
     934:	a55e                	sh	a5,12(a0)
     936:	295e                	lhu	a5,20(a0)
     938:	07c2                	slli	a5,a5,0x10
     93a:	83c1                	srli	a5,a5,0x10
     93c:	cff7f793          	andi	a5,a5,-769
     940:	8f5d                	or	a4,a4,a5
     942:	a95a                	sh	a4,20(a0)
     944:	0048                	addi	a0,sp,4
     946:	35dd                	jal	82c <RCC_GetClocksFreq>
     948:	400147b7          	lui	a5,0x40014
     94c:	80078793          	addi	a5,a5,-2048 # 40013800 <__global_pointer$+0x20012fd8>
     950:	4582                	lw	a1,0(sp)
     952:	06f41263          	bne	s0,a5,9b6 <USART_Init+0xb2>
     956:	47c2                	lw	a5,16(sp)
     958:	245a                	lhu	a4,12(s0)
     95a:	00179513          	slli	a0,a5,0x1
     95e:	953e                	add	a0,a0,a5
     960:	0742                	slli	a4,a4,0x10
     962:	050e                	slli	a0,a0,0x3
     964:	8741                	srai	a4,a4,0x10
     966:	953e                	add	a0,a0,a5
     968:	418c                	lw	a1,0(a1)
     96a:	04075863          	bgez	a4,9ba <USART_Init+0xb6>
     96e:	0586                	slli	a1,a1,0x1
     970:	f64ff0ef          	jal	ra,d4 <__udivsi3>
     974:	06400593          	li	a1,100
     978:	c02a                	sw	a0,0(sp)
     97a:	f5aff0ef          	jal	ra,d4 <__udivsi3>
     97e:	4782                	lw	a5,0(sp)
     980:	00451493          	slli	s1,a0,0x4
     984:	06400593          	li	a1,100
     988:	853e                	mv	a0,a5
     98a:	f76ff0ef          	jal	ra,100 <__umodsi3>
     98e:	245e                	lhu	a5,12(s0)
     990:	07c2                	slli	a5,a5,0x10
     992:	87c1                	srai	a5,a5,0x10
     994:	0207d563          	bgez	a5,9be <USART_Init+0xba>
     998:	050e                	slli	a0,a0,0x3
     99a:	06400593          	li	a1,100
     99e:	03250513          	addi	a0,a0,50
     9a2:	f32ff0ef          	jal	ra,d4 <__udivsi3>
     9a6:	891d                	andi	a0,a0,7
     9a8:	8cc9                	or	s1,s1,a0
     9aa:	04c2                	slli	s1,s1,0x10
     9ac:	80c1                	srli	s1,s1,0x10
     9ae:	a406                	sh	s1,8(s0)
     9b0:	0161                	addi	sp,sp,24
     9b2:	ef8ff06f          	j	aa <__riscv_restore_0>
     9b6:	47b2                	lw	a5,12(sp)
     9b8:	b745                	j	958 <USART_Init+0x54>
     9ba:	058a                	slli	a1,a1,0x2
     9bc:	bf55                	j	970 <USART_Init+0x6c>
     9be:	0512                	slli	a0,a0,0x4
     9c0:	06400593          	li	a1,100
     9c4:	03250513          	addi	a0,a0,50
     9c8:	f0cff0ef          	jal	ra,d4 <__udivsi3>
     9cc:	893d                	andi	a0,a0,15
     9ce:	bfe9                	j	9a8 <USART_Init+0xa4>

000009d0 <USART_Cmd>:
     9d0:	c591                	beqz	a1,9dc <USART_Cmd+0xc>
     9d2:	255e                	lhu	a5,12(a0)
     9d4:	6709                	lui	a4,0x2
     9d6:	8fd9                	or	a5,a5,a4
     9d8:	a55e                	sh	a5,12(a0)
     9da:	8082                	ret
     9dc:	255a                	lhu	a4,12(a0)
     9de:	77f9                	lui	a5,0xffffe
     9e0:	17fd                	addi	a5,a5,-1
     9e2:	8ff9                	and	a5,a5,a4
     9e4:	bfd5                	j	9d8 <USART_Cmd+0x8>

000009e6 <USART_SendData>:
     9e6:	1ff5f593          	andi	a1,a1,511
     9ea:	a14e                	sh	a1,4(a0)
     9ec:	8082                	ret

000009ee <USART_GetFlagStatus>:
     9ee:	210a                	lhu	a0,0(a0)
     9f0:	8d6d                	and	a0,a0,a1
     9f2:	00a03533          	snez	a0,a0
     9f6:	8082                	ret

000009f8 <Delay_Init>:
     9f8:	ea8ff2ef          	jal	t0,a0 <__riscv_save_0>
     9fc:	200007b7          	lui	a5,0x20000
     a00:	0007a503          	lw	a0,0(a5) # 20000000 <_data_vma>
     a04:	007a15b7          	lui	a1,0x7a1
     a08:	20058593          	addi	a1,a1,512 # 7a1200 <_data_lma+0x7a00fc>
     a0c:	ec8ff0ef          	jal	ra,d4 <__udivsi3>
     a10:	0ff57513          	andi	a0,a0,255
     a14:	200007b7          	lui	a5,0x20000
     a18:	02a78723          	sb	a0,46(a5) # 2000002e <p_us>
     a1c:	00551793          	slli	a5,a0,0x5
     a20:	8f89                	sub	a5,a5,a0
     a22:	078a                	slli	a5,a5,0x2
     a24:	953e                	add	a0,a0,a5
     a26:	050e                	slli	a0,a0,0x3
     a28:	200007b7          	lui	a5,0x20000
     a2c:	02a79623          	sh	a0,44(a5) # 2000002c <p_ms>
     a30:	e7aff06f          	j	aa <__riscv_restore_0>

00000a34 <Delay_Ms>:
     a34:	e6cff2ef          	jal	t0,a0 <__riscv_save_0>
     a38:	e000f437          	lui	s0,0xe000f
     a3c:	405c                	lw	a5,4(s0)
     a3e:	85aa                	mv	a1,a0
     a40:	9bf9                	andi	a5,a5,-2
     a42:	c05c                	sw	a5,4(s0)
     a44:	200007b7          	lui	a5,0x20000
     a48:	02c7d503          	lhu	a0,44(a5) # 2000002c <p_ms>
     a4c:	e68ff0ef          	jal	ra,b4 <__mulsi3>
     a50:	c808                	sw	a0,16(s0)
     a52:	00042423          	sw	zero,8(s0) # e000f008 <__global_pointer$+0xc000e7e0>
     a56:	401c                	lw	a5,0(s0)
     a58:	0017e793          	ori	a5,a5,1
     a5c:	c01c                	sw	a5,0(s0)
     a5e:	e000f7b7          	lui	a5,0xe000f
     a62:	43d8                	lw	a4,4(a5)
     a64:	8b05                	andi	a4,a4,1
     a66:	df75                	beqz	a4,a62 <Delay_Ms+0x2e>
     a68:	4398                	lw	a4,0(a5)
     a6a:	9b79                	andi	a4,a4,-2
     a6c:	c398                	sw	a4,0(a5)
     a6e:	e3cff06f          	j	aa <__riscv_restore_0>

00000a72 <USART_Printf_Init>:
     a72:	e2eff2ef          	jal	t0,a0 <__riscv_save_0>
     a76:	842a                	mv	s0,a0
     a78:	6511                	lui	a0,0x4
     a7a:	1111                	addi	sp,sp,-28
     a7c:	4585                	li	a1,1
     a7e:	02050513          	addi	a0,a0,32 # 4020 <_data_lma+0x2f1c>
     a82:	3599                	jal	8c8 <RCC_APB2PeriphClockCmd>
     a84:	02000793          	li	a5,32
     a88:	807c                	sh	a5,0(sp)
     a8a:	40011537          	lui	a0,0x40011
     a8e:	478d                	li	a5,3
     a90:	c23e                	sw	a5,4(sp)
     a92:	858a                	mv	a1,sp
     a94:	47e1                	li	a5,24
     a96:	40050513          	addi	a0,a0,1024 # 40011400 <__global_pointer$+0x20010bd8>
     a9a:	c43e                	sw	a5,8(sp)
     a9c:	3679                	jal	62a <GPIO_Init>
     a9e:	c622                	sw	s0,12(sp)
     aa0:	40014437          	lui	s0,0x40014
     aa4:	000807b7          	lui	a5,0x80
     aa8:	006c                	addi	a1,sp,12
     aaa:	80040513          	addi	a0,s0,-2048 # 40013800 <__global_pointer$+0x20012fd8>
     aae:	ca3e                	sw	a5,20(sp)
     ab0:	c802                	sw	zero,16(sp)
     ab2:	00011c23          	sh	zero,24(sp)
     ab6:	35b9                	jal	904 <USART_Init>
     ab8:	4585                	li	a1,1
     aba:	80040513          	addi	a0,s0,-2048
     abe:	3f09                	jal	9d0 <USART_Cmd>
     ac0:	0171                	addi	sp,sp,28
     ac2:	de8ff06f          	j	aa <__riscv_restore_0>

00000ac6 <_write>:
     ac6:	ddaff2ef          	jal	t0,a0 <__riscv_save_0>
     aca:	1171                	addi	sp,sp,-4
     acc:	84ae                	mv	s1,a1
     ace:	4401                	li	s0,0
     ad0:	02c45d63          	bge	s0,a2,b0a <_write+0x44>
     ad4:	400147b7          	lui	a5,0x40014
     ad8:	80078713          	addi	a4,a5,-2048 # 40013800 <__global_pointer$+0x20012fd8>
     adc:	853a                	mv	a0,a4
     ade:	04000593          	li	a1,64
     ae2:	c032                	sw	a2,0(sp)
     ae4:	3729                	jal	9ee <USART_GetFlagStatus>
     ae6:	400147b7          	lui	a5,0x40014
     aea:	80078713          	addi	a4,a5,-2048 # 40013800 <__global_pointer$+0x20012fd8>
     aee:	4602                	lw	a2,0(sp)
     af0:	d575                	beqz	a0,adc <_write+0x16>
     af2:	00848733          	add	a4,s1,s0
     af6:	00070583          	lb	a1,0(a4) # 2000 <_data_lma+0xefc>
     afa:	80078513          	addi	a0,a5,-2048
     afe:	0405                	addi	s0,s0,1
     b00:	05c2                	slli	a1,a1,0x10
     b02:	81c1                	srli	a1,a1,0x10
     b04:	35cd                	jal	9e6 <USART_SendData>
     b06:	4602                	lw	a2,0(sp)
     b08:	b7e1                	j	ad0 <_write+0xa>
     b0a:	8532                	mv	a0,a2
     b0c:	0111                	addi	sp,sp,4
     b0e:	d9cff06f          	j	aa <__riscv_restore_0>

00000b12 <printchar>:
     b12:	1141                	addi	sp,sp,-16
     b14:	c606                	sw	ra,12(sp)
     b16:	c02e                	sw	a1,0(sp)
     b18:	cd0d                	beqz	a0,b52 <printchar+0x40>
     b1a:	4118                	lw	a4,0(a0)
     b1c:	87aa                	mv	a5,a0
     b1e:	c305                	beqz	a4,b3e <printchar+0x2c>
     b20:	4158                	lw	a4,4(a0)
     b22:	557d                	li	a0,-1
     b24:	cb11                	beqz	a4,b38 <printchar+0x26>
     b26:	4685                	li	a3,1
     b28:	00d71b63          	bne	a4,a3,b3e <printchar+0x2c>
     b2c:	4798                	lw	a4,8(a5)
     b2e:	00070023          	sb	zero,0(a4)
     b32:	0007a223          	sw	zero,4(a5)
     b36:	4505                	li	a0,1
     b38:	40b2                	lw	ra,12(sp)
     b3a:	0141                	addi	sp,sp,16
     b3c:	8082                	ret
     b3e:	4798                	lw	a4,8(a5)
     b40:	4682                	lw	a3,0(sp)
     b42:	a314                	sb	a3,0(a4)
     b44:	4798                	lw	a4,8(a5)
     b46:	0705                	addi	a4,a4,1
     b48:	c798                	sw	a4,8(a5)
     b4a:	43d8                	lw	a4,4(a5)
     b4c:	177d                	addi	a4,a4,-1
     b4e:	c3d8                	sw	a4,4(a5)
     b50:	b7dd                	j	b36 <printchar+0x24>
     b52:	4605                	li	a2,1
     b54:	858a                	mv	a1,sp
     b56:	3f85                	jal	ac6 <_write>
     b58:	bff9                	j	b36 <printchar+0x24>

00000b5a <prints>:
     b5a:	1101                	addi	sp,sp,-32
     b5c:	cc22                	sw	s0,24(sp)
     b5e:	c22e                	sw	a1,4(sp)
     b60:	ce06                	sw	ra,28(sp)
     b62:	ca26                	sw	s1,20(sp)
     b64:	842a                	mv	s0,a0
     b66:	4781                	li	a5,0
     b68:	02000593          	li	a1,32
     b6c:	02064563          	bltz	a2,b96 <prints+0x3c>
     b70:	4592                	lw	a1,4(sp)
     b72:	95be                	add	a1,a1,a5
     b74:	00058583          	lb	a1,0(a1)
     b78:	e58d                	bnez	a1,ba2 <prints+0x48>
     b7a:	02c7d863          	bge	a5,a2,baa <prints+0x50>
     b7e:	02e7d463          	bge	a5,a4,ba6 <prints+0x4c>
     b82:	8e19                	sub	a2,a2,a4
     b84:	02000513          	li	a0,32
     b88:	0026f593          	andi	a1,a3,2
     b8c:	c02a                	sw	a0,0(sp)
     b8e:	c589                	beqz	a1,b98 <prints+0x3e>
     b90:	e701                	bnez	a4,b98 <prints+0x3e>
     b92:	03000593          	li	a1,48
     b96:	c02e                	sw	a1,0(sp)
     b98:	8a85                	andi	a3,a3,1
     b9a:	4481                	li	s1,0
     b9c:	ea95                	bnez	a3,bd0 <prints+0x76>
     b9e:	84b2                	mv	s1,a2
     ba0:	a00d                	j	bc2 <prints+0x68>
     ba2:	0785                	addi	a5,a5,1
     ba4:	b7f1                	j	b70 <prints+0x16>
     ba6:	8e1d                	sub	a2,a2,a5
     ba8:	bff1                	j	b84 <prints+0x2a>
     baa:	4601                	li	a2,0
     bac:	bfe1                	j	b84 <prints+0x2a>
     bae:	4582                	lw	a1,0(sp)
     bb0:	8522                	mv	a0,s0
     bb2:	c83a                	sw	a4,16(sp)
     bb4:	c632                	sw	a2,12(sp)
     bb6:	c43e                	sw	a5,8(sp)
     bb8:	3fa9                	jal	b12 <printchar>
     bba:	47a2                	lw	a5,8(sp)
     bbc:	4632                	lw	a2,12(sp)
     bbe:	4742                	lw	a4,16(sp)
     bc0:	14fd                	addi	s1,s1,-1
     bc2:	fe9046e3          	bgtz	s1,bae <prints+0x54>
     bc6:	84b2                	mv	s1,a2
     bc8:	00065363          	bgez	a2,bce <prints+0x74>
     bcc:	4481                	li	s1,0
     bce:	8e05                	sub	a2,a2,s1
     bd0:	02e7c763          	blt	a5,a4,bfe <prints+0xa4>
     bd4:	87a6                	mv	a5,s1
     bd6:	4692                	lw	a3,4(sp)
     bd8:	40978733          	sub	a4,a5,s1
     bdc:	9736                	add	a4,a4,a3
     bde:	00070583          	lb	a1,0(a4)
     be2:	ed95                	bnez	a1,c1e <prints+0xc4>
     be4:	84b2                	mv	s1,a2
     be6:	04904463          	bgtz	s1,c2e <prints+0xd4>
     bea:	00065363          	bgez	a2,bf0 <prints+0x96>
     bee:	4601                	li	a2,0
     bf0:	40f2                	lw	ra,28(sp)
     bf2:	4462                	lw	s0,24(sp)
     bf4:	44d2                	lw	s1,20(sp)
     bf6:	00f60533          	add	a0,a2,a5
     bfa:	6105                	addi	sp,sp,32
     bfc:	8082                	ret
     bfe:	8f1d                	sub	a4,a4,a5
     c00:	87ba                	mv	a5,a4
     c02:	03000593          	li	a1,48
     c06:	8522                	mv	a0,s0
     c08:	c832                	sw	a2,16(sp)
     c0a:	c63e                	sw	a5,12(sp)
     c0c:	c43a                	sw	a4,8(sp)
     c0e:	3711                	jal	b12 <printchar>
     c10:	47b2                	lw	a5,12(sp)
     c12:	4722                	lw	a4,8(sp)
     c14:	4642                	lw	a2,16(sp)
     c16:	17fd                	addi	a5,a5,-1
     c18:	f7ed                	bnez	a5,c02 <prints+0xa8>
     c1a:	94ba                	add	s1,s1,a4
     c1c:	bf65                	j	bd4 <prints+0x7a>
     c1e:	8522                	mv	a0,s0
     c20:	c632                	sw	a2,12(sp)
     c22:	c43e                	sw	a5,8(sp)
     c24:	35fd                	jal	b12 <printchar>
     c26:	47a2                	lw	a5,8(sp)
     c28:	4632                	lw	a2,12(sp)
     c2a:	0785                	addi	a5,a5,1
     c2c:	b76d                	j	bd6 <prints+0x7c>
     c2e:	4582                	lw	a1,0(sp)
     c30:	8522                	mv	a0,s0
     c32:	c432                	sw	a2,8(sp)
     c34:	c23e                	sw	a5,4(sp)
     c36:	3df1                	jal	b12 <printchar>
     c38:	14fd                	addi	s1,s1,-1
     c3a:	4622                	lw	a2,8(sp)
     c3c:	4792                	lw	a5,4(sp)
     c3e:	b765                	j	be6 <prints+0x8c>

00000c40 <printInt>:
     c40:	7139                	addi	sp,sp,-64
     c42:	de06                	sw	ra,60(sp)
     c44:	dc22                	sw	s0,56(sp)
     c46:	da26                	sw	s1,52(sp)
     c48:	c23e                	sw	a5,4(sp)
     c4a:	8332                	mv	t1,a2
     c4c:	863a                	mv	a2,a4
     c4e:	ed89                	bnez	a1,c68 <printInt+0x28>
     c50:	4692                	lw	a3,4(sp)
     c52:	03000793          	li	a5,48
     c56:	4701                	li	a4,0
     c58:	086c                	addi	a1,sp,28
     c5a:	86fc                	sh	a5,28(sp)
     c5c:	3dfd                	jal	b5a <prints>
     c5e:	50f2                	lw	ra,60(sp)
     c60:	5462                	lw	s0,56(sp)
     c62:	54d2                	lw	s1,52(sp)
     c64:	6121                	addi	sp,sp,64
     c66:	8082                	ret
     c68:	84aa                	mv	s1,a0
     c6a:	8436                	mv	s0,a3
     c6c:	87ae                	mv	a5,a1
     c6e:	ca91                	beqz	a3,c82 <printInt+0x42>
     c70:	4729                	li	a4,10
     c72:	4401                	li	s0,0
     c74:	00e31763          	bne	t1,a4,c82 <printInt+0x42>
     c78:	0005d563          	bgez	a1,c82 <printInt+0x42>
     c7c:	40b007b3          	neg	a5,a1
     c80:	4405                	li	s0,1
     c82:	4686                	lw	a3,64(sp)
     c84:	020109a3          	sb	zero,51(sp)
     c88:	03310713          	addi	a4,sp,51
     c8c:	fc668693          	addi	a3,a3,-58 # 40020fc6 <__global_pointer$+0x2002079e>
     c90:	c436                	sw	a3,8(sp)
     c92:	859a                	mv	a1,t1
     c94:	853e                	mv	a0,a5
     c96:	ca32                	sw	a2,20(sp)
     c98:	c83a                	sw	a4,16(sp)
     c9a:	c61a                	sw	t1,12(sp)
     c9c:	c03e                	sw	a5,0(sp)
     c9e:	c62ff0ef          	jal	ra,100 <__umodsi3>
     ca2:	46a5                	li	a3,9
     ca4:	4782                	lw	a5,0(sp)
     ca6:	4332                	lw	t1,12(sp)
     ca8:	4742                	lw	a4,16(sp)
     caa:	4652                	lw	a2,20(sp)
     cac:	00a6d463          	bge	a3,a0,cb4 <printInt+0x74>
     cb0:	46a2                	lw	a3,8(sp)
     cb2:	9536                	add	a0,a0,a3
     cb4:	03050513          	addi	a0,a0,48
     cb8:	fff70693          	addi	a3,a4,-1
     cbc:	fea70fa3          	sb	a0,-1(a4)
     cc0:	859a                	mv	a1,t1
     cc2:	853e                	mv	a0,a5
     cc4:	cc32                	sw	a2,24(sp)
     cc6:	ca3a                	sw	a4,20(sp)
     cc8:	c81a                	sw	t1,16(sp)
     cca:	c63e                	sw	a5,12(sp)
     ccc:	c036                	sw	a3,0(sp)
     cce:	c06ff0ef          	jal	ra,d4 <__udivsi3>
     cd2:	47b2                	lw	a5,12(sp)
     cd4:	4342                	lw	t1,16(sp)
     cd6:	4752                	lw	a4,20(sp)
     cd8:	4662                	lw	a2,24(sp)
     cda:	0467f963          	bgeu	a5,t1,d2c <printInt+0xec>
     cde:	cc01                	beqz	s0,cf6 <printInt+0xb6>
     ce0:	ca29                	beqz	a2,d32 <printInt+0xf2>
     ce2:	4792                	lw	a5,4(sp)
     ce4:	8b89                	andi	a5,a5,2
     ce6:	c7b1                	beqz	a5,d32 <printInt+0xf2>
     ce8:	02d00593          	li	a1,45
     cec:	8526                	mv	a0,s1
     cee:	c432                	sw	a2,8(sp)
     cf0:	350d                	jal	b12 <printchar>
     cf2:	4622                	lw	a2,8(sp)
     cf4:	167d                	addi	a2,a2,-1
     cf6:	4792                	lw	a5,4(sp)
     cf8:	8b91                	andi	a5,a5,4
     cfa:	c395                	beqz	a5,d1e <printInt+0xde>
     cfc:	4706                	lw	a4,64(sp)
     cfe:	06100793          	li	a5,97
     d02:	c432                	sw	a2,8(sp)
     d04:	03000593          	li	a1,48
     d08:	8526                	mv	a0,s1
     d0a:	02f71e63          	bne	a4,a5,d46 <printInt+0x106>
     d0e:	3511                	jal	b12 <printchar>
     d10:	07800593          	li	a1,120
     d14:	8526                	mv	a0,s1
     d16:	3bf5                	jal	b12 <printchar>
     d18:	4622                	lw	a2,8(sp)
     d1a:	0409                	addi	s0,s0,2
     d1c:	1679                	addi	a2,a2,-2
     d1e:	4716                	lw	a4,68(sp)
     d20:	4692                	lw	a3,4(sp)
     d22:	4582                	lw	a1,0(sp)
     d24:	8526                	mv	a0,s1
     d26:	3d15                	jal	b5a <prints>
     d28:	9522                	add	a0,a0,s0
     d2a:	bf15                	j	c5e <printInt+0x1e>
     d2c:	87aa                	mv	a5,a0
     d2e:	4702                	lw	a4,0(sp)
     d30:	b78d                	j	c92 <printInt+0x52>
     d32:	4682                	lw	a3,0(sp)
     d34:	02d00793          	li	a5,45
     d38:	4401                	li	s0,0
     d3a:	fef68fa3          	sb	a5,-1(a3)
     d3e:	ffe70793          	addi	a5,a4,-2
     d42:	c03e                	sw	a5,0(sp)
     d44:	bf4d                	j	cf6 <printInt+0xb6>
     d46:	33f1                	jal	b12 <printchar>
     d48:	05800593          	li	a1,88
     d4c:	b7e1                	j	d14 <printInt+0xd4>

00000d4e <printLongLongInt>:
     d4e:	4501                	li	a0,0
     d50:	8082                	ret

00000d52 <printDouble>:
     d52:	4501                	li	a0,0
     d54:	8082                	ret

00000d56 <print>:
     d56:	fd810113          	addi	sp,sp,-40
     d5a:	d022                	sw	s0,32(sp)
     d5c:	ce26                	sw	s1,28(sp)
     d5e:	d206                	sw	ra,36(sp)
     d60:	c42a                	sw	a0,8(sp)
     d62:	82ae                	mv	t0,a1
     d64:	8432                	mv	s0,a2
     d66:	c602                	sw	zero,12(sp)
     d68:	4481                	li	s1,0
     d6a:	00028583          	lb	a1,0(t0)
     d6e:	ed89                	bnez	a1,d88 <print+0x32>
     d70:	47a2                	lw	a5,8(sp)
     d72:	c781                	beqz	a5,d7a <print+0x24>
     d74:	4581                	li	a1,0
     d76:	853e                	mv	a0,a5
     d78:	3b69                	jal	b12 <printchar>
     d7a:	5092                	lw	ra,36(sp)
     d7c:	5402                	lw	s0,32(sp)
     d7e:	8526                	mv	a0,s1
     d80:	44f2                	lw	s1,28(sp)
     d82:	02810113          	addi	sp,sp,40
     d86:	8082                	ret
     d88:	02500793          	li	a5,37
     d8c:	00f58863          	beq	a1,a5,d9c <print+0x46>
     d90:	4522                	lw	a0,8(sp)
     d92:	c816                	sw	t0,16(sp)
     d94:	0485                	addi	s1,s1,1
     d96:	3bb5                	jal	b12 <printchar>
     d98:	42c2                	lw	t0,16(sp)
     d9a:	a839                	j	db8 <print+0x62>
     d9c:	00128783          	lb	a5,1(t0)
     da0:	00128713          	addi	a4,t0,1
     da4:	00b79c63          	bne	a5,a1,dbc <print+0x66>
     da8:	4522                	lw	a0,8(sp)
     daa:	02500593          	li	a1,37
     dae:	c83a                	sw	a4,16(sp)
     db0:	338d                	jal	b12 <printchar>
     db2:	4742                	lw	a4,16(sp)
     db4:	0485                	addi	s1,s1,1
     db6:	82ba                	mv	t0,a4
     db8:	0285                	addi	t0,t0,1
     dba:	bf45                	j	d6a <print+0x14>
     dbc:	dbd5                	beqz	a5,d70 <print+0x1a>
     dbe:	02b00693          	li	a3,43
     dc2:	04d78963          	beq	a5,a3,e14 <print+0xbe>
     dc6:	00f6c863          	blt	a3,a5,dd6 <print+0x80>
     dca:	02300693          	li	a3,35
     dce:	04d78663          	beq	a5,a3,e1a <print+0xc4>
     dd2:	4781                	li	a5,0
     dd4:	a005                	j	df4 <print+0x9e>
     dd6:	02d00693          	li	a3,45
     dda:	00d78a63          	beq	a5,a3,dee <print+0x98>
     dde:	03000693          	li	a3,48
     de2:	fed798e3          	bne	a5,a3,dd2 <print+0x7c>
     de6:	00228713          	addi	a4,t0,2
     dea:	4789                	li	a5,2
     dec:	a021                	j	df4 <print+0x9e>
     dee:	00228713          	addi	a4,t0,2
     df2:	4785                	li	a5,1
     df4:	00070683          	lb	a3,0(a4)
     df8:	02b00613          	li	a2,43
     dfc:	04c68363          	beq	a3,a2,e42 <print+0xec>
     e00:	02d64163          	blt	a2,a3,e22 <print+0xcc>
     e04:	02300613          	li	a2,35
     e08:	02c68b63          	beq	a3,a2,e3e <print+0xe8>
     e0c:	82ba                	mv	t0,a4
     e0e:	4501                	li	a0,0
     e10:	46a5                	li	a3,9
     e12:	a081                	j	e52 <print+0xfc>
     e14:	00228713          	addi	a4,t0,2
     e18:	bf6d                	j	dd2 <print+0x7c>
     e1a:	00228713          	addi	a4,t0,2
     e1e:	4791                	li	a5,4
     e20:	bfd1                	j	df4 <print+0x9e>
     e22:	02d00613          	li	a2,45
     e26:	00c68963          	beq	a3,a2,e38 <print+0xe2>
     e2a:	03000613          	li	a2,48
     e2e:	fcc69fe3          	bne	a3,a2,e0c <print+0xb6>
     e32:	0027e793          	ori	a5,a5,2
     e36:	a031                	j	e42 <print+0xec>
     e38:	0705                	addi	a4,a4,1
     e3a:	4785                	li	a5,1
     e3c:	bfc1                	j	e0c <print+0xb6>
     e3e:	0047e793          	ori	a5,a5,4
     e42:	0705                	addi	a4,a4,1
     e44:	b7e1                	j	e0c <print+0xb6>
     e46:	00251613          	slli	a2,a0,0x2
     e4a:	9532                	add	a0,a0,a2
     e4c:	0506                	slli	a0,a0,0x1
     e4e:	953a                	add	a0,a0,a4
     e50:	0285                	addi	t0,t0,1
     e52:	00028603          	lb	a2,0(t0)
     e56:	fd060713          	addi	a4,a2,-48
     e5a:	0ff77593          	andi	a1,a4,255
     e5e:	feb6f4e3          	bgeu	a3,a1,e46 <print+0xf0>
     e62:	02e00713          	li	a4,46
     e66:	4699                	li	a3,6
     e68:	00e61e63          	bne	a2,a4,e84 <print+0x12e>
     e6c:	0285                	addi	t0,t0,1
     e6e:	4681                	li	a3,0
     e70:	45a5                	li	a1,9
     e72:	00028603          	lb	a2,0(t0)
     e76:	fd060613          	addi	a2,a2,-48
     e7a:	0ff67713          	andi	a4,a2,255
     e7e:	02e5f563          	bgeu	a1,a4,ea8 <print+0x152>
     e82:	c636                	sw	a3,12(sp)
     e84:	00028703          	lb	a4,0(t0)
     e88:	06a00613          	li	a2,106
     e8c:	0ac70d63          	beq	a4,a2,f46 <print+0x1f0>
     e90:	02e64363          	blt	a2,a4,eb6 <print+0x160>
     e94:	04c00613          	li	a2,76
     e98:	0ac70763          	beq	a4,a2,f46 <print+0x1f0>
     e9c:	06800613          	li	a2,104
     ea0:	08c70c63          	beq	a4,a2,f38 <print+0x1e2>
     ea4:	4581                	li	a1,0
     ea6:	a82d                	j	ee0 <print+0x18a>
     ea8:	00269713          	slli	a4,a3,0x2
     eac:	96ba                	add	a3,a3,a4
     eae:	0686                	slli	a3,a3,0x1
     eb0:	96b2                	add	a3,a3,a2
     eb2:	0285                	addi	t0,t0,1
     eb4:	bf7d                	j	e72 <print+0x11c>
     eb6:	07400613          	li	a2,116
     eba:	08c70663          	beq	a4,a2,f46 <print+0x1f0>
     ebe:	07a00613          	li	a2,122
     ec2:	08c70263          	beq	a4,a2,f46 <print+0x1f0>
     ec6:	06c00613          	li	a2,108
     eca:	4581                	li	a1,0
     ecc:	00c71a63          	bne	a4,a2,ee0 <print+0x18a>
     ed0:	00128603          	lb	a2,1(t0)
     ed4:	458d                	li	a1,3
     ed6:	00e61463          	bne	a2,a4,ede <print+0x188>
     eda:	0285                	addi	t0,t0,1
     edc:	4591                	li	a1,4
     ede:	0285                	addi	t0,t0,1
     ee0:	00028603          	lb	a2,0(t0)
     ee4:	06000393          	li	t2,96
     ee8:	06100713          	li	a4,97
     eec:	00c3c463          	blt	t2,a2,ef4 <print+0x19e>
     ef0:	04100713          	li	a4,65
     ef4:	06700393          	li	t2,103
     ef8:	06c3c463          	blt	t2,a2,f60 <print+0x20a>
     efc:	06500393          	li	t2,101
     f00:	18765363          	bge	a2,t2,1086 <print+0x330>
     f04:	04700393          	li	t2,71
     f08:	04c3c163          	blt	t2,a2,f4a <print+0x1f4>
     f0c:	04500593          	li	a1,69
     f10:	16b65b63          	bge	a2,a1,1086 <print+0x330>
     f14:	04300713          	li	a4,67
     f18:	eae610e3          	bne	a2,a4,db8 <print+0x62>
     f1c:	4018                	lw	a4,0(s0)
     f1e:	00440393          	addi	t2,s0,4
     f22:	ca16                	sw	t0,20(sp)
     f24:	00e10c23          	sb	a4,24(sp)
     f28:	c81e                	sw	t2,16(sp)
     f2a:	00010ca3          	sb	zero,25(sp)
     f2e:	4701                	li	a4,0
     f30:	86be                	mv	a3,a5
     f32:	862a                	mv	a2,a0
     f34:	082c                	addi	a1,sp,24
     f36:	a849                	j	fc8 <print+0x272>
     f38:	00128603          	lb	a2,1(t0)
     f3c:	4581                	li	a1,0
     f3e:	fae611e3          	bne	a2,a4,ee0 <print+0x18a>
     f42:	0289                	addi	t0,t0,2
     f44:	bf71                	j	ee0 <print+0x18a>
     f46:	0285                	addi	t0,t0,1
     f48:	bfb1                	j	ea4 <print+0x14e>
     f4a:	06300693          	li	a3,99
     f4e:	fcd607e3          	beq	a2,a3,f1c <print+0x1c6>
     f52:	06c6ce63          	blt	a3,a2,fce <print+0x278>
     f56:	05800693          	li	a3,88
     f5a:	02d60363          	beq	a2,a3,f80 <print+0x22a>
     f5e:	bda9                	j	db8 <print+0x62>
     f60:	07300693          	li	a3,115
     f64:	04d60463          	beq	a2,a3,fac <print+0x256>
     f68:	02c6cb63          	blt	a3,a2,f9e <print+0x248>
     f6c:	06f00693          	li	a3,111
     f70:	0ed60263          	beq	a2,a3,1054 <print+0x2fe>
     f74:	07000693          	li	a3,112
     f78:	0047e793          	ori	a5,a5,4
     f7c:	e2d61ee3          	bne	a2,a3,db8 <print+0x62>
     f80:	4691                	li	a3,4
     f82:	0ad59f63          	bne	a1,a3,1040 <print+0x2ea>
     f86:	00840393          	addi	t2,s0,8
     f8a:	400c                	lw	a1,0(s0)
     f8c:	4050                	lw	a2,4(s0)
     f8e:	ca16                	sw	t0,20(sp)
     f90:	c23a                	sw	a4,4(sp)
     f92:	c03e                	sw	a5,0(sp)
     f94:	c81e                	sw	t2,16(sp)
     f96:	87aa                	mv	a5,a0
     f98:	4701                	li	a4,0
     f9a:	46c1                	li	a3,16
     f9c:	a0b9                	j	fea <print+0x294>
     f9e:	07500693          	li	a3,117
     fa2:	06d60863          	beq	a2,a3,1012 <print+0x2bc>
     fa6:	07800693          	li	a3,120
     faa:	bf45                	j	f5a <print+0x204>
     fac:	4018                	lw	a4,0(s0)
     fae:	000016b7          	lui	a3,0x1
     fb2:	00440393          	addi	t2,s0,4
     fb6:	0fc68593          	addi	a1,a3,252 # 10fc <AHBPrescTable+0x10>
     fba:	c311                	beqz	a4,fbe <print+0x268>
     fbc:	85ba                	mv	a1,a4
     fbe:	4732                	lw	a4,12(sp)
     fc0:	ca16                	sw	t0,20(sp)
     fc2:	c81e                	sw	t2,16(sp)
     fc4:	86be                	mv	a3,a5
     fc6:	862a                	mv	a2,a0
     fc8:	4522                	lw	a0,8(sp)
     fca:	3e41                	jal	b5a <prints>
     fcc:	a00d                	j	fee <print+0x298>
     fce:	4691                	li	a3,4
     fd0:	02d59463          	bne	a1,a3,ff8 <print+0x2a2>
     fd4:	00840393          	addi	t2,s0,8
     fd8:	400c                	lw	a1,0(s0)
     fda:	4050                	lw	a2,4(s0)
     fdc:	ca16                	sw	t0,20(sp)
     fde:	c23a                	sw	a4,4(sp)
     fe0:	c03e                	sw	a5,0(sp)
     fe2:	c81e                	sw	t2,16(sp)
     fe4:	87aa                	mv	a5,a0
     fe6:	4705                	li	a4,1
     fe8:	46a9                	li	a3,10
     fea:	4522                	lw	a0,8(sp)
     fec:	338d                	jal	d4e <printLongLongInt>
     fee:	43c2                	lw	t2,16(sp)
     ff0:	94aa                	add	s1,s1,a0
     ff2:	841e                	mv	s0,t2
     ff4:	42d2                	lw	t0,20(sp)
     ff6:	b3c9                	j	db8 <print+0x62>
     ff8:	46b2                	lw	a3,12(sp)
     ffa:	400c                	lw	a1,0(s0)
     ffc:	c816                	sw	t0,16(sp)
     ffe:	c236                	sw	a3,4(sp)
    1000:	c03a                	sw	a4,0(sp)
    1002:	0411                	addi	s0,s0,4
    1004:	872a                	mv	a4,a0
    1006:	4685                	li	a3,1
    1008:	4629                	li	a2,10
    100a:	4522                	lw	a0,8(sp)
    100c:	3915                	jal	c40 <printInt>
    100e:	94aa                	add	s1,s1,a0
    1010:	b361                	j	d98 <print+0x42>
    1012:	4691                	li	a3,4
    1014:	00d59d63          	bne	a1,a3,102e <print+0x2d8>
    1018:	00840393          	addi	t2,s0,8
    101c:	400c                	lw	a1,0(s0)
    101e:	4050                	lw	a2,4(s0)
    1020:	ca16                	sw	t0,20(sp)
    1022:	c23a                	sw	a4,4(sp)
    1024:	c03e                	sw	a5,0(sp)
    1026:	c81e                	sw	t2,16(sp)
    1028:	87aa                	mv	a5,a0
    102a:	4701                	li	a4,0
    102c:	bf75                	j	fe8 <print+0x292>
    102e:	46b2                	lw	a3,12(sp)
    1030:	400c                	lw	a1,0(s0)
    1032:	c816                	sw	t0,16(sp)
    1034:	c236                	sw	a3,4(sp)
    1036:	c03a                	sw	a4,0(sp)
    1038:	0411                	addi	s0,s0,4
    103a:	872a                	mv	a4,a0
    103c:	4681                	li	a3,0
    103e:	b7e9                	j	1008 <print+0x2b2>
    1040:	46b2                	lw	a3,12(sp)
    1042:	c816                	sw	t0,16(sp)
    1044:	400c                	lw	a1,0(s0)
    1046:	4641                	li	a2,16
    1048:	c236                	sw	a3,4(sp)
    104a:	c03a                	sw	a4,0(sp)
    104c:	0411                	addi	s0,s0,4
    104e:	872a                	mv	a4,a0
    1050:	4681                	li	a3,0
    1052:	bf65                	j	100a <print+0x2b4>
    1054:	4691                	li	a3,4
    1056:	00d59e63          	bne	a1,a3,1072 <print+0x31c>
    105a:	00840393          	addi	t2,s0,8
    105e:	400c                	lw	a1,0(s0)
    1060:	4050                	lw	a2,4(s0)
    1062:	ca16                	sw	t0,20(sp)
    1064:	c23a                	sw	a4,4(sp)
    1066:	c03e                	sw	a5,0(sp)
    1068:	c81e                	sw	t2,16(sp)
    106a:	87aa                	mv	a5,a0
    106c:	4701                	li	a4,0
    106e:	46a1                	li	a3,8
    1070:	bfad                	j	fea <print+0x294>
    1072:	46b2                	lw	a3,12(sp)
    1074:	400c                	lw	a1,0(s0)
    1076:	c816                	sw	t0,16(sp)
    1078:	c236                	sw	a3,4(sp)
    107a:	c03a                	sw	a4,0(sp)
    107c:	0411                	addi	s0,s0,4
    107e:	872a                	mv	a4,a0
    1080:	4681                	li	a3,0
    1082:	4621                	li	a2,8
    1084:	b759                	j	100a <print+0x2b4>
    1086:	400c                	lw	a1,0(s0)
    1088:	00840613          	addi	a2,s0,8
    108c:	4040                	lw	s0,4(s0)
    108e:	c23a                	sw	a4,4(sp)
    1090:	872a                	mv	a4,a0
    1092:	4522                	lw	a0,8(sp)
    1094:	c832                	sw	a2,16(sp)
    1096:	c03e                	sw	a5,0(sp)
    1098:	8622                	mv	a2,s0
    109a:	87b6                	mv	a5,a3
    109c:	46a9                	li	a3,10
    109e:	ca16                	sw	t0,20(sp)
    10a0:	394d                	jal	d52 <printDouble>
    10a2:	94aa                	add	s1,s1,a0
    10a4:	4442                	lw	s0,16(sp)
    10a6:	b7b9                	j	ff4 <print+0x29e>

000010a8 <printf>:
    10a8:	fdc10113          	addi	sp,sp,-36
    10ac:	c82e                	sw	a1,16(sp)
    10ae:	ca32                	sw	a2,20(sp)
    10b0:	85aa                	mv	a1,a0
    10b2:	0810                	addi	a2,sp,16
    10b4:	4501                	li	a0,0
    10b6:	c606                	sw	ra,12(sp)
    10b8:	cc36                	sw	a3,24(sp)
    10ba:	ce3a                	sw	a4,28(sp)
    10bc:	d03e                	sw	a5,32(sp)
    10be:	c032                	sw	a2,0(sp)
    10c0:	3959                	jal	d56 <print>
    10c2:	40b2                	lw	ra,12(sp)
    10c4:	02410113          	addi	sp,sp,36
    10c8:	8082                	ret
    10ca:	0000                	unimp
    10cc:	74737953          	0x74737953
    10d0:	6d65                	lui	s10,0x19
    10d2:	3a6b6c43          	fmadd.d	fs8,fs6,ft6,ft7,unknown
    10d6:	6425                	lui	s0,0x9
    10d8:	0a0d                	addi	s4,s4,3
    10da:	0000                	unimp
    10dc:	70696843          	fmadd.s	fa6,fs2,ft6,fa4,unknown
    10e0:	4449                	li	s0,18
    10e2:	253a                	lhu	a4,10(a0)
    10e4:	3830                	lbu	a2,19(s0)
    10e6:	0d78                	addi	a4,sp,668
    10e8:	000a                	c.slli	zero,0x2
	...

000010ec <AHBPrescTable>:
    10ec:	0201 0403 0605 0807 0201 0403 0605 0807     ................
    10fc:	6e28 6c75 296c 0000                         (null)..
