
aatt.elf:     file format elf32-littleriscv
aatt.elf
architecture: riscv:rv32, flags 0x00000112:
EXEC_P, HAS_SYMS, D_PAGED
start address 0x00000000

Program Header:
    LOAD off    0x00001000 vaddr 0x00000000 paddr 0x00000000 align 2**12
         filesz 0x000014fc memsz 0x000014fc flags r-x
    LOAD off    0x00003000 vaddr 0x20000000 paddr 0x000014fc align 2**12
         filesz 0x00000200 memsz 0x0000020c flags rw-
    LOAD off    0x00003700 vaddr 0x20000700 paddr 0x20000700 align 2**12
         filesz 0x00000000 memsz 0x00000100 flags rw-

Sections:
Idx Name          Size      VMA       LMA       File off  Algn
  0 .init         000000a0  00000000  00000000  00001000  2**2
                  CONTENTS, ALLOC, LOAD, READONLY, CODE
  1 .text         0000145c  000000a0  000000a0  000010a0  2**2
                  CONTENTS, ALLOC, LOAD, READONLY, CODE
  2 .fini         00000000  000014fc  000014fc  00003200  2**0
                  CONTENTS, ALLOC, LOAD, CODE
  3 .dalign       00000000  20000000  20000000  00003200  2**0
                  CONTENTS
  4 .dlalign      00000000  000014fc  000014fc  00003200  2**0
                  CONTENTS
  5 .data         00000200  20000000  000014fc  00003000  2**2
                  CONTENTS, ALLOC, LOAD, DATA
  6 .bss          0000000c  20000200  000016fc  00003200  2**2
                  ALLOC
  7 .stack        00000100  20000700  20000700  00003700  2**0
                  ALLOC
  8 .debug_info   000090b1  00000000  00000000  00003200  2**0
                  CONTENTS, READONLY, DEBUGGING
  9 .debug_abbrev 00001c76  00000000  00000000  0000c2b1  2**0
                  CONTENTS, READONLY, DEBUGGING
 10 .debug_loc    0000191d  00000000  00000000  0000df27  2**0
                  CONTENTS, READONLY, DEBUGGING
 11 .debug_aranges 00000450  00000000  00000000  0000f848  2**3
                  CONTENTS, READONLY, DEBUGGING
 12 .debug_ranges 000003f0  00000000  00000000  0000fc98  2**3
                  CONTENTS, READONLY, DEBUGGING
 13 .debug_line   000050b1  00000000  00000000  00010088  2**0
                  CONTENTS, READONLY, DEBUGGING
 14 .debug_str    000016c1  00000000  00000000  00015139  2**0
                  CONTENTS, READONLY, DEBUGGING
 15 .comment      00000033  00000000  00000000  000167fa  2**0
                  CONTENTS, READONLY
 16 .debug_frame  00000b08  00000000  00000000  00016830  2**2
                  CONTENTS, READONLY, DEBUGGING
SYMBOL TABLE:
00000000 l    d  .init	00000000 .init
000000a0 l    d  .text	00000000 .text
000014fc l    d  .fini	00000000 .fini
20000000 l    d  .dalign	00000000 .dalign
000014fc l    d  .dlalign	00000000 .dlalign
20000000 l    d  .data	00000000 .data
20000200 l    d  .bss	00000000 .bss
20000700 l    d  .stack	00000000 .stack
00000000 l    d  .debug_info	00000000 .debug_info
00000000 l    d  .debug_abbrev	00000000 .debug_abbrev
00000000 l    d  .debug_loc	00000000 .debug_loc
00000000 l    d  .debug_aranges	00000000 .debug_aranges
00000000 l    d  .debug_ranges	00000000 .debug_ranges
00000000 l    d  .debug_line	00000000 .debug_line
00000000 l    d  .debug_str	00000000 .debug_str
00000000 l    d  .comment	00000000 .comment
00000000 l    d  .debug_frame	00000000 .debug_frame
00000000 l    df *ABS*	00000000 aatt_brd.c
00000000 l    df *ABS*	00000000 ch32v00x_it.c
00000000 l    df *ABS*	00000000 main.c
00000000 l    df *ABS*	00000000 system_ch32v00x.c
00000000 l    df *ABS*	00000000 ch32v00x_dbgmcu.c
00000000 l    df *ABS*	00000000 ch32v00x_gpio.c
00000000 l    df *ABS*	00000000 ch32v00x_misc.c
00000000 l    df *ABS*	00000000 ch32v00x_rcc.c
20000004 l     O .data	00000014 ADCPrescTable
20000018 l     O .data	00000010 APBAHBPrescTable
00000000 l    df *ABS*	00000000 ch32v00x_usart.c
00000000 l    df *ABS*	00000000 debug.c
20000208 l     O .bss	00000002 p_ms
2000020a l     O .bss	00000001 p_us
00000000 l    df *ABS*	00000000 wchprintf.c
00000000 l    df *ABS*	00000000 atoi.c
00000000 l    df *ABS*	00000000 itoa.c
00000000 l    df *ABS*	00000000 strlen.c
00000000 l    df *ABS*	00000000 strtol.c
00000fd4 l     F .text	00000166 _strtol_l.isra.0
00000000 l    df *ABS*	00000000 utoa.c
00000000 l    df *ABS*	00000000 locale.c
00000000 l    df *ABS*	00000000 mbtowc_r.c
00000000 l    df *ABS*	00000000 memcpy.c
00000000 l    df *ABS*	00000000 wctomb_r.c
00000000 l    df *ABS*	00000000 ctype_.c
00000000 l    df *ABS*	00000000 impure.c
20000028 l     O .data	00000060 impure_data
00000bfe  w    F .text	00000004 printDouble
00000c02  w    F .text	00000352 print
00000f54  w    F .text	00000022 printf
200009f8 g       .data	00000000 __global_pointer$
000005c4  w      .text	00000000 TIM1_CC_IRQHandler
00000328 g     F .text	00000002 HardFault_Handler
00000aec  w    F .text	0000010e printInt
00000218 g     F .text	00000016 set_rele2
00000596  w      .text	00000000 SysTick_Handler
0000059c  w      .text	00000000 PVD_IRQHandler
00000270 g     F .text	00000018 set_rele6
00000324 g     F .text	00000004 NMI_Handler
00000644 g     F .text	0000000a DBGMCU_GetCHIPID
000008e0 g     F .text	0000000a USART_GetFlagStatus
20000200 g       .bss	00000000 _sbss
00000100 g       *ABS*	00000000 __stack_size
0000134c g     O .text	0000005c tbl_db_rel
0000091e g     F .text	00000054 USART_Printf_Init
000000aa g     F .text	0000000a .hidden __riscv_restore_2
00000288 g     F .text	00000018 set_rele7
0000123c g     F .text	000000d2 memcpy
00000bfa  w    F .text	00000004 printLongLongInt
20000000 g     O .data	00000004 SystemCoreClock
000008d8 g     F .text	00000008 USART_ReceiveData
0000022e g     F .text	00000016 set_rele3
000000d4 g     F .text	0000002c .hidden __udivsi3
000000a0 g       .init	00000000 _einit
000007d0 g     F .text	0000001e RCC_APB2PeriphClockCmd
0000064e g     F .text	000000d6 GPIO_Init
00000fc0 g     F .text	00000002 itoa
20000204 g     O .bss	00000004 NVIC_Priority_Group
000005bc  w      .text	00000000 SPI1_IRQHandler
000008ba g     F .text	00000016 USART_Cmd
000000a0 g     F .text	0000000a .hidden __riscv_save_1
000002a0 g     F .text	0000001a set_rele8
000000aa g     F .text	0000000a .hidden __riscv_restore_0
000005a4  w      .text	00000000 AWU_IRQHandler
000005a2  w      .text	00000000 EXTI7_0_IRQHandler
20000700 g       .stack	00000000 _heap_end
000003a0 g     F .text	00000024 set_rele_db
000005ac  w      .text	00000000 DMA1_Channel4_IRQHandler
000005b4  w      .text	00000000 ADC1_IRQHandler
0000113a g     F .text	00000020 strtol
2000020c g       .bss	00000000 _ebss
000005b2  w      .text	00000000 DMA1_Channel7_IRQHandler
000008ea g     F .text	00000034 Delay_Init
0000025a g     F .text	00000016 set_rele5
00000724 g     F .text	0000000a GPIO_WriteBit
00000100 g     F .text	00000008 .hidden __umodsi3
000005b6  w      .text	00000000 I2C1_EV_IRQHandler
00000f7c g     F .text	00000044 __itoa
00000734 g     F .text	0000009c RCC_GetClocksFreq
000005b0  w      .text	00000000 DMA1_Channel6_IRQHandler
000007ee g     F .text	000000cc USART_Init
20000200 g     O .bss	00000001 val
000005a0  w      .text	00000000 RCC_IRQHandler
000005c2  w      .text	00000000 TIM1_TRG_COM_IRQHandler
000005a6  w      .text	00000000 DMA1_Channel1_IRQHandler
00000000 g       .init	00000000 _start
000013a8 g     O .text	00000010 AHBPrescTable
00000a06  w    F .text	000000e6 prints
000000b4 g     F .text	00000014 .hidden __mulsi3
20000000 g       .dalign	00000000 _data_vma
0000032a g     F .text	00000076 USARTx_CFG
0000115a g     F .text	000000aa __utoa
000001fe g     F .text	0000001a set_rele1
000003c4 g     F .text	000000ee main
0000130e g     F .text	0000001e __ascii_wctomb
000005ae  w      .text	00000000 DMA1_Channel5_IRQHandler
000000cc g     F .text	00000058 .hidden __divsi3
000004b2 g     F .text	0000007e SystemInit
000009be  w    F .text	00000048 printchar
00000000 g       .init	00000000 _sinit
000005aa  w      .text	00000000 DMA1_Channel3_IRQHandler
00000244 g     F .text	00000016 set_rele4
200001f8 g     O .data	00000004 _impure_ptr
000005c0  w      .text	00000000 TIM1_UP_IRQHandler
0000059a  w      .text	00000000 WWDG_IRQHandler
0000120a g     F .text	00000032 __ascii_mbtowc
000005c6  w      .text	00000000 TIM2_IRQHandler
20000800 g       .stack	00000000 _eusrstack
000000a0 g     F .text	0000000a .hidden __riscv_save_2
00000598  w      .text	00000000 SW_Handler
000002ba g     F .text	0000006a set_reles
000005be  w      .text	00000000 TIM1_BRK_IRQHandler
000008d0 g     F .text	00000008 USART_SendData
00000972 g     F .text	0000004c _write
20000200 g       .data	00000000 _edata
2000020c g       .bss	00000000 _end
000014fc g       .dlalign	00000000 _data_lma
00000530 g     F .text	00000062 SystemCoreClockUpdate
00000124 g     F .text	00000024 .hidden __modsi3
000005a8  w      .text	00000000 DMA1_Channel2_IRQHandler
00000f76 g     F .text	00000006 atoi
000013f8 g     O .text	00000101 _ctype_
000005c8  w      .text	00000000 handle_reset
0000059e  w      .text	00000000 FLASH_IRQHandler
000000a0 g     F .text	0000000a .hidden __riscv_save_0
000005ba  w      .text	00000000 USART1_IRQHandler
00000fc2 g     F .text	00000012 strlen
0000014a g     F .text	000000b4 init_gpio
00001204 g     F .text	00000006 __locale_ctype_ptr_l
000005b8  w      .text	00000000 I2C1_ER_IRQHandler
0000072e g     F .text	00000006 NVIC_PriorityGroupConfig
000000aa g     F .text	0000000a .hidden __riscv_restore_1
20000088 g     O .data	0000016c __global_locale



Disassembly of section .init:

00000000 <_sinit>:
   0:	5c80006f          	j	5c8 <handle_reset>
   4:	0000                	unimp
   6:	0000                	unimp
   8:	0324                	addi	s1,sp,392
   a:	0000                	unimp
   c:	0328                	addi	a0,sp,392
	...
  2e:	0000                	unimp
  30:	0596                	slli	a1,a1,0x5
  32:	0000                	unimp
  34:	0000                	unimp
  36:	0000                	unimp
  38:	0598                	addi	a4,sp,704
  3a:	0000                	unimp
  3c:	0000                	unimp
  3e:	0000                	unimp
  40:	059a                	slli	a1,a1,0x6
  42:	0000                	unimp
  44:	059c                	addi	a5,sp,704
  46:	0000                	unimp
  48:	059e                	slli	a1,a1,0x7
  4a:	0000                	unimp
  4c:	05a0                	addi	s0,sp,712
  4e:	0000                	unimp
  50:	05a2                	slli	a1,a1,0x8
  52:	0000                	unimp
  54:	05a4                	addi	s1,sp,712
  56:	0000                	unimp
  58:	05a6                	slli	a1,a1,0x9
  5a:	0000                	unimp
  5c:	05a8                	addi	a0,sp,712
  5e:	0000                	unimp
  60:	05aa                	slli	a1,a1,0xa
  62:	0000                	unimp
  64:	05ac                	addi	a1,sp,712
  66:	0000                	unimp
  68:	05ae                	slli	a1,a1,0xb
  6a:	0000                	unimp
  6c:	05b0                	addi	a2,sp,712
  6e:	0000                	unimp
  70:	05b2                	slli	a1,a1,0xc
  72:	0000                	unimp
  74:	05b4                	addi	a3,sp,712
  76:	0000                	unimp
  78:	05b6                	slli	a1,a1,0xd
  7a:	0000                	unimp
  7c:	05b8                	addi	a4,sp,712
  7e:	0000                	unimp
  80:	05ba                	slli	a1,a1,0xe
  82:	0000                	unimp
  84:	05bc                	addi	a5,sp,712
  86:	0000                	unimp
  88:	05be                	slli	a1,a1,0xf
  8a:	0000                	unimp
  8c:	05c0                	addi	s0,sp,708
  8e:	0000                	unimp
  90:	05c2                	slli	a1,a1,0x10
  92:	0000                	unimp
  94:	05c4                	addi	s1,sp,708
  96:	0000                	unimp
  98:	05c6                	slli	a1,a1,0x11
  9a:	0000                	unimp
  9c:	0000                	unimp
	...

Disassembly of section .text:

000000a0 <__riscv_save_0>:
      a0:	1151                	addi	sp,sp,-12
      a2:	c026                	sw	s1,0(sp)
      a4:	c222                	sw	s0,4(sp)
      a6:	c406                	sw	ra,8(sp)
      a8:	8282                	jr	t0

000000aa <__riscv_restore_0>:
      aa:	4482                	lw	s1,0(sp)
      ac:	4412                	lw	s0,4(sp)
      ae:	40a2                	lw	ra,8(sp)
      b0:	0131                	addi	sp,sp,12
      b2:	8082                	ret

000000b4 <__mulsi3>:
      b4:	862a                	mv	a2,a0
      b6:	4501                	li	a0,0
      b8:	0015f693          	andi	a3,a1,1
      bc:	c291                	beqz	a3,c0 <__mulsi3+0xc>
      be:	9532                	add	a0,a0,a2
      c0:	8185                	srli	a1,a1,0x1
      c2:	0606                	slli	a2,a2,0x1
      c4:	f9f5                	bnez	a1,b8 <__mulsi3+0x4>
      c6:	8082                	ret
      c8:	0000                	unimp
	...

000000cc <__divsi3>:
      cc:	02054e63          	bltz	a0,108 <__umodsi3+0x8>
      d0:	0405c363          	bltz	a1,116 <__umodsi3+0x16>

000000d4 <__udivsi3>:
      d4:	862e                	mv	a2,a1
      d6:	85aa                	mv	a1,a0
      d8:	557d                	li	a0,-1
      da:	c215                	beqz	a2,fe <__udivsi3+0x2a>
      dc:	4685                	li	a3,1
      de:	00b67863          	bgeu	a2,a1,ee <__udivsi3+0x1a>
      e2:	00c05663          	blez	a2,ee <__udivsi3+0x1a>
      e6:	0606                	slli	a2,a2,0x1
      e8:	0686                	slli	a3,a3,0x1
      ea:	feb66ce3          	bltu	a2,a1,e2 <__udivsi3+0xe>
      ee:	4501                	li	a0,0
      f0:	00c5e463          	bltu	a1,a2,f8 <__udivsi3+0x24>
      f4:	8d91                	sub	a1,a1,a2
      f6:	8d55                	or	a0,a0,a3
      f8:	8285                	srli	a3,a3,0x1
      fa:	8205                	srli	a2,a2,0x1
      fc:	faf5                	bnez	a3,f0 <__udivsi3+0x1c>
      fe:	8082                	ret

00000100 <__umodsi3>:
     100:	8286                	mv	t0,ra
     102:	3fc9                	jal	d4 <__udivsi3>
     104:	852e                	mv	a0,a1
     106:	8282                	jr	t0
     108:	40a00533          	neg	a0,a0
     10c:	0005d763          	bgez	a1,11a <__umodsi3+0x1a>
     110:	40b005b3          	neg	a1,a1
     114:	b7c1                	j	d4 <__udivsi3>
     116:	40b005b3          	neg	a1,a1
     11a:	8286                	mv	t0,ra
     11c:	3f65                	jal	d4 <__udivsi3>
     11e:	40a00533          	neg	a0,a0
     122:	8282                	jr	t0

00000124 <__modsi3>:
     124:	8286                	mv	t0,ra
     126:	0005c763          	bltz	a1,134 <__modsi3+0x10>
     12a:	00054963          	bltz	a0,13c <__modsi3+0x18>
     12e:	375d                	jal	d4 <__udivsi3>
     130:	852e                	mv	a0,a1
     132:	8282                	jr	t0
     134:	40b005b3          	neg	a1,a1
     138:	fe055be3          	bgez	a0,12e <__modsi3+0xa>
     13c:	40a00533          	neg	a0,a0
     140:	3f51                	jal	d4 <__udivsi3>
     142:	40b00533          	neg	a0,a1
     146:	8282                	jr	t0
	...

0000014a <init_gpio>:
     14a:	f57ff2ef          	jal	t0,a0 <__riscv_save_0>
     14e:	1151                	addi	sp,sp,-12
     150:	4585                	li	a1,1
     152:	4511                	li	a0,4
     154:	c002                	sw	zero,0(sp)
     156:	c202                	sw	zero,4(sp)
     158:	c402                	sw	zero,8(sp)
     15a:	676000ef          	jal	ra,7d0 <RCC_APB2PeriphClockCmd>
     15e:	4585                	li	a1,1
     160:	4541                	li	a0,16
     162:	66e000ef          	jal	ra,7d0 <RCC_APB2PeriphClockCmd>
     166:	4585                	li	a1,1
     168:	02000513          	li	a0,32
     16c:	664000ef          	jal	ra,7d0 <RCC_APB2PeriphClockCmd>
     170:	4789                	li	a5,2
     172:	807c                	sh	a5,0(sp)
     174:	400117b7          	lui	a5,0x40011
     178:	4441                	li	s0,16
     17a:	4489                	li	s1,2
     17c:	80078513          	addi	a0,a5,-2048 # 40010800 <__global_pointer$+0x2000fe08>
     180:	858a                	mv	a1,sp
     182:	c422                	sw	s0,8(sp)
     184:	c226                	sw	s1,4(sp)
     186:	21e1                	jal	64e <GPIO_Init>
     188:	858a                	mv	a1,sp
     18a:	40011537          	lui	a0,0x40011
     18e:	8064                	sh	s1,0(sp)
     190:	c422                	sw	s0,8(sp)
     192:	c226                	sw	s1,4(sp)
     194:	296d                	jal	64e <GPIO_Init>
     196:	4711                	li	a4,4
     198:	858a                	mv	a1,sp
     19a:	40011537          	lui	a0,0x40011
     19e:	8078                	sh	a4,0(sp)
     1a0:	c422                	sw	s0,8(sp)
     1a2:	c226                	sw	s1,4(sp)
     1a4:	216d                	jal	64e <GPIO_Init>
     1a6:	4721                	li	a4,8
     1a8:	858a                	mv	a1,sp
     1aa:	40011537          	lui	a0,0x40011
     1ae:	8078                	sh	a4,0(sp)
     1b0:	c422                	sw	s0,8(sp)
     1b2:	c226                	sw	s1,4(sp)
     1b4:	2969                	jal	64e <GPIO_Init>
     1b6:	858a                	mv	a1,sp
     1b8:	40011537          	lui	a0,0x40011
     1bc:	8060                	sh	s0,0(sp)
     1be:	c422                	sw	s0,8(sp)
     1c0:	c226                	sw	s1,4(sp)
     1c2:	2171                	jal	64e <GPIO_Init>
     1c4:	04000713          	li	a4,64
     1c8:	858a                	mv	a1,sp
     1ca:	40011537          	lui	a0,0x40011
     1ce:	8078                	sh	a4,0(sp)
     1d0:	c422                	sw	s0,8(sp)
     1d2:	c226                	sw	s1,4(sp)
     1d4:	29ad                	jal	64e <GPIO_Init>
     1d6:	08000713          	li	a4,128
     1da:	858a                	mv	a1,sp
     1dc:	40011537          	lui	a0,0x40011
     1e0:	8078                	sh	a4,0(sp)
     1e2:	c422                	sw	s0,8(sp)
     1e4:	c226                	sw	s1,4(sp)
     1e6:	21a5                	jal	64e <GPIO_Init>
     1e8:	400117b7          	lui	a5,0x40011
     1ec:	858a                	mv	a1,sp
     1ee:	40078513          	addi	a0,a5,1024 # 40011400 <__global_pointer$+0x20010a08>
     1f2:	8060                	sh	s0,0(sp)
     1f4:	c422                	sw	s0,8(sp)
     1f6:	c226                	sw	s1,4(sp)
     1f8:	2999                	jal	64e <GPIO_Init>
     1fa:	0131                	addi	sp,sp,12
     1fc:	b57d                	j	aa <__riscv_restore_0>

000001fe <set_rele1>:
     1fe:	ea3ff2ef          	jal	t0,a0 <__riscv_save_0>
     202:	8905                	andi	a0,a0,1
     204:	4605                	li	a2,1
     206:	e111                	bnez	a0,20a <set_rele1+0xc>
     208:	4601                	li	a2,0
     20a:	40011537          	lui	a0,0x40011
     20e:	4589                	li	a1,2
     210:	80050513          	addi	a0,a0,-2048 # 40010800 <__global_pointer$+0x2000fe08>
     214:	2b01                	jal	724 <GPIO_WriteBit>
     216:	bd51                	j	aa <__riscv_restore_0>

00000218 <set_rele2>:
     218:	e89ff2ef          	jal	t0,a0 <__riscv_save_0>
     21c:	8905                	andi	a0,a0,1
     21e:	4605                	li	a2,1
     220:	e111                	bnez	a0,224 <set_rele2+0xc>
     222:	4601                	li	a2,0
     224:	4589                	li	a1,2
     226:	40011537          	lui	a0,0x40011
     22a:	29ed                	jal	724 <GPIO_WriteBit>
     22c:	bdbd                	j	aa <__riscv_restore_0>

0000022e <set_rele3>:
     22e:	e73ff2ef          	jal	t0,a0 <__riscv_save_0>
     232:	8905                	andi	a0,a0,1
     234:	4605                	li	a2,1
     236:	e111                	bnez	a0,23a <set_rele3+0xc>
     238:	4601                	li	a2,0
     23a:	4591                	li	a1,4
     23c:	40011537          	lui	a0,0x40011
     240:	21d5                	jal	724 <GPIO_WriteBit>
     242:	b5a5                	j	aa <__riscv_restore_0>

00000244 <set_rele4>:
     244:	e5dff2ef          	jal	t0,a0 <__riscv_save_0>
     248:	8905                	andi	a0,a0,1
     24a:	4605                	li	a2,1
     24c:	e111                	bnez	a0,250 <set_rele4+0xc>
     24e:	4601                	li	a2,0
     250:	45a1                	li	a1,8
     252:	40011537          	lui	a0,0x40011
     256:	21f9                	jal	724 <GPIO_WriteBit>
     258:	bd89                	j	aa <__riscv_restore_0>

0000025a <set_rele5>:
     25a:	e47ff2ef          	jal	t0,a0 <__riscv_save_0>
     25e:	8905                	andi	a0,a0,1
     260:	4605                	li	a2,1
     262:	e111                	bnez	a0,266 <set_rele5+0xc>
     264:	4601                	li	a2,0
     266:	45c1                	li	a1,16
     268:	40011537          	lui	a0,0x40011
     26c:	2965                	jal	724 <GPIO_WriteBit>
     26e:	bd35                	j	aa <__riscv_restore_0>

00000270 <set_rele6>:
     270:	e31ff2ef          	jal	t0,a0 <__riscv_save_0>
     274:	8905                	andi	a0,a0,1
     276:	4605                	li	a2,1
     278:	e111                	bnez	a0,27c <set_rele6+0xc>
     27a:	4601                	li	a2,0
     27c:	04000593          	li	a1,64
     280:	40011537          	lui	a0,0x40011
     284:	2145                	jal	724 <GPIO_WriteBit>
     286:	b515                	j	aa <__riscv_restore_0>

00000288 <set_rele7>:
     288:	e19ff2ef          	jal	t0,a0 <__riscv_save_0>
     28c:	8905                	andi	a0,a0,1
     28e:	4605                	li	a2,1
     290:	e111                	bnez	a0,294 <set_rele7+0xc>
     292:	4601                	li	a2,0
     294:	08000593          	li	a1,128
     298:	40011537          	lui	a0,0x40011
     29c:	2161                	jal	724 <GPIO_WriteBit>
     29e:	b531                	j	aa <__riscv_restore_0>

000002a0 <set_rele8>:
     2a0:	e01ff2ef          	jal	t0,a0 <__riscv_save_0>
     2a4:	8905                	andi	a0,a0,1
     2a6:	4605                	li	a2,1
     2a8:	e111                	bnez	a0,2ac <set_rele8+0xc>
     2aa:	4601                	li	a2,0
     2ac:	40011537          	lui	a0,0x40011
     2b0:	45c1                	li	a1,16
     2b2:	40050513          	addi	a0,a0,1024 # 40011400 <__global_pointer$+0x20010a08>
     2b6:	21bd                	jal	724 <GPIO_WriteBit>
     2b8:	bbcd                	j	aa <__riscv_restore_0>

000002ba <set_reles>:
     2ba:	de7ff2ef          	jal	t0,a0 <__riscv_save_0>
     2be:	00157793          	andi	a5,a0,1
     2c2:	842a                	mv	s0,a0
     2c4:	4505                	li	a0,1
     2c6:	e391                	bnez	a5,2ca <set_reles+0x10>
     2c8:	4501                	li	a0,0
     2ca:	3f15                	jal	1fe <set_rele1>
     2cc:	00247793          	andi	a5,s0,2
     2d0:	4505                	li	a0,1
     2d2:	e391                	bnez	a5,2d6 <set_reles+0x1c>
     2d4:	4501                	li	a0,0
     2d6:	3789                	jal	218 <set_rele2>
     2d8:	00447793          	andi	a5,s0,4
     2dc:	4505                	li	a0,1
     2de:	e391                	bnez	a5,2e2 <set_reles+0x28>
     2e0:	4501                	li	a0,0
     2e2:	37b1                	jal	22e <set_rele3>
     2e4:	00847793          	andi	a5,s0,8
     2e8:	4505                	li	a0,1
     2ea:	e391                	bnez	a5,2ee <set_reles+0x34>
     2ec:	4501                	li	a0,0
     2ee:	3f99                	jal	244 <set_rele4>
     2f0:	01047793          	andi	a5,s0,16
     2f4:	4505                	li	a0,1
     2f6:	e391                	bnez	a5,2fa <set_reles+0x40>
     2f8:	4501                	li	a0,0
     2fa:	3785                	jal	25a <set_rele5>
     2fc:	02047793          	andi	a5,s0,32
     300:	4505                	li	a0,1
     302:	e391                	bnez	a5,306 <set_reles+0x4c>
     304:	4501                	li	a0,0
     306:	37ad                	jal	270 <set_rele6>
     308:	04047793          	andi	a5,s0,64
     30c:	4505                	li	a0,1
     30e:	e391                	bnez	a5,312 <set_reles+0x58>
     310:	4501                	li	a0,0
     312:	0462                	slli	s0,s0,0x18
     314:	3f95                	jal	288 <set_rele7>
     316:	8461                	srai	s0,s0,0x18
     318:	4505                	li	a0,1
     31a:	00044363          	bltz	s0,320 <set_reles+0x66>
     31e:	4501                	li	a0,0
     320:	3741                	jal	2a0 <set_rele8>
     322:	b361                	j	aa <__riscv_restore_0>

00000324 <NMI_Handler>:
     324:	30200073          	mret

00000328 <HardFault_Handler>:
     328:	a001                	j	328 <HardFault_Handler>

0000032a <USARTx_CFG>:
     32a:	d77ff2ef          	jal	t0,a0 <__riscv_save_0>
     32e:	6511                	lui	a0,0x4
     330:	1111                	addi	sp,sp,-28
     332:	4585                	li	a1,1
     334:	02050513          	addi	a0,a0,32 # 4020 <_data_lma+0x2b24>
     338:	c002                	sw	zero,0(sp)
     33a:	c202                	sw	zero,4(sp)
     33c:	c402                	sw	zero,8(sp)
     33e:	c602                	sw	zero,12(sp)
     340:	c802                	sw	zero,16(sp)
     342:	ca02                	sw	zero,20(sp)
     344:	cc02                	sw	zero,24(sp)
     346:	2169                	jal	7d0 <RCC_APB2PeriphClockCmd>
     348:	02000793          	li	a5,32
     34c:	807c                	sh	a5,0(sp)
     34e:	40011437          	lui	s0,0x40011
     352:	478d                	li	a5,3
     354:	c23e                	sw	a5,4(sp)
     356:	858a                	mv	a1,sp
     358:	47e1                	li	a5,24
     35a:	40040513          	addi	a0,s0,1024 # 40011400 <__global_pointer$+0x20010a08>
     35e:	c43e                	sw	a5,8(sp)
     360:	24fd                	jal	64e <GPIO_Init>
     362:	04000793          	li	a5,64
     366:	807c                	sh	a5,0(sp)
     368:	858a                	mv	a1,sp
     36a:	4791                	li	a5,4
     36c:	40040513          	addi	a0,s0,1024
     370:	c43e                	sw	a5,8(sp)
     372:	2cf1                	jal	64e <GPIO_Init>
     374:	67f1                	lui	a5,0x1c
     376:	40014437          	lui	s0,0x40014
     37a:	20078793          	addi	a5,a5,512 # 1c200 <_data_lma+0x1ad04>
     37e:	c63e                	sw	a5,12(sp)
     380:	006c                	addi	a1,sp,12
     382:	000c07b7          	lui	a5,0xc0
     386:	80040513          	addi	a0,s0,-2048 # 40013800 <__global_pointer$+0x20012e08>
     38a:	ca3e                	sw	a5,20(sp)
     38c:	c802                	sw	zero,16(sp)
     38e:	00011c23          	sh	zero,24(sp)
     392:	29b1                	jal	7ee <USART_Init>
     394:	4585                	li	a1,1
     396:	80040513          	addi	a0,s0,-2048
     39a:	2305                	jal	8ba <USART_Cmd>
     39c:	0171                	addi	sp,sp,28
     39e:	b331                	j	aa <__riscv_restore_0>

000003a0 <set_rele_db>:
     3a0:	d01ff2ef          	jal	t0,a0 <__riscv_save_0>
     3a4:	05b00713          	li	a4,91
     3a8:	05b00793          	li	a5,91
     3ac:	00a76363          	bltu	a4,a0,3b2 <set_rele_db+0x12>
     3b0:	87aa                	mv	a5,a0
     3b2:	0ff7f713          	andi	a4,a5,255
     3b6:	6785                	lui	a5,0x1
     3b8:	34c78793          	addi	a5,a5,844 # 134c <tbl_db_rel>
     3bc:	97ba                	add	a5,a5,a4
     3be:	2388                	lbu	a0,0(a5)
     3c0:	3ded                	jal	2ba <set_reles>
     3c2:	b1e5                	j	aa <__riscv_restore_0>

000003c4 <main>:
     3c4:	cddff2ef          	jal	t0,a0 <__riscv_save_0>
     3c8:	7139                	addi	sp,sp,-64
     3ca:	4509                	li	a0,2
     3cc:	268d                	jal	72e <NVIC_PriorityGroupConfig>
     3ce:	228d                	jal	530 <SystemCoreClockUpdate>
     3d0:	2b29                	jal	8ea <Delay_Init>
     3d2:	6571                	lui	a0,0x1c
     3d4:	20050513          	addi	a0,a0,512 # 1c200 <_data_lma+0x1ad04>
     3d8:	2399                	jal	91e <USART_Printf_Init>
     3da:	200007b7          	lui	a5,0x20000
     3de:	0007a583          	lw	a1,0(a5) # 20000000 <_data_vma>
     3e2:	00001537          	lui	a0,0x1
     3e6:	32c50513          	addi	a0,a0,812 # 132c <__ascii_wctomb+0x1e>
     3ea:	36b000ef          	jal	ra,f54 <printf>
     3ee:	2c99                	jal	644 <DBGMCU_GetCHIPID>
     3f0:	85aa                	mv	a1,a0
     3f2:	00001537          	lui	a0,0x1
     3f6:	33c50513          	addi	a0,a0,828 # 133c <__ascii_wctomb+0x2e>
     3fa:	35b000ef          	jal	ra,f54 <printf>
     3fe:	3735                	jal	32a <USARTx_CFG>
     400:	33a9                	jal	14a <init_gpio>
     402:	4401                	li	s0,0
     404:	400147b7          	lui	a5,0x40014
     408:	80078713          	addi	a4,a5,-2048 # 40013800 <__global_pointer$+0x20012e08>
     40c:	853a                	mv	a0,a4
     40e:	02000593          	li	a1,32
     412:	21f9                	jal	8e0 <USART_GetFlagStatus>
     414:	400147b7          	lui	a5,0x40014
     418:	80078713          	addi	a4,a5,-2048 # 40013800 <__global_pointer$+0x20012e08>
     41c:	d965                	beqz	a0,40c <main+0x48>
     41e:	853a                	mv	a0,a4
     420:	2965                	jal	8d8 <USART_ReceiveData>
     422:	80818793          	addi	a5,gp,-2040 # 20000200 <_edata>
     426:	0ff57513          	andi	a0,a0,255
     42a:	a388                	sb	a0,0(a5)
     42c:	2398                	lbu	a4,0(a5)
     42e:	009c                	addi	a5,sp,64
     430:	97a2                	add	a5,a5,s0
     432:	fce78023          	sb	a4,-64(a5)
     436:	477d                	li	a4,31
     438:	80818793          	addi	a5,gp,-2040 # 20000200 <_edata>
     43c:	00876563          	bltu	a4,s0,446 <main+0x82>
     440:	0405                	addi	s0,s0,1
     442:	0ff47413          	andi	s0,s0,255
     446:	239c                	lbu	a5,0(a5)
     448:	4735                	li	a4,13
     44a:	faf71de3          	bne	a4,a5,404 <main+0x40>
     44e:	009c                	addi	a5,sp,64
     450:	943e                	add	s0,s0,a5
     452:	850a                	mv	a0,sp
     454:	fa040fa3          	sb	zero,-65(s0)
     458:	31f000ef          	jal	ra,f76 <atoi>
     45c:	842a                	mv	s0,a0
     45e:	0ff57513          	andi	a0,a0,255
     462:	3f3d                	jal	3a0 <set_rele_db>
     464:	0ff47513          	andi	a0,s0,255
     468:	4641                	li	a2,16
     46a:	100c                	addi	a1,sp,32
     46c:	0505                	addi	a0,a0,1
     46e:	353000ef          	jal	ra,fc0 <itoa>
     472:	4401                	li	s0,0
     474:	1008                	addi	a0,sp,32
     476:	34d000ef          	jal	ra,fc2 <strlen>
     47a:	f8a474e3          	bgeu	s0,a0,402 <main+0x3e>
     47e:	009c                	addi	a5,sp,64
     480:	97a2                	add	a5,a5,s0
     482:	fe07c583          	lbu	a1,-32(a5)
     486:	400147b7          	lui	a5,0x40014
     48a:	80078513          	addi	a0,a5,-2048 # 40013800 <__global_pointer$+0x20012e08>
     48e:	2189                	jal	8d0 <USART_SendData>
     490:	400147b7          	lui	a5,0x40014
     494:	80078793          	addi	a5,a5,-2048 # 40013800 <__global_pointer$+0x20012e08>
     498:	853e                	mv	a0,a5
     49a:	08000593          	li	a1,128
     49e:	2189                	jal	8e0 <USART_GetFlagStatus>
     4a0:	400147b7          	lui	a5,0x40014
     4a4:	80078793          	addi	a5,a5,-2048 # 40013800 <__global_pointer$+0x20012e08>
     4a8:	d965                	beqz	a0,498 <main+0xd4>
     4aa:	0405                	addi	s0,s0,1
     4ac:	0ff47413          	andi	s0,s0,255
     4b0:	b7d1                	j	474 <main+0xb0>

000004b2 <SystemInit>:
     4b2:	400217b7          	lui	a5,0x40021
     4b6:	4398                	lw	a4,0(a5)
     4b8:	fcff06b7          	lui	a3,0xfcff0
     4bc:	00176713          	ori	a4,a4,1
     4c0:	c398                	sw	a4,0(a5)
     4c2:	43d8                	lw	a4,4(a5)
     4c4:	8f75                	and	a4,a4,a3
     4c6:	c3d8                	sw	a4,4(a5)
     4c8:	4398                	lw	a4,0(a5)
     4ca:	fef706b7          	lui	a3,0xfef70
     4ce:	16fd                	addi	a3,a3,-1
     4d0:	8f75                	and	a4,a4,a3
     4d2:	c398                	sw	a4,0(a5)
     4d4:	4398                	lw	a4,0(a5)
     4d6:	fffc06b7          	lui	a3,0xfffc0
     4da:	16fd                	addi	a3,a3,-1
     4dc:	8f75                	and	a4,a4,a3
     4de:	c398                	sw	a4,0(a5)
     4e0:	43d8                	lw	a4,4(a5)
     4e2:	76c1                	lui	a3,0xffff0
     4e4:	16fd                	addi	a3,a3,-1
     4e6:	8f75                	and	a4,a4,a3
     4e8:	c3d8                	sw	a4,4(a5)
     4ea:	009f0737          	lui	a4,0x9f0
     4ee:	c798                	sw	a4,8(a5)
     4f0:	4f98                	lw	a4,24(a5)
     4f2:	02076713          	ori	a4,a4,32
     4f6:	cf98                	sw	a4,24(a5)
     4f8:	40011737          	lui	a4,0x40011
     4fc:	40072683          	lw	a3,1024(a4) # 40011400 <__global_pointer$+0x20010a08>
     500:	40070613          	addi	a2,a4,1024
     504:	f0f6f693          	andi	a3,a3,-241
     508:	40d72023          	sw	a3,1024(a4)
     50c:	40072683          	lw	a3,1024(a4)
     510:	0806e693          	ori	a3,a3,128
     514:	40d72023          	sw	a3,1024(a4)
     518:	4709                	li	a4,2
     51a:	ca18                	sw	a4,16(a2)
     51c:	40022737          	lui	a4,0x40022
     520:	4314                	lw	a3,0(a4)
     522:	9af1                	andi	a3,a3,-4
     524:	c314                	sw	a3,0(a4)
     526:	4314                	lw	a3,0(a4)
     528:	c314                	sw	a3,0(a4)
     52a:	43d8                	lw	a4,4(a5)
     52c:	c3d8                	sw	a4,4(a5)
     52e:	8082                	ret

00000530 <SystemCoreClockUpdate>:
     530:	b71ff2ef          	jal	t0,a0 <__riscv_save_0>
     534:	40021737          	lui	a4,0x40021
     538:	435c                	lw	a5,4(a4)
     53a:	20000437          	lui	s0,0x20000
     53e:	4691                	li	a3,4
     540:	8bb1                	andi	a5,a5,12
     542:	00040413          	mv	s0,s0
     546:	00d78563          	beq	a5,a3,550 <SystemCoreClockUpdate+0x20>
     54a:	46a1                	li	a3,8
     54c:	02d78d63          	beq	a5,a3,586 <SystemCoreClockUpdate+0x56>
     550:	016e37b7          	lui	a5,0x16e3
     554:	60078793          	addi	a5,a5,1536 # 16e3600 <_data_lma+0x16e2104>
     558:	c01c                	sw	a5,0(s0)
     55a:	400216b7          	lui	a3,0x40021
     55e:	42dc                	lw	a5,4(a3)
     560:	4008                	lw	a0,0(s0)
     562:	8391                	srli	a5,a5,0x4
     564:	00f7f713          	andi	a4,a5,15
     568:	6785                	lui	a5,0x1
     56a:	3a878793          	addi	a5,a5,936 # 13a8 <AHBPrescTable>
     56e:	97ba                	add	a5,a5,a4
     570:	238c                	lbu	a1,0(a5)
     572:	42dc                	lw	a5,4(a3)
     574:	00b55733          	srl	a4,a0,a1
     578:	0807f793          	andi	a5,a5,128
     57c:	e399                	bnez	a5,582 <SystemCoreClockUpdate+0x52>
     57e:	3e99                	jal	d4 <__udivsi3>
     580:	872a                	mv	a4,a0
     582:	c018                	sw	a4,0(s0)
     584:	b61d                	j	aa <__riscv_restore_0>
     586:	435c                	lw	a5,4(a4)
     588:	02dc77b7          	lui	a5,0x2dc7
     58c:	c0078793          	addi	a5,a5,-1024 # 2dc6c00 <_data_lma+0x2dc5704>
     590:	b7e1                	j	558 <SystemCoreClockUpdate+0x28>
     592:	a001                	j	592 <SystemCoreClockUpdate+0x62>
     594:	a001                	j	594 <SystemCoreClockUpdate+0x64>

00000596 <SysTick_Handler>:
     596:	a001                	j	596 <SysTick_Handler>

00000598 <SW_Handler>:
     598:	a001                	j	598 <SW_Handler>

0000059a <WWDG_IRQHandler>:
     59a:	a001                	j	59a <WWDG_IRQHandler>

0000059c <PVD_IRQHandler>:
     59c:	a001                	j	59c <PVD_IRQHandler>

0000059e <FLASH_IRQHandler>:
     59e:	a001                	j	59e <FLASH_IRQHandler>

000005a0 <RCC_IRQHandler>:
     5a0:	a001                	j	5a0 <RCC_IRQHandler>

000005a2 <EXTI7_0_IRQHandler>:
     5a2:	a001                	j	5a2 <EXTI7_0_IRQHandler>

000005a4 <AWU_IRQHandler>:
     5a4:	a001                	j	5a4 <AWU_IRQHandler>

000005a6 <DMA1_Channel1_IRQHandler>:
     5a6:	a001                	j	5a6 <DMA1_Channel1_IRQHandler>

000005a8 <DMA1_Channel2_IRQHandler>:
     5a8:	a001                	j	5a8 <DMA1_Channel2_IRQHandler>

000005aa <DMA1_Channel3_IRQHandler>:
     5aa:	a001                	j	5aa <DMA1_Channel3_IRQHandler>

000005ac <DMA1_Channel4_IRQHandler>:
     5ac:	a001                	j	5ac <DMA1_Channel4_IRQHandler>

000005ae <DMA1_Channel5_IRQHandler>:
     5ae:	a001                	j	5ae <DMA1_Channel5_IRQHandler>

000005b0 <DMA1_Channel6_IRQHandler>:
     5b0:	a001                	j	5b0 <DMA1_Channel6_IRQHandler>

000005b2 <DMA1_Channel7_IRQHandler>:
     5b2:	a001                	j	5b2 <DMA1_Channel7_IRQHandler>

000005b4 <ADC1_IRQHandler>:
     5b4:	a001                	j	5b4 <ADC1_IRQHandler>

000005b6 <I2C1_EV_IRQHandler>:
     5b6:	a001                	j	5b6 <I2C1_EV_IRQHandler>

000005b8 <I2C1_ER_IRQHandler>:
     5b8:	a001                	j	5b8 <I2C1_ER_IRQHandler>

000005ba <USART1_IRQHandler>:
     5ba:	a001                	j	5ba <USART1_IRQHandler>

000005bc <SPI1_IRQHandler>:
     5bc:	a001                	j	5bc <SPI1_IRQHandler>

000005be <TIM1_BRK_IRQHandler>:
     5be:	a001                	j	5be <TIM1_BRK_IRQHandler>

000005c0 <TIM1_UP_IRQHandler>:
     5c0:	a001                	j	5c0 <TIM1_UP_IRQHandler>

000005c2 <TIM1_TRG_COM_IRQHandler>:
     5c2:	a001                	j	5c2 <TIM1_TRG_COM_IRQHandler>

000005c4 <TIM1_CC_IRQHandler>:
     5c4:	a001                	j	5c4 <TIM1_CC_IRQHandler>

000005c6 <TIM2_IRQHandler>:
     5c6:	a001                	j	5c6 <TIM2_IRQHandler>

000005c8 <handle_reset>:
     5c8:	20000197          	auipc	gp,0x20000
     5cc:	43018193          	addi	gp,gp,1072 # 200009f8 <__global_pointer$>
     5d0:	e0818113          	addi	sp,gp,-504 # 20000800 <_eusrstack>
     5d4:	00001517          	auipc	a0,0x1
     5d8:	f2850513          	addi	a0,a0,-216 # 14fc <_data_lma>
     5dc:	20000597          	auipc	a1,0x20000
     5e0:	a2458593          	addi	a1,a1,-1500 # 20000000 <_data_vma>
     5e4:	80818613          	addi	a2,gp,-2040 # 20000200 <_edata>
     5e8:	00c5fa63          	bgeu	a1,a2,5fc <handle_reset+0x34>
     5ec:	00052283          	lw	t0,0(a0)
     5f0:	0055a023          	sw	t0,0(a1)
     5f4:	0511                	addi	a0,a0,4
     5f6:	0591                	addi	a1,a1,4
     5f8:	fec5eae3          	bltu	a1,a2,5ec <handle_reset+0x24>
     5fc:	80818513          	addi	a0,gp,-2040 # 20000200 <_edata>
     600:	81418593          	addi	a1,gp,-2028 # 2000020c <_ebss>
     604:	00b57763          	bgeu	a0,a1,612 <handle_reset+0x4a>
     608:	00052023          	sw	zero,0(a0)
     60c:	0511                	addi	a0,a0,4
     60e:	feb56de3          	bltu	a0,a1,608 <handle_reset+0x40>
     612:	08000293          	li	t0,128
     616:	30029073          	csrw	mstatus,t0
     61a:	428d                	li	t0,3
     61c:	80429073          	csrw	0x804,t0
     620:	00000297          	auipc	t0,0x0
     624:	9e028293          	addi	t0,t0,-1568 # 0 <_sinit>
     628:	0032e293          	ori	t0,t0,3
     62c:	30529073          	csrw	mtvec,t0
     630:	e83ff0ef          	jal	ra,4b2 <SystemInit>
     634:	00000297          	auipc	t0,0x0
     638:	d9028293          	addi	t0,t0,-624 # 3c4 <main>
     63c:	34129073          	csrw	mepc,t0
     640:	30200073          	mret

00000644 <DBGMCU_GetCHIPID>:
     644:	1ffff7b7          	lui	a5,0x1ffff
     648:	7c47a503          	lw	a0,1988(a5) # 1ffff7c4 <_data_lma+0x1fffe2c8>
     64c:	8082                	ret

0000064e <GPIO_Init>:
     64e:	459c                	lw	a5,8(a1)
     650:	1161                	addi	sp,sp,-8
     652:	c222                	sw	s0,4(sp)
     654:	c026                	sw	s1,0(sp)
     656:	0107f713          	andi	a4,a5,16
     65a:	00f7f313          	andi	t1,a5,15
     65e:	c701                	beqz	a4,666 <GPIO_Init+0x18>
     660:	41d8                	lw	a4,4(a1)
     662:	00e36333          	or	t1,t1,a4
     666:	2192                	lhu	a2,0(a1)
     668:	0ff67713          	andi	a4,a2,255
     66c:	c729                	beqz	a4,6b6 <GPIO_Init+0x68>
     66e:	00052383          	lw	t2,0(a0)
     672:	4701                	li	a4,0
     674:	02800413          	li	s0,40
     678:	04800493          	li	s1,72
     67c:	4685                	li	a3,1
     67e:	00e695b3          	sll	a1,a3,a4
     682:	00b676b3          	and	a3,a2,a1
     686:	02d59263          	bne	a1,a3,6aa <GPIO_Init+0x5c>
     68a:	00271293          	slli	t0,a4,0x2
     68e:	46bd                	li	a3,15
     690:	005696b3          	sll	a3,a3,t0
     694:	fff6c693          	not	a3,a3
     698:	0076f3b3          	and	t2,a3,t2
     69c:	005312b3          	sll	t0,t1,t0
     6a0:	0072e3b3          	or	t2,t0,t2
     6a4:	06879763          	bne	a5,s0,712 <GPIO_Init+0xc4>
     6a8:	c94c                	sw	a1,20(a0)
     6aa:	0705                	addi	a4,a4,1
     6ac:	46a1                	li	a3,8
     6ae:	fcd717e3          	bne	a4,a3,67c <GPIO_Init+0x2e>
     6b2:	00752023          	sw	t2,0(a0)
     6b6:	0ff00713          	li	a4,255
     6ba:	04c77863          	bgeu	a4,a2,70a <GPIO_Init+0xbc>
     6be:	00452383          	lw	t2,4(a0)
     6c2:	46a1                	li	a3,8
     6c4:	02800413          	li	s0,40
     6c8:	04800493          	li	s1,72
     6cc:	4705                	li	a4,1
     6ce:	00d712b3          	sll	t0,a4,a3
     6d2:	00567733          	and	a4,a2,t0
     6d6:	02e29463          	bne	t0,a4,6fe <GPIO_Init+0xb0>
     6da:	00269713          	slli	a4,a3,0x2
     6de:	1701                	addi	a4,a4,-32
     6e0:	45bd                	li	a1,15
     6e2:	00e595b3          	sll	a1,a1,a4
     6e6:	fff5c593          	not	a1,a1
     6ea:	0075f3b3          	and	t2,a1,t2
     6ee:	00e31733          	sll	a4,t1,a4
     6f2:	007763b3          	or	t2,a4,t2
     6f6:	02879263          	bne	a5,s0,71a <GPIO_Init+0xcc>
     6fa:	00552a23          	sw	t0,20(a0)
     6fe:	0685                	addi	a3,a3,1
     700:	4741                	li	a4,16
     702:	fce695e3          	bne	a3,a4,6cc <GPIO_Init+0x7e>
     706:	00752223          	sw	t2,4(a0)
     70a:	4412                	lw	s0,4(sp)
     70c:	4482                	lw	s1,0(sp)
     70e:	0121                	addi	sp,sp,8
     710:	8082                	ret
     712:	f8979ce3          	bne	a5,s1,6aa <GPIO_Init+0x5c>
     716:	c90c                	sw	a1,16(a0)
     718:	bf49                	j	6aa <GPIO_Init+0x5c>
     71a:	fe9792e3          	bne	a5,s1,6fe <GPIO_Init+0xb0>
     71e:	00552823          	sw	t0,16(a0)
     722:	bff1                	j	6fe <GPIO_Init+0xb0>

00000724 <GPIO_WriteBit>:
     724:	c219                	beqz	a2,72a <GPIO_WriteBit+0x6>
     726:	c90c                	sw	a1,16(a0)
     728:	8082                	ret
     72a:	c94c                	sw	a1,20(a0)
     72c:	8082                	ret

0000072e <NVIC_PriorityGroupConfig>:
     72e:	80a1a623          	sw	a0,-2036(gp) # 20000204 <NVIC_Priority_Group>
     732:	8082                	ret

00000734 <RCC_GetClocksFreq>:
     734:	96dff2ef          	jal	t0,a0 <__riscv_save_0>
     738:	40021737          	lui	a4,0x40021
     73c:	435c                	lw	a5,4(a4)
     73e:	4691                	li	a3,4
     740:	842a                	mv	s0,a0
     742:	8bb1                	andi	a5,a5,12
     744:	00d78563          	beq	a5,a3,74e <RCC_GetClocksFreq+0x1a>
     748:	46a1                	li	a3,8
     74a:	06d78d63          	beq	a5,a3,7c4 <RCC_GetClocksFreq+0x90>
     74e:	016e37b7          	lui	a5,0x16e3
     752:	60078793          	addi	a5,a5,1536 # 16e3600 <_data_lma+0x16e2104>
     756:	c01c                	sw	a5,0(s0)
     758:	400216b7          	lui	a3,0x40021
     75c:	42dc                	lw	a5,4(a3)
     75e:	8391                	srli	a5,a5,0x4
     760:	00f7f713          	andi	a4,a5,15
     764:	200007b7          	lui	a5,0x20000
     768:	01878793          	addi	a5,a5,24 # 20000018 <APBAHBPrescTable>
     76c:	97ba                	add	a5,a5,a4
     76e:	238c                	lbu	a1,0(a5)
     770:	42dc                	lw	a5,4(a3)
     772:	4018                	lw	a4,0(s0)
     774:	0ff5f593          	andi	a1,a1,255
     778:	0807f793          	andi	a5,a5,128
     77c:	00b75533          	srl	a0,a4,a1
     780:	e781                	bnez	a5,788 <RCC_GetClocksFreq+0x54>
     782:	853a                	mv	a0,a4
     784:	951ff0ef          	jal	ra,d4 <__udivsi3>
     788:	c048                	sw	a0,4(s0)
     78a:	c408                	sw	a0,8(s0)
     78c:	c448                	sw	a0,12(s0)
     78e:	400217b7          	lui	a5,0x40021
     792:	43dc                	lw	a5,4(a5)
     794:	83ad                	srli	a5,a5,0xb
     796:	8bfd                	andi	a5,a5,31
     798:	0037d713          	srli	a4,a5,0x3
     79c:	078a                	slli	a5,a5,0x2
     79e:	8bf1                	andi	a5,a5,28
     7a0:	8fd9                	or	a5,a5,a4
     7a2:	0137f693          	andi	a3,a5,19
     7a6:	470d                	li	a4,3
     7a8:	00d77363          	bgeu	a4,a3,7ae <RCC_GetClocksFreq+0x7a>
     7ac:	17d1                	addi	a5,a5,-12
     7ae:	20000737          	lui	a4,0x20000
     7b2:	00470713          	addi	a4,a4,4 # 20000004 <ADCPrescTable>
     7b6:	97ba                	add	a5,a5,a4
     7b8:	238c                	lbu	a1,0(a5)
     7ba:	91bff0ef          	jal	ra,d4 <__udivsi3>
     7be:	c808                	sw	a0,16(s0)
     7c0:	8ebff06f          	j	aa <__riscv_restore_0>
     7c4:	435c                	lw	a5,4(a4)
     7c6:	02dc77b7          	lui	a5,0x2dc7
     7ca:	c0078793          	addi	a5,a5,-1024 # 2dc6c00 <_data_lma+0x2dc5704>
     7ce:	b761                	j	756 <RCC_GetClocksFreq+0x22>

000007d0 <RCC_APB2PeriphClockCmd>:
     7d0:	c599                	beqz	a1,7de <RCC_APB2PeriphClockCmd+0xe>
     7d2:	40021737          	lui	a4,0x40021
     7d6:	4f1c                	lw	a5,24(a4)
     7d8:	8d5d                	or	a0,a0,a5
     7da:	cf08                	sw	a0,24(a4)
     7dc:	8082                	ret
     7de:	400217b7          	lui	a5,0x40021
     7e2:	4f98                	lw	a4,24(a5)
     7e4:	fff54513          	not	a0,a0
     7e8:	8d79                	and	a0,a0,a4
     7ea:	cf88                	sw	a0,24(a5)
     7ec:	8082                	ret

000007ee <USART_Init>:
     7ee:	8b3ff2ef          	jal	t0,a0 <__riscv_save_0>
     7f2:	2916                	lhu	a3,16(a0)
     7f4:	77f5                	lui	a5,0xffffd
     7f6:	17fd                	addi	a5,a5,-1
     7f8:	8ff5                	and	a5,a5,a3
     7fa:	21f6                	lhu	a3,6(a1)
     7fc:	25da                	lhu	a4,12(a1)
     7fe:	1121                	addi	sp,sp,-24
     800:	8fd5                	or	a5,a5,a3
     802:	a91e                	sh	a5,16(a0)
     804:	2556                	lhu	a3,12(a0)
     806:	77fd                	lui	a5,0xfffff
     808:	9f378793          	addi	a5,a5,-1549 # ffffe9f3 <__global_pointer$+0xdfffdffb>
     80c:	8ff5                	and	a5,a5,a3
     80e:	21d6                	lhu	a3,4(a1)
     810:	842a                	mv	s0,a0
     812:	c02e                	sw	a1,0(sp)
     814:	8fd5                	or	a5,a5,a3
     816:	2596                	lhu	a3,8(a1)
     818:	8fd5                	or	a5,a5,a3
     81a:	25b6                	lhu	a3,10(a1)
     81c:	8fd5                	or	a5,a5,a3
     81e:	a55e                	sh	a5,12(a0)
     820:	295e                	lhu	a5,20(a0)
     822:	07c2                	slli	a5,a5,0x10
     824:	83c1                	srli	a5,a5,0x10
     826:	cff7f793          	andi	a5,a5,-769
     82a:	8f5d                	or	a4,a4,a5
     82c:	a95a                	sh	a4,20(a0)
     82e:	0048                	addi	a0,sp,4
     830:	3711                	jal	734 <RCC_GetClocksFreq>
     832:	400147b7          	lui	a5,0x40014
     836:	80078793          	addi	a5,a5,-2048 # 40013800 <__global_pointer$+0x20012e08>
     83a:	4582                	lw	a1,0(sp)
     83c:	06f41263          	bne	s0,a5,8a0 <USART_Init+0xb2>
     840:	47c2                	lw	a5,16(sp)
     842:	245a                	lhu	a4,12(s0)
     844:	00179513          	slli	a0,a5,0x1
     848:	953e                	add	a0,a0,a5
     84a:	0742                	slli	a4,a4,0x10
     84c:	050e                	slli	a0,a0,0x3
     84e:	8741                	srai	a4,a4,0x10
     850:	953e                	add	a0,a0,a5
     852:	418c                	lw	a1,0(a1)
     854:	04075863          	bgez	a4,8a4 <USART_Init+0xb6>
     858:	0586                	slli	a1,a1,0x1
     85a:	87bff0ef          	jal	ra,d4 <__udivsi3>
     85e:	06400593          	li	a1,100
     862:	c02a                	sw	a0,0(sp)
     864:	871ff0ef          	jal	ra,d4 <__udivsi3>
     868:	4782                	lw	a5,0(sp)
     86a:	00451493          	slli	s1,a0,0x4
     86e:	06400593          	li	a1,100
     872:	853e                	mv	a0,a5
     874:	88dff0ef          	jal	ra,100 <__umodsi3>
     878:	245e                	lhu	a5,12(s0)
     87a:	07c2                	slli	a5,a5,0x10
     87c:	87c1                	srai	a5,a5,0x10
     87e:	0207d563          	bgez	a5,8a8 <USART_Init+0xba>
     882:	050e                	slli	a0,a0,0x3
     884:	06400593          	li	a1,100
     888:	03250513          	addi	a0,a0,50
     88c:	849ff0ef          	jal	ra,d4 <__udivsi3>
     890:	891d                	andi	a0,a0,7
     892:	8cc9                	or	s1,s1,a0
     894:	04c2                	slli	s1,s1,0x10
     896:	80c1                	srli	s1,s1,0x10
     898:	a406                	sh	s1,8(s0)
     89a:	0161                	addi	sp,sp,24
     89c:	80fff06f          	j	aa <__riscv_restore_0>
     8a0:	47b2                	lw	a5,12(sp)
     8a2:	b745                	j	842 <USART_Init+0x54>
     8a4:	058a                	slli	a1,a1,0x2
     8a6:	bf55                	j	85a <USART_Init+0x6c>
     8a8:	0512                	slli	a0,a0,0x4
     8aa:	06400593          	li	a1,100
     8ae:	03250513          	addi	a0,a0,50
     8b2:	823ff0ef          	jal	ra,d4 <__udivsi3>
     8b6:	893d                	andi	a0,a0,15
     8b8:	bfe9                	j	892 <USART_Init+0xa4>

000008ba <USART_Cmd>:
     8ba:	c591                	beqz	a1,8c6 <USART_Cmd+0xc>
     8bc:	255e                	lhu	a5,12(a0)
     8be:	6709                	lui	a4,0x2
     8c0:	8fd9                	or	a5,a5,a4
     8c2:	a55e                	sh	a5,12(a0)
     8c4:	8082                	ret
     8c6:	255a                	lhu	a4,12(a0)
     8c8:	77f9                	lui	a5,0xffffe
     8ca:	17fd                	addi	a5,a5,-1
     8cc:	8ff9                	and	a5,a5,a4
     8ce:	bfd5                	j	8c2 <USART_Cmd+0x8>

000008d0 <USART_SendData>:
     8d0:	1ff5f593          	andi	a1,a1,511
     8d4:	a14e                	sh	a1,4(a0)
     8d6:	8082                	ret

000008d8 <USART_ReceiveData>:
     8d8:	214a                	lhu	a0,4(a0)
     8da:	1ff57513          	andi	a0,a0,511
     8de:	8082                	ret

000008e0 <USART_GetFlagStatus>:
     8e0:	210a                	lhu	a0,0(a0)
     8e2:	8d6d                	and	a0,a0,a1
     8e4:	00a03533          	snez	a0,a0
     8e8:	8082                	ret

000008ea <Delay_Init>:
     8ea:	fb6ff2ef          	jal	t0,a0 <__riscv_save_0>
     8ee:	200007b7          	lui	a5,0x20000
     8f2:	0007a503          	lw	a0,0(a5) # 20000000 <_data_vma>
     8f6:	007a15b7          	lui	a1,0x7a1
     8fa:	20058593          	addi	a1,a1,512 # 7a1200 <_data_lma+0x79fd04>
     8fe:	fd6ff0ef          	jal	ra,d4 <__udivsi3>
     902:	0ff57513          	andi	a0,a0,255
     906:	80a18923          	sb	a0,-2030(gp) # 2000020a <p_us>
     90a:	00551793          	slli	a5,a0,0x5
     90e:	8f89                	sub	a5,a5,a0
     910:	078a                	slli	a5,a5,0x2
     912:	953e                	add	a0,a0,a5
     914:	050e                	slli	a0,a0,0x3
     916:	80a19823          	sh	a0,-2032(gp) # 20000208 <p_ms>
     91a:	f90ff06f          	j	aa <__riscv_restore_0>

0000091e <USART_Printf_Init>:
     91e:	f82ff2ef          	jal	t0,a0 <__riscv_save_0>
     922:	842a                	mv	s0,a0
     924:	6511                	lui	a0,0x4
     926:	1111                	addi	sp,sp,-28
     928:	4585                	li	a1,1
     92a:	02050513          	addi	a0,a0,32 # 4020 <_data_lma+0x2b24>
     92e:	354d                	jal	7d0 <RCC_APB2PeriphClockCmd>
     930:	02000793          	li	a5,32
     934:	807c                	sh	a5,0(sp)
     936:	40011537          	lui	a0,0x40011
     93a:	478d                	li	a5,3
     93c:	c23e                	sw	a5,4(sp)
     93e:	858a                	mv	a1,sp
     940:	47e1                	li	a5,24
     942:	40050513          	addi	a0,a0,1024 # 40011400 <__global_pointer$+0x20010a08>
     946:	c43e                	sw	a5,8(sp)
     948:	3319                	jal	64e <GPIO_Init>
     94a:	c622                	sw	s0,12(sp)
     94c:	40014437          	lui	s0,0x40014
     950:	000807b7          	lui	a5,0x80
     954:	006c                	addi	a1,sp,12
     956:	80040513          	addi	a0,s0,-2048 # 40013800 <__global_pointer$+0x20012e08>
     95a:	ca3e                	sw	a5,20(sp)
     95c:	c802                	sw	zero,16(sp)
     95e:	00011c23          	sh	zero,24(sp)
     962:	3571                	jal	7ee <USART_Init>
     964:	4585                	li	a1,1
     966:	80040513          	addi	a0,s0,-2048
     96a:	3f81                	jal	8ba <USART_Cmd>
     96c:	0171                	addi	sp,sp,28
     96e:	f3cff06f          	j	aa <__riscv_restore_0>

00000972 <_write>:
     972:	f2eff2ef          	jal	t0,a0 <__riscv_save_0>
     976:	1171                	addi	sp,sp,-4
     978:	84ae                	mv	s1,a1
     97a:	4401                	li	s0,0
     97c:	02c45d63          	bge	s0,a2,9b6 <_write+0x44>
     980:	400147b7          	lui	a5,0x40014
     984:	80078713          	addi	a4,a5,-2048 # 40013800 <__global_pointer$+0x20012e08>
     988:	853a                	mv	a0,a4
     98a:	04000593          	li	a1,64
     98e:	c032                	sw	a2,0(sp)
     990:	3f81                	jal	8e0 <USART_GetFlagStatus>
     992:	400147b7          	lui	a5,0x40014
     996:	80078713          	addi	a4,a5,-2048 # 40013800 <__global_pointer$+0x20012e08>
     99a:	4602                	lw	a2,0(sp)
     99c:	d575                	beqz	a0,988 <_write+0x16>
     99e:	00848733          	add	a4,s1,s0
     9a2:	00070583          	lb	a1,0(a4) # 2000 <_data_lma+0xb04>
     9a6:	80078513          	addi	a0,a5,-2048
     9aa:	0405                	addi	s0,s0,1
     9ac:	05c2                	slli	a1,a1,0x10
     9ae:	81c1                	srli	a1,a1,0x10
     9b0:	3705                	jal	8d0 <USART_SendData>
     9b2:	4602                	lw	a2,0(sp)
     9b4:	b7e1                	j	97c <_write+0xa>
     9b6:	8532                	mv	a0,a2
     9b8:	0111                	addi	sp,sp,4
     9ba:	ef0ff06f          	j	aa <__riscv_restore_0>

000009be <printchar>:
     9be:	1141                	addi	sp,sp,-16
     9c0:	c606                	sw	ra,12(sp)
     9c2:	c02e                	sw	a1,0(sp)
     9c4:	cd0d                	beqz	a0,9fe <printchar+0x40>
     9c6:	4118                	lw	a4,0(a0)
     9c8:	87aa                	mv	a5,a0
     9ca:	c305                	beqz	a4,9ea <printchar+0x2c>
     9cc:	4158                	lw	a4,4(a0)
     9ce:	557d                	li	a0,-1
     9d0:	cb11                	beqz	a4,9e4 <printchar+0x26>
     9d2:	4685                	li	a3,1
     9d4:	00d71b63          	bne	a4,a3,9ea <printchar+0x2c>
     9d8:	4798                	lw	a4,8(a5)
     9da:	00070023          	sb	zero,0(a4)
     9de:	0007a223          	sw	zero,4(a5)
     9e2:	4505                	li	a0,1
     9e4:	40b2                	lw	ra,12(sp)
     9e6:	0141                	addi	sp,sp,16
     9e8:	8082                	ret
     9ea:	4798                	lw	a4,8(a5)
     9ec:	4682                	lw	a3,0(sp)
     9ee:	a314                	sb	a3,0(a4)
     9f0:	4798                	lw	a4,8(a5)
     9f2:	0705                	addi	a4,a4,1
     9f4:	c798                	sw	a4,8(a5)
     9f6:	43d8                	lw	a4,4(a5)
     9f8:	177d                	addi	a4,a4,-1
     9fa:	c3d8                	sw	a4,4(a5)
     9fc:	b7dd                	j	9e2 <printchar+0x24>
     9fe:	4605                	li	a2,1
     a00:	858a                	mv	a1,sp
     a02:	3f85                	jal	972 <_write>
     a04:	bff9                	j	9e2 <printchar+0x24>

00000a06 <prints>:
     a06:	1101                	addi	sp,sp,-32
     a08:	cc22                	sw	s0,24(sp)
     a0a:	c22e                	sw	a1,4(sp)
     a0c:	ce06                	sw	ra,28(sp)
     a0e:	ca26                	sw	s1,20(sp)
     a10:	842a                	mv	s0,a0
     a12:	4781                	li	a5,0
     a14:	02000593          	li	a1,32
     a18:	02064563          	bltz	a2,a42 <prints+0x3c>
     a1c:	4592                	lw	a1,4(sp)
     a1e:	95be                	add	a1,a1,a5
     a20:	00058583          	lb	a1,0(a1)
     a24:	e58d                	bnez	a1,a4e <prints+0x48>
     a26:	02c7d863          	bge	a5,a2,a56 <prints+0x50>
     a2a:	02e7d463          	bge	a5,a4,a52 <prints+0x4c>
     a2e:	8e19                	sub	a2,a2,a4
     a30:	02000513          	li	a0,32
     a34:	0026f593          	andi	a1,a3,2
     a38:	c02a                	sw	a0,0(sp)
     a3a:	c589                	beqz	a1,a44 <prints+0x3e>
     a3c:	e701                	bnez	a4,a44 <prints+0x3e>
     a3e:	03000593          	li	a1,48
     a42:	c02e                	sw	a1,0(sp)
     a44:	8a85                	andi	a3,a3,1
     a46:	4481                	li	s1,0
     a48:	ea95                	bnez	a3,a7c <prints+0x76>
     a4a:	84b2                	mv	s1,a2
     a4c:	a00d                	j	a6e <prints+0x68>
     a4e:	0785                	addi	a5,a5,1
     a50:	b7f1                	j	a1c <prints+0x16>
     a52:	8e1d                	sub	a2,a2,a5
     a54:	bff1                	j	a30 <prints+0x2a>
     a56:	4601                	li	a2,0
     a58:	bfe1                	j	a30 <prints+0x2a>
     a5a:	4582                	lw	a1,0(sp)
     a5c:	8522                	mv	a0,s0
     a5e:	c83a                	sw	a4,16(sp)
     a60:	c632                	sw	a2,12(sp)
     a62:	c43e                	sw	a5,8(sp)
     a64:	3fa9                	jal	9be <printchar>
     a66:	47a2                	lw	a5,8(sp)
     a68:	4632                	lw	a2,12(sp)
     a6a:	4742                	lw	a4,16(sp)
     a6c:	14fd                	addi	s1,s1,-1
     a6e:	fe9046e3          	bgtz	s1,a5a <prints+0x54>
     a72:	84b2                	mv	s1,a2
     a74:	00065363          	bgez	a2,a7a <prints+0x74>
     a78:	4481                	li	s1,0
     a7a:	8e05                	sub	a2,a2,s1
     a7c:	02e7c763          	blt	a5,a4,aaa <prints+0xa4>
     a80:	87a6                	mv	a5,s1
     a82:	4692                	lw	a3,4(sp)
     a84:	40978733          	sub	a4,a5,s1
     a88:	9736                	add	a4,a4,a3
     a8a:	00070583          	lb	a1,0(a4)
     a8e:	ed95                	bnez	a1,aca <prints+0xc4>
     a90:	84b2                	mv	s1,a2
     a92:	04904463          	bgtz	s1,ada <prints+0xd4>
     a96:	00065363          	bgez	a2,a9c <prints+0x96>
     a9a:	4601                	li	a2,0
     a9c:	40f2                	lw	ra,28(sp)
     a9e:	4462                	lw	s0,24(sp)
     aa0:	44d2                	lw	s1,20(sp)
     aa2:	00f60533          	add	a0,a2,a5
     aa6:	6105                	addi	sp,sp,32
     aa8:	8082                	ret
     aaa:	8f1d                	sub	a4,a4,a5
     aac:	87ba                	mv	a5,a4
     aae:	03000593          	li	a1,48
     ab2:	8522                	mv	a0,s0
     ab4:	c832                	sw	a2,16(sp)
     ab6:	c63e                	sw	a5,12(sp)
     ab8:	c43a                	sw	a4,8(sp)
     aba:	3711                	jal	9be <printchar>
     abc:	47b2                	lw	a5,12(sp)
     abe:	4722                	lw	a4,8(sp)
     ac0:	4642                	lw	a2,16(sp)
     ac2:	17fd                	addi	a5,a5,-1
     ac4:	f7ed                	bnez	a5,aae <prints+0xa8>
     ac6:	94ba                	add	s1,s1,a4
     ac8:	bf65                	j	a80 <prints+0x7a>
     aca:	8522                	mv	a0,s0
     acc:	c632                	sw	a2,12(sp)
     ace:	c43e                	sw	a5,8(sp)
     ad0:	35fd                	jal	9be <printchar>
     ad2:	47a2                	lw	a5,8(sp)
     ad4:	4632                	lw	a2,12(sp)
     ad6:	0785                	addi	a5,a5,1
     ad8:	b76d                	j	a82 <prints+0x7c>
     ada:	4582                	lw	a1,0(sp)
     adc:	8522                	mv	a0,s0
     ade:	c432                	sw	a2,8(sp)
     ae0:	c23e                	sw	a5,4(sp)
     ae2:	3df1                	jal	9be <printchar>
     ae4:	14fd                	addi	s1,s1,-1
     ae6:	4622                	lw	a2,8(sp)
     ae8:	4792                	lw	a5,4(sp)
     aea:	b765                	j	a92 <prints+0x8c>

00000aec <printInt>:
     aec:	7139                	addi	sp,sp,-64
     aee:	de06                	sw	ra,60(sp)
     af0:	dc22                	sw	s0,56(sp)
     af2:	da26                	sw	s1,52(sp)
     af4:	c23e                	sw	a5,4(sp)
     af6:	8332                	mv	t1,a2
     af8:	863a                	mv	a2,a4
     afa:	ed89                	bnez	a1,b14 <printInt+0x28>
     afc:	4692                	lw	a3,4(sp)
     afe:	03000793          	li	a5,48
     b02:	4701                	li	a4,0
     b04:	086c                	addi	a1,sp,28
     b06:	86fc                	sh	a5,28(sp)
     b08:	3dfd                	jal	a06 <prints>
     b0a:	50f2                	lw	ra,60(sp)
     b0c:	5462                	lw	s0,56(sp)
     b0e:	54d2                	lw	s1,52(sp)
     b10:	6121                	addi	sp,sp,64
     b12:	8082                	ret
     b14:	84aa                	mv	s1,a0
     b16:	8436                	mv	s0,a3
     b18:	87ae                	mv	a5,a1
     b1a:	ca91                	beqz	a3,b2e <printInt+0x42>
     b1c:	4729                	li	a4,10
     b1e:	4401                	li	s0,0
     b20:	00e31763          	bne	t1,a4,b2e <printInt+0x42>
     b24:	0005d563          	bgez	a1,b2e <printInt+0x42>
     b28:	40b007b3          	neg	a5,a1
     b2c:	4405                	li	s0,1
     b2e:	4686                	lw	a3,64(sp)
     b30:	020109a3          	sb	zero,51(sp)
     b34:	03310713          	addi	a4,sp,51
     b38:	fc668693          	addi	a3,a3,-58 # 40020fc6 <__global_pointer$+0x200205ce>
     b3c:	c436                	sw	a3,8(sp)
     b3e:	859a                	mv	a1,t1
     b40:	853e                	mv	a0,a5
     b42:	ca32                	sw	a2,20(sp)
     b44:	c83a                	sw	a4,16(sp)
     b46:	c61a                	sw	t1,12(sp)
     b48:	c03e                	sw	a5,0(sp)
     b4a:	db6ff0ef          	jal	ra,100 <__umodsi3>
     b4e:	46a5                	li	a3,9
     b50:	4782                	lw	a5,0(sp)
     b52:	4332                	lw	t1,12(sp)
     b54:	4742                	lw	a4,16(sp)
     b56:	4652                	lw	a2,20(sp)
     b58:	00a6d463          	bge	a3,a0,b60 <printInt+0x74>
     b5c:	46a2                	lw	a3,8(sp)
     b5e:	9536                	add	a0,a0,a3
     b60:	03050513          	addi	a0,a0,48
     b64:	fff70693          	addi	a3,a4,-1
     b68:	fea70fa3          	sb	a0,-1(a4)
     b6c:	859a                	mv	a1,t1
     b6e:	853e                	mv	a0,a5
     b70:	cc32                	sw	a2,24(sp)
     b72:	ca3a                	sw	a4,20(sp)
     b74:	c81a                	sw	t1,16(sp)
     b76:	c63e                	sw	a5,12(sp)
     b78:	c036                	sw	a3,0(sp)
     b7a:	d5aff0ef          	jal	ra,d4 <__udivsi3>
     b7e:	47b2                	lw	a5,12(sp)
     b80:	4342                	lw	t1,16(sp)
     b82:	4752                	lw	a4,20(sp)
     b84:	4662                	lw	a2,24(sp)
     b86:	0467f963          	bgeu	a5,t1,bd8 <printInt+0xec>
     b8a:	cc01                	beqz	s0,ba2 <printInt+0xb6>
     b8c:	ca29                	beqz	a2,bde <printInt+0xf2>
     b8e:	4792                	lw	a5,4(sp)
     b90:	8b89                	andi	a5,a5,2
     b92:	c7b1                	beqz	a5,bde <printInt+0xf2>
     b94:	02d00593          	li	a1,45
     b98:	8526                	mv	a0,s1
     b9a:	c432                	sw	a2,8(sp)
     b9c:	350d                	jal	9be <printchar>
     b9e:	4622                	lw	a2,8(sp)
     ba0:	167d                	addi	a2,a2,-1
     ba2:	4792                	lw	a5,4(sp)
     ba4:	8b91                	andi	a5,a5,4
     ba6:	c395                	beqz	a5,bca <printInt+0xde>
     ba8:	4706                	lw	a4,64(sp)
     baa:	06100793          	li	a5,97
     bae:	c432                	sw	a2,8(sp)
     bb0:	03000593          	li	a1,48
     bb4:	8526                	mv	a0,s1
     bb6:	02f71e63          	bne	a4,a5,bf2 <printInt+0x106>
     bba:	3511                	jal	9be <printchar>
     bbc:	07800593          	li	a1,120
     bc0:	8526                	mv	a0,s1
     bc2:	3bf5                	jal	9be <printchar>
     bc4:	4622                	lw	a2,8(sp)
     bc6:	0409                	addi	s0,s0,2
     bc8:	1679                	addi	a2,a2,-2
     bca:	4716                	lw	a4,68(sp)
     bcc:	4692                	lw	a3,4(sp)
     bce:	4582                	lw	a1,0(sp)
     bd0:	8526                	mv	a0,s1
     bd2:	3d15                	jal	a06 <prints>
     bd4:	9522                	add	a0,a0,s0
     bd6:	bf15                	j	b0a <printInt+0x1e>
     bd8:	87aa                	mv	a5,a0
     bda:	4702                	lw	a4,0(sp)
     bdc:	b78d                	j	b3e <printInt+0x52>
     bde:	4682                	lw	a3,0(sp)
     be0:	02d00793          	li	a5,45
     be4:	4401                	li	s0,0
     be6:	fef68fa3          	sb	a5,-1(a3)
     bea:	ffe70793          	addi	a5,a4,-2
     bee:	c03e                	sw	a5,0(sp)
     bf0:	bf4d                	j	ba2 <printInt+0xb6>
     bf2:	33f1                	jal	9be <printchar>
     bf4:	05800593          	li	a1,88
     bf8:	b7e1                	j	bc0 <printInt+0xd4>

00000bfa <printLongLongInt>:
     bfa:	4501                	li	a0,0
     bfc:	8082                	ret

00000bfe <printDouble>:
     bfe:	4501                	li	a0,0
     c00:	8082                	ret

00000c02 <print>:
     c02:	fd810113          	addi	sp,sp,-40
     c06:	d022                	sw	s0,32(sp)
     c08:	ce26                	sw	s1,28(sp)
     c0a:	d206                	sw	ra,36(sp)
     c0c:	c42a                	sw	a0,8(sp)
     c0e:	82ae                	mv	t0,a1
     c10:	8432                	mv	s0,a2
     c12:	c602                	sw	zero,12(sp)
     c14:	4481                	li	s1,0
     c16:	00028583          	lb	a1,0(t0)
     c1a:	ed89                	bnez	a1,c34 <print+0x32>
     c1c:	47a2                	lw	a5,8(sp)
     c1e:	c781                	beqz	a5,c26 <print+0x24>
     c20:	4581                	li	a1,0
     c22:	853e                	mv	a0,a5
     c24:	3b69                	jal	9be <printchar>
     c26:	5092                	lw	ra,36(sp)
     c28:	5402                	lw	s0,32(sp)
     c2a:	8526                	mv	a0,s1
     c2c:	44f2                	lw	s1,28(sp)
     c2e:	02810113          	addi	sp,sp,40
     c32:	8082                	ret
     c34:	02500793          	li	a5,37
     c38:	00f58863          	beq	a1,a5,c48 <print+0x46>
     c3c:	4522                	lw	a0,8(sp)
     c3e:	c816                	sw	t0,16(sp)
     c40:	0485                	addi	s1,s1,1
     c42:	3bb5                	jal	9be <printchar>
     c44:	42c2                	lw	t0,16(sp)
     c46:	a839                	j	c64 <print+0x62>
     c48:	00128783          	lb	a5,1(t0)
     c4c:	00128713          	addi	a4,t0,1
     c50:	00b79c63          	bne	a5,a1,c68 <print+0x66>
     c54:	4522                	lw	a0,8(sp)
     c56:	02500593          	li	a1,37
     c5a:	c83a                	sw	a4,16(sp)
     c5c:	338d                	jal	9be <printchar>
     c5e:	4742                	lw	a4,16(sp)
     c60:	0485                	addi	s1,s1,1
     c62:	82ba                	mv	t0,a4
     c64:	0285                	addi	t0,t0,1
     c66:	bf45                	j	c16 <print+0x14>
     c68:	dbd5                	beqz	a5,c1c <print+0x1a>
     c6a:	02b00693          	li	a3,43
     c6e:	04d78963          	beq	a5,a3,cc0 <print+0xbe>
     c72:	00f6c863          	blt	a3,a5,c82 <print+0x80>
     c76:	02300693          	li	a3,35
     c7a:	04d78663          	beq	a5,a3,cc6 <print+0xc4>
     c7e:	4781                	li	a5,0
     c80:	a005                	j	ca0 <print+0x9e>
     c82:	02d00693          	li	a3,45
     c86:	00d78a63          	beq	a5,a3,c9a <print+0x98>
     c8a:	03000693          	li	a3,48
     c8e:	fed798e3          	bne	a5,a3,c7e <print+0x7c>
     c92:	00228713          	addi	a4,t0,2
     c96:	4789                	li	a5,2
     c98:	a021                	j	ca0 <print+0x9e>
     c9a:	00228713          	addi	a4,t0,2
     c9e:	4785                	li	a5,1
     ca0:	00070683          	lb	a3,0(a4)
     ca4:	02b00613          	li	a2,43
     ca8:	04c68363          	beq	a3,a2,cee <print+0xec>
     cac:	02d64163          	blt	a2,a3,cce <print+0xcc>
     cb0:	02300613          	li	a2,35
     cb4:	02c68b63          	beq	a3,a2,cea <print+0xe8>
     cb8:	82ba                	mv	t0,a4
     cba:	4501                	li	a0,0
     cbc:	46a5                	li	a3,9
     cbe:	a081                	j	cfe <print+0xfc>
     cc0:	00228713          	addi	a4,t0,2
     cc4:	bf6d                	j	c7e <print+0x7c>
     cc6:	00228713          	addi	a4,t0,2
     cca:	4791                	li	a5,4
     ccc:	bfd1                	j	ca0 <print+0x9e>
     cce:	02d00613          	li	a2,45
     cd2:	00c68963          	beq	a3,a2,ce4 <print+0xe2>
     cd6:	03000613          	li	a2,48
     cda:	fcc69fe3          	bne	a3,a2,cb8 <print+0xb6>
     cde:	0027e793          	ori	a5,a5,2
     ce2:	a031                	j	cee <print+0xec>
     ce4:	0705                	addi	a4,a4,1
     ce6:	4785                	li	a5,1
     ce8:	bfc1                	j	cb8 <print+0xb6>
     cea:	0047e793          	ori	a5,a5,4
     cee:	0705                	addi	a4,a4,1
     cf0:	b7e1                	j	cb8 <print+0xb6>
     cf2:	00251613          	slli	a2,a0,0x2
     cf6:	9532                	add	a0,a0,a2
     cf8:	0506                	slli	a0,a0,0x1
     cfa:	953a                	add	a0,a0,a4
     cfc:	0285                	addi	t0,t0,1
     cfe:	00028603          	lb	a2,0(t0)
     d02:	fd060713          	addi	a4,a2,-48
     d06:	0ff77593          	andi	a1,a4,255
     d0a:	feb6f4e3          	bgeu	a3,a1,cf2 <print+0xf0>
     d0e:	02e00713          	li	a4,46
     d12:	4699                	li	a3,6
     d14:	00e61e63          	bne	a2,a4,d30 <print+0x12e>
     d18:	0285                	addi	t0,t0,1
     d1a:	4681                	li	a3,0
     d1c:	45a5                	li	a1,9
     d1e:	00028603          	lb	a2,0(t0)
     d22:	fd060613          	addi	a2,a2,-48
     d26:	0ff67713          	andi	a4,a2,255
     d2a:	02e5f563          	bgeu	a1,a4,d54 <print+0x152>
     d2e:	c636                	sw	a3,12(sp)
     d30:	00028703          	lb	a4,0(t0)
     d34:	06a00613          	li	a2,106
     d38:	0ac70d63          	beq	a4,a2,df2 <print+0x1f0>
     d3c:	02e64363          	blt	a2,a4,d62 <print+0x160>
     d40:	04c00613          	li	a2,76
     d44:	0ac70763          	beq	a4,a2,df2 <print+0x1f0>
     d48:	06800613          	li	a2,104
     d4c:	08c70c63          	beq	a4,a2,de4 <print+0x1e2>
     d50:	4581                	li	a1,0
     d52:	a82d                	j	d8c <print+0x18a>
     d54:	00269713          	slli	a4,a3,0x2
     d58:	96ba                	add	a3,a3,a4
     d5a:	0686                	slli	a3,a3,0x1
     d5c:	96b2                	add	a3,a3,a2
     d5e:	0285                	addi	t0,t0,1
     d60:	bf7d                	j	d1e <print+0x11c>
     d62:	07400613          	li	a2,116
     d66:	08c70663          	beq	a4,a2,df2 <print+0x1f0>
     d6a:	07a00613          	li	a2,122
     d6e:	08c70263          	beq	a4,a2,df2 <print+0x1f0>
     d72:	06c00613          	li	a2,108
     d76:	4581                	li	a1,0
     d78:	00c71a63          	bne	a4,a2,d8c <print+0x18a>
     d7c:	00128603          	lb	a2,1(t0)
     d80:	458d                	li	a1,3
     d82:	00e61463          	bne	a2,a4,d8a <print+0x188>
     d86:	0285                	addi	t0,t0,1
     d88:	4591                	li	a1,4
     d8a:	0285                	addi	t0,t0,1
     d8c:	00028603          	lb	a2,0(t0)
     d90:	06000393          	li	t2,96
     d94:	06100713          	li	a4,97
     d98:	00c3c463          	blt	t2,a2,da0 <print+0x19e>
     d9c:	04100713          	li	a4,65
     da0:	06700393          	li	t2,103
     da4:	06c3c463          	blt	t2,a2,e0c <print+0x20a>
     da8:	06500393          	li	t2,101
     dac:	18765363          	bge	a2,t2,f32 <print+0x330>
     db0:	04700393          	li	t2,71
     db4:	04c3c163          	blt	t2,a2,df6 <print+0x1f4>
     db8:	04500593          	li	a1,69
     dbc:	16b65b63          	bge	a2,a1,f32 <print+0x330>
     dc0:	04300713          	li	a4,67
     dc4:	eae610e3          	bne	a2,a4,c64 <print+0x62>
     dc8:	4018                	lw	a4,0(s0)
     dca:	00440393          	addi	t2,s0,4
     dce:	ca16                	sw	t0,20(sp)
     dd0:	00e10c23          	sb	a4,24(sp)
     dd4:	c81e                	sw	t2,16(sp)
     dd6:	00010ca3          	sb	zero,25(sp)
     dda:	4701                	li	a4,0
     ddc:	86be                	mv	a3,a5
     dde:	862a                	mv	a2,a0
     de0:	082c                	addi	a1,sp,24
     de2:	a849                	j	e74 <print+0x272>
     de4:	00128603          	lb	a2,1(t0)
     de8:	4581                	li	a1,0
     dea:	fae611e3          	bne	a2,a4,d8c <print+0x18a>
     dee:	0289                	addi	t0,t0,2
     df0:	bf71                	j	d8c <print+0x18a>
     df2:	0285                	addi	t0,t0,1
     df4:	bfb1                	j	d50 <print+0x14e>
     df6:	06300693          	li	a3,99
     dfa:	fcd607e3          	beq	a2,a3,dc8 <print+0x1c6>
     dfe:	06c6ce63          	blt	a3,a2,e7a <print+0x278>
     e02:	05800693          	li	a3,88
     e06:	02d60363          	beq	a2,a3,e2c <print+0x22a>
     e0a:	bda9                	j	c64 <print+0x62>
     e0c:	07300693          	li	a3,115
     e10:	04d60463          	beq	a2,a3,e58 <print+0x256>
     e14:	02c6cb63          	blt	a3,a2,e4a <print+0x248>
     e18:	06f00693          	li	a3,111
     e1c:	0ed60263          	beq	a2,a3,f00 <print+0x2fe>
     e20:	07000693          	li	a3,112
     e24:	0047e793          	ori	a5,a5,4
     e28:	e2d61ee3          	bne	a2,a3,c64 <print+0x62>
     e2c:	4691                	li	a3,4
     e2e:	0ad59f63          	bne	a1,a3,eec <print+0x2ea>
     e32:	00840393          	addi	t2,s0,8
     e36:	400c                	lw	a1,0(s0)
     e38:	4050                	lw	a2,4(s0)
     e3a:	ca16                	sw	t0,20(sp)
     e3c:	c23a                	sw	a4,4(sp)
     e3e:	c03e                	sw	a5,0(sp)
     e40:	c81e                	sw	t2,16(sp)
     e42:	87aa                	mv	a5,a0
     e44:	4701                	li	a4,0
     e46:	46c1                	li	a3,16
     e48:	a0b9                	j	e96 <print+0x294>
     e4a:	07500693          	li	a3,117
     e4e:	06d60863          	beq	a2,a3,ebe <print+0x2bc>
     e52:	07800693          	li	a3,120
     e56:	bf45                	j	e06 <print+0x204>
     e58:	4018                	lw	a4,0(s0)
     e5a:	000016b7          	lui	a3,0x1
     e5e:	00440393          	addi	t2,s0,4
     e62:	3b868593          	addi	a1,a3,952 # 13b8 <AHBPrescTable+0x10>
     e66:	c311                	beqz	a4,e6a <print+0x268>
     e68:	85ba                	mv	a1,a4
     e6a:	4732                	lw	a4,12(sp)
     e6c:	ca16                	sw	t0,20(sp)
     e6e:	c81e                	sw	t2,16(sp)
     e70:	86be                	mv	a3,a5
     e72:	862a                	mv	a2,a0
     e74:	4522                	lw	a0,8(sp)
     e76:	3e41                	jal	a06 <prints>
     e78:	a00d                	j	e9a <print+0x298>
     e7a:	4691                	li	a3,4
     e7c:	02d59463          	bne	a1,a3,ea4 <print+0x2a2>
     e80:	00840393          	addi	t2,s0,8
     e84:	400c                	lw	a1,0(s0)
     e86:	4050                	lw	a2,4(s0)
     e88:	ca16                	sw	t0,20(sp)
     e8a:	c23a                	sw	a4,4(sp)
     e8c:	c03e                	sw	a5,0(sp)
     e8e:	c81e                	sw	t2,16(sp)
     e90:	87aa                	mv	a5,a0
     e92:	4705                	li	a4,1
     e94:	46a9                	li	a3,10
     e96:	4522                	lw	a0,8(sp)
     e98:	338d                	jal	bfa <printLongLongInt>
     e9a:	43c2                	lw	t2,16(sp)
     e9c:	94aa                	add	s1,s1,a0
     e9e:	841e                	mv	s0,t2
     ea0:	42d2                	lw	t0,20(sp)
     ea2:	b3c9                	j	c64 <print+0x62>
     ea4:	46b2                	lw	a3,12(sp)
     ea6:	400c                	lw	a1,0(s0)
     ea8:	c816                	sw	t0,16(sp)
     eaa:	c236                	sw	a3,4(sp)
     eac:	c03a                	sw	a4,0(sp)
     eae:	0411                	addi	s0,s0,4
     eb0:	872a                	mv	a4,a0
     eb2:	4685                	li	a3,1
     eb4:	4629                	li	a2,10
     eb6:	4522                	lw	a0,8(sp)
     eb8:	3915                	jal	aec <printInt>
     eba:	94aa                	add	s1,s1,a0
     ebc:	b361                	j	c44 <print+0x42>
     ebe:	4691                	li	a3,4
     ec0:	00d59d63          	bne	a1,a3,eda <print+0x2d8>
     ec4:	00840393          	addi	t2,s0,8
     ec8:	400c                	lw	a1,0(s0)
     eca:	4050                	lw	a2,4(s0)
     ecc:	ca16                	sw	t0,20(sp)
     ece:	c23a                	sw	a4,4(sp)
     ed0:	c03e                	sw	a5,0(sp)
     ed2:	c81e                	sw	t2,16(sp)
     ed4:	87aa                	mv	a5,a0
     ed6:	4701                	li	a4,0
     ed8:	bf75                	j	e94 <print+0x292>
     eda:	46b2                	lw	a3,12(sp)
     edc:	400c                	lw	a1,0(s0)
     ede:	c816                	sw	t0,16(sp)
     ee0:	c236                	sw	a3,4(sp)
     ee2:	c03a                	sw	a4,0(sp)
     ee4:	0411                	addi	s0,s0,4
     ee6:	872a                	mv	a4,a0
     ee8:	4681                	li	a3,0
     eea:	b7e9                	j	eb4 <print+0x2b2>
     eec:	46b2                	lw	a3,12(sp)
     eee:	c816                	sw	t0,16(sp)
     ef0:	400c                	lw	a1,0(s0)
     ef2:	4641                	li	a2,16
     ef4:	c236                	sw	a3,4(sp)
     ef6:	c03a                	sw	a4,0(sp)
     ef8:	0411                	addi	s0,s0,4
     efa:	872a                	mv	a4,a0
     efc:	4681                	li	a3,0
     efe:	bf65                	j	eb6 <print+0x2b4>
     f00:	4691                	li	a3,4
     f02:	00d59e63          	bne	a1,a3,f1e <print+0x31c>
     f06:	00840393          	addi	t2,s0,8
     f0a:	400c                	lw	a1,0(s0)
     f0c:	4050                	lw	a2,4(s0)
     f0e:	ca16                	sw	t0,20(sp)
     f10:	c23a                	sw	a4,4(sp)
     f12:	c03e                	sw	a5,0(sp)
     f14:	c81e                	sw	t2,16(sp)
     f16:	87aa                	mv	a5,a0
     f18:	4701                	li	a4,0
     f1a:	46a1                	li	a3,8
     f1c:	bfad                	j	e96 <print+0x294>
     f1e:	46b2                	lw	a3,12(sp)
     f20:	400c                	lw	a1,0(s0)
     f22:	c816                	sw	t0,16(sp)
     f24:	c236                	sw	a3,4(sp)
     f26:	c03a                	sw	a4,0(sp)
     f28:	0411                	addi	s0,s0,4
     f2a:	872a                	mv	a4,a0
     f2c:	4681                	li	a3,0
     f2e:	4621                	li	a2,8
     f30:	b759                	j	eb6 <print+0x2b4>
     f32:	400c                	lw	a1,0(s0)
     f34:	00840613          	addi	a2,s0,8
     f38:	4040                	lw	s0,4(s0)
     f3a:	c23a                	sw	a4,4(sp)
     f3c:	872a                	mv	a4,a0
     f3e:	4522                	lw	a0,8(sp)
     f40:	c832                	sw	a2,16(sp)
     f42:	c03e                	sw	a5,0(sp)
     f44:	8622                	mv	a2,s0
     f46:	87b6                	mv	a5,a3
     f48:	46a9                	li	a3,10
     f4a:	ca16                	sw	t0,20(sp)
     f4c:	394d                	jal	bfe <printDouble>
     f4e:	94aa                	add	s1,s1,a0
     f50:	4442                	lw	s0,16(sp)
     f52:	b7b9                	j	ea0 <print+0x29e>

00000f54 <printf>:
     f54:	fdc10113          	addi	sp,sp,-36
     f58:	c82e                	sw	a1,16(sp)
     f5a:	ca32                	sw	a2,20(sp)
     f5c:	85aa                	mv	a1,a0
     f5e:	0810                	addi	a2,sp,16
     f60:	4501                	li	a0,0
     f62:	c606                	sw	ra,12(sp)
     f64:	cc36                	sw	a3,24(sp)
     f66:	ce3a                	sw	a4,28(sp)
     f68:	d03e                	sw	a5,32(sp)
     f6a:	c032                	sw	a2,0(sp)
     f6c:	3959                	jal	c02 <print>
     f6e:	40b2                	lw	ra,12(sp)
     f70:	02410113          	addi	sp,sp,36
     f74:	8082                	ret

00000f76 <atoi>:
     f76:	4629                	li	a2,10
     f78:	4581                	li	a1,0
     f7a:	a2c1                	j	113a <strtol>

00000f7c <__itoa>:
     f7c:	1151                	addi	sp,sp,-12
     f7e:	c222                	sw	s0,4(sp)
     f80:	c406                	sw	ra,8(sp)
     f82:	ffe60713          	addi	a4,a2,-2
     f86:	02200793          	li	a5,34
     f8a:	842e                	mv	s0,a1
     f8c:	00e7fa63          	bgeu	a5,a4,fa0 <__itoa+0x24>
     f90:	00058023          	sb	zero,0(a1)
     f94:	4401                	li	s0,0
     f96:	8522                	mv	a0,s0
     f98:	40a2                	lw	ra,8(sp)
     f9a:	4412                	lw	s0,4(sp)
     f9c:	0131                	addi	sp,sp,12
     f9e:	8082                	ret
     fa0:	47a9                	li	a5,10
     fa2:	00f61d63          	bne	a2,a5,fbc <__itoa+0x40>
     fa6:	00055b63          	bgez	a0,fbc <__itoa+0x40>
     faa:	02d00793          	li	a5,45
     fae:	a19c                	sb	a5,0(a1)
     fb0:	40a00533          	neg	a0,a0
     fb4:	4585                	li	a1,1
     fb6:	95a2                	add	a1,a1,s0
     fb8:	224d                	jal	115a <__utoa>
     fba:	bff1                	j	f96 <__itoa+0x1a>
     fbc:	4581                	li	a1,0
     fbe:	bfe5                	j	fb6 <__itoa+0x3a>

00000fc0 <itoa>:
     fc0:	bf75                	j	f7c <__itoa>

00000fc2 <strlen>:
     fc2:	87aa                	mv	a5,a0
     fc4:	0785                	addi	a5,a5,1
     fc6:	fff7c703          	lbu	a4,-1(a5)
     fca:	ff6d                	bnez	a4,fc4 <strlen+0x2>
     fcc:	40a78533          	sub	a0,a5,a0
     fd0:	157d                	addi	a0,a0,-1
     fd2:	8082                	ret

00000fd4 <_strtol_l.isra.0>:
     fd4:	fd410113          	addi	sp,sp,-44
     fd8:	d026                	sw	s1,32(sp)
     fda:	d406                	sw	ra,40(sp)
     fdc:	d222                	sw	s0,36(sp)
     fde:	c62a                	sw	a0,12(sp)
     fe0:	c02e                	sw	a1,0(sp)
     fe2:	c232                	sw	a2,4(sp)
     fe4:	84ae                	mv	s1,a1
     fe6:	00148413          	addi	s0,s1,1
     fea:	fff44783          	lbu	a5,-1(s0)
     fee:	853a                	mv	a0,a4
     ff0:	ca36                	sw	a3,20(sp)
     ff2:	c83e                	sw	a5,16(sp)
     ff4:	c43a                	sw	a4,8(sp)
     ff6:	2439                	jal	1204 <__locale_ctype_ptr_l>
     ff8:	47c2                	lw	a5,16(sp)
     ffa:	4722                	lw	a4,8(sp)
     ffc:	46d2                	lw	a3,20(sp)
     ffe:	953e                	add	a0,a0,a5
    1000:	310c                	lbu	a1,1(a0)
    1002:	89a1                	andi	a1,a1,8
    1004:	e1e1                	bnez	a1,10c4 <_strtol_l.isra.0+0xf0>
    1006:	02d00713          	li	a4,45
    100a:	0ae79f63          	bne	a5,a4,10c8 <_strtol_l.isra.0+0xf4>
    100e:	201c                	lbu	a5,0(s0)
    1010:	4605                	li	a2,1
    1012:	00248413          	addi	s0,s1,2
    1016:	10068c63          	beqz	a3,112e <_strtol_l.isra.0+0x15a>
    101a:	4741                	li	a4,16
    101c:	02e69063          	bne	a3,a4,103c <_strtol_l.isra.0+0x68>
    1020:	03000713          	li	a4,48
    1024:	00e79c63          	bne	a5,a4,103c <_strtol_l.isra.0+0x68>
    1028:	201c                	lbu	a5,0(s0)
    102a:	05800713          	li	a4,88
    102e:	0df7f793          	andi	a5,a5,223
    1032:	0ee79963          	bne	a5,a4,1124 <_strtol_l.isra.0+0x150>
    1036:	301c                	lbu	a5,1(s0)
    1038:	46c1                	li	a3,16
    103a:	0409                	addi	s0,s0,2
    103c:	800004b7          	lui	s1,0x80000
    1040:	e219                	bnez	a2,1046 <_strtol_l.isra.0+0x72>
    1042:	fff4c493          	not	s1,s1
    1046:	85b6                	mv	a1,a3
    1048:	8526                	mv	a0,s1
    104a:	cc3e                	sw	a5,24(sp)
    104c:	ca32                	sw	a2,20(sp)
    104e:	c836                	sw	a3,16(sp)
    1050:	8b0ff0ef          	jal	ra,100 <__umodsi3>
    1054:	46c2                	lw	a3,16(sp)
    1056:	c42a                	sw	a0,8(sp)
    1058:	8526                	mv	a0,s1
    105a:	85b6                	mv	a1,a3
    105c:	878ff0ef          	jal	ra,d4 <__udivsi3>
    1060:	47e2                	lw	a5,24(sp)
    1062:	4652                	lw	a2,20(sp)
    1064:	46c2                	lw	a3,16(sp)
    1066:	82aa                	mv	t0,a0
    1068:	4581                	li	a1,0
    106a:	4501                	li	a0,0
    106c:	4765                	li	a4,25
    106e:	fd078393          	addi	t2,a5,-48
    1072:	4325                	li	t1,9
    1074:	00737863          	bgeu	t1,t2,1084 <_strtol_l.isra.0+0xb0>
    1078:	fbf78393          	addi	t2,a5,-65
    107c:	06776063          	bltu	a4,t2,10dc <_strtol_l.isra.0+0x108>
    1080:	fc978393          	addi	t2,a5,-55
    1084:	06d3d363          	bge	t2,a3,10ea <_strtol_l.isra.0+0x116>
    1088:	57fd                	li	a5,-1
    108a:	02f58963          	beq	a1,a5,10bc <_strtol_l.isra.0+0xe8>
    108e:	55fd                	li	a1,-1
    1090:	02a2e663          	bltu	t0,a0,10bc <_strtol_l.isra.0+0xe8>
    1094:	00a29563          	bne	t0,a0,109e <_strtol_l.isra.0+0xca>
    1098:	47a2                	lw	a5,8(sp)
    109a:	0277c163          	blt	a5,t2,10bc <_strtol_l.isra.0+0xe8>
    109e:	85aa                	mv	a1,a0
    10a0:	8536                	mv	a0,a3
    10a2:	ce1e                	sw	t2,28(sp)
    10a4:	cc16                	sw	t0,24(sp)
    10a6:	ca32                	sw	a2,20(sp)
    10a8:	c836                	sw	a3,16(sp)
    10aa:	80aff0ef          	jal	ra,b4 <__mulsi3>
    10ae:	43f2                	lw	t2,28(sp)
    10b0:	42e2                	lw	t0,24(sp)
    10b2:	4652                	lw	a2,20(sp)
    10b4:	46c2                	lw	a3,16(sp)
    10b6:	951e                	add	a0,a0,t2
    10b8:	4585                	li	a1,1
    10ba:	4765                	li	a4,25
    10bc:	0405                	addi	s0,s0,1
    10be:	fff44783          	lbu	a5,-1(s0)
    10c2:	b775                	j	106e <_strtol_l.isra.0+0x9a>
    10c4:	84a2                	mv	s1,s0
    10c6:	b705                	j	fe6 <_strtol_l.isra.0+0x12>
    10c8:	02b00713          	li	a4,43
    10cc:	00e78463          	beq	a5,a4,10d4 <_strtol_l.isra.0+0x100>
    10d0:	4601                	li	a2,0
    10d2:	b791                	j	1016 <_strtol_l.isra.0+0x42>
    10d4:	201c                	lbu	a5,0(s0)
    10d6:	00248413          	addi	s0,s1,2 # 80000002 <__global_pointer$+0x5ffff60a>
    10da:	bfdd                	j	10d0 <_strtol_l.isra.0+0xfc>
    10dc:	f9f78393          	addi	t2,a5,-97
    10e0:	00776563          	bltu	a4,t2,10ea <_strtol_l.isra.0+0x116>
    10e4:	fa978393          	addi	t2,a5,-87
    10e8:	bf71                	j	1084 <_strtol_l.isra.0+0xb0>
    10ea:	57fd                	li	a5,-1
    10ec:	00f59f63          	bne	a1,a5,110a <_strtol_l.isra.0+0x136>
    10f0:	4732                	lw	a4,12(sp)
    10f2:	02200793          	li	a5,34
    10f6:	8526                	mv	a0,s1
    10f8:	c31c                	sw	a5,0(a4)
    10fa:	4792                	lw	a5,4(sp)
    10fc:	ef89                	bnez	a5,1116 <_strtol_l.isra.0+0x142>
    10fe:	50a2                	lw	ra,40(sp)
    1100:	5412                	lw	s0,36(sp)
    1102:	5482                	lw	s1,32(sp)
    1104:	02c10113          	addi	sp,sp,44
    1108:	8082                	ret
    110a:	c219                	beqz	a2,1110 <_strtol_l.isra.0+0x13c>
    110c:	40a00533          	neg	a0,a0
    1110:	4792                	lw	a5,4(sp)
    1112:	d7f5                	beqz	a5,10fe <_strtol_l.isra.0+0x12a>
    1114:	c581                	beqz	a1,111c <_strtol_l.isra.0+0x148>
    1116:	fff40793          	addi	a5,s0,-1
    111a:	c03e                	sw	a5,0(sp)
    111c:	4792                	lw	a5,4(sp)
    111e:	4702                	lw	a4,0(sp)
    1120:	c398                	sw	a4,0(a5)
    1122:	bff1                	j	10fe <_strtol_l.isra.0+0x12a>
    1124:	03000793          	li	a5,48
    1128:	fa91                	bnez	a3,103c <_strtol_l.isra.0+0x68>
    112a:	46a1                	li	a3,8
    112c:	bf01                	j	103c <_strtol_l.isra.0+0x68>
    112e:	03000713          	li	a4,48
    1132:	eee78be3          	beq	a5,a4,1028 <_strtol_l.isra.0+0x54>
    1136:	46a9                	li	a3,10
    1138:	b711                	j	103c <_strtol_l.isra.0+0x68>

0000113a <strtol>:
    113a:	1ffff797          	auipc	a5,0x1ffff
    113e:	0be78793          	addi	a5,a5,190 # 200001f8 <_impure_ptr>
    1142:	439c                	lw	a5,0(a5)
    1144:	86b2                	mv	a3,a2
    1146:	5398                	lw	a4,32(a5)
    1148:	e709                	bnez	a4,1152 <strtol+0x18>
    114a:	1ffff717          	auipc	a4,0x1ffff
    114e:	f3e70713          	addi	a4,a4,-194 # 20000088 <__global_locale>
    1152:	862e                	mv	a2,a1
    1154:	85aa                	mv	a1,a0
    1156:	853e                	mv	a0,a5
    1158:	bdb5                	j	fd4 <_strtol_l.isra.0>

0000115a <__utoa>:
    115a:	fbc10113          	addi	sp,sp,-68
    115e:	de22                	sw	s0,60(sp)
    1160:	dc26                	sw	s1,56(sp)
    1162:	c02e                	sw	a1,0(sp)
    1164:	84b2                	mv	s1,a2
    1166:	842a                	mv	s0,a0
    1168:	02500613          	li	a2,37
    116c:	00000597          	auipc	a1,0x0
    1170:	25458593          	addi	a1,a1,596 # 13c0 <AHBPrescTable+0x18>
    1174:	0808                	addi	a0,sp,16
    1176:	c086                	sw	ra,64(sp)
    1178:	20d1                	jal	123c <memcpy>
    117a:	ffe48613          	addi	a2,s1,-2
    117e:	02200713          	li	a4,34
    1182:	4782                	lw	a5,0(sp)
    1184:	4681                	li	a3,0
    1186:	00c77e63          	bgeu	a4,a2,11a2 <__utoa+0x48>
    118a:	00078023          	sb	zero,0(a5)
    118e:	4781                	li	a5,0
    1190:	4086                	lw	ra,64(sp)
    1192:	5472                	lw	s0,60(sp)
    1194:	54e2                	lw	s1,56(sp)
    1196:	853e                	mv	a0,a5
    1198:	04410113          	addi	sp,sp,68
    119c:	8082                	ret
    119e:	86ba                	mv	a3,a4
    11a0:	842a                	mv	s0,a0
    11a2:	00168713          	addi	a4,a3,1
    11a6:	c636                	sw	a3,12(sp)
    11a8:	85a6                	mv	a1,s1
    11aa:	00e786b3          	add	a3,a5,a4
    11ae:	8522                	mv	a0,s0
    11b0:	c43a                	sw	a4,8(sp)
    11b2:	c036                	sw	a3,0(sp)
    11b4:	c23e                	sw	a5,4(sp)
    11b6:	f4bfe0ef          	jal	ra,100 <__umodsi3>
    11ba:	183c                	addi	a5,sp,56
    11bc:	953e                	add	a0,a0,a5
    11be:	fd854603          	lbu	a2,-40(a0)
    11c2:	4782                	lw	a5,0(sp)
    11c4:	85a6                	mv	a1,s1
    11c6:	8522                	mv	a0,s0
    11c8:	fec78fa3          	sb	a2,-1(a5)
    11cc:	f09fe0ef          	jal	ra,d4 <__udivsi3>
    11d0:	4792                	lw	a5,4(sp)
    11d2:	4722                	lw	a4,8(sp)
    11d4:	46b2                	lw	a3,12(sp)
    11d6:	fc9474e3          	bgeu	s0,s1,119e <__utoa+0x44>
    11da:	4702                	lw	a4,0(sp)
    11dc:	00d78633          	add	a2,a5,a3
    11e0:	00070023          	sb	zero,0(a4)
    11e4:	4701                	li	a4,0
    11e6:	40e685b3          	sub	a1,a3,a4
    11ea:	fab753e3          	bge	a4,a1,1190 <__utoa+0x36>
    11ee:	00e785b3          	add	a1,a5,a4
    11f2:	00064303          	lbu	t1,0(a2)
    11f6:	2188                	lbu	a0,0(a1)
    11f8:	0705                	addi	a4,a4,1
    11fa:	00658023          	sb	t1,0(a1)
    11fe:	a208                	sb	a0,0(a2)
    1200:	167d                	addi	a2,a2,-1
    1202:	b7d5                	j	11e6 <__utoa+0x8c>

00001204 <__locale_ctype_ptr_l>:
    1204:	0ec52503          	lw	a0,236(a0)
    1208:	8082                	ret

0000120a <__ascii_mbtowc>:
    120a:	ed91                	bnez	a1,1226 <__ascii_mbtowc+0x1c>
    120c:	1171                	addi	sp,sp,-4
    120e:	858a                	mv	a1,sp
    1210:	4501                	li	a0,0
    1212:	ca01                	beqz	a2,1222 <__ascii_mbtowc+0x18>
    1214:	5579                	li	a0,-2
    1216:	c691                	beqz	a3,1222 <__ascii_mbtowc+0x18>
    1218:	221c                	lbu	a5,0(a2)
    121a:	c19c                	sw	a5,0(a1)
    121c:	2208                	lbu	a0,0(a2)
    121e:	00a03533          	snez	a0,a0
    1222:	0111                	addi	sp,sp,4
    1224:	8082                	ret
    1226:	4501                	li	a0,0
    1228:	ca09                	beqz	a2,123a <__ascii_mbtowc+0x30>
    122a:	5579                	li	a0,-2
    122c:	c699                	beqz	a3,123a <__ascii_mbtowc+0x30>
    122e:	221c                	lbu	a5,0(a2)
    1230:	c19c                	sw	a5,0(a1)
    1232:	2208                	lbu	a0,0(a2)
    1234:	00a03533          	snez	a0,a0
    1238:	8082                	ret
    123a:	8082                	ret

0000123c <memcpy>:
    123c:	00a5c7b3          	xor	a5,a1,a0
    1240:	8b8d                	andi	a5,a5,3
    1242:	00c50733          	add	a4,a0,a2
    1246:	e781                	bnez	a5,124e <memcpy+0x12>
    1248:	478d                	li	a5,3
    124a:	02c7e763          	bltu	a5,a2,1278 <memcpy+0x3c>
    124e:	87aa                	mv	a5,a0
    1250:	0ae57e63          	bgeu	a0,a4,130c <memcpy+0xd0>
    1254:	2194                	lbu	a3,0(a1)
    1256:	0785                	addi	a5,a5,1
    1258:	0585                	addi	a1,a1,1
    125a:	fed78fa3          	sb	a3,-1(a5)
    125e:	fee7ebe3          	bltu	a5,a4,1254 <memcpy+0x18>
    1262:	8082                	ret
    1264:	2194                	lbu	a3,0(a1)
    1266:	0785                	addi	a5,a5,1
    1268:	0585                	addi	a1,a1,1
    126a:	fed78fa3          	sb	a3,-1(a5)
    126e:	fee7ebe3          	bltu	a5,a4,1264 <memcpy+0x28>
    1272:	4402                	lw	s0,0(sp)
    1274:	0111                	addi	sp,sp,4
    1276:	8082                	ret
    1278:	00357693          	andi	a3,a0,3
    127c:	87aa                	mv	a5,a0
    127e:	ca89                	beqz	a3,1290 <memcpy+0x54>
    1280:	2194                	lbu	a3,0(a1)
    1282:	0785                	addi	a5,a5,1
    1284:	0585                	addi	a1,a1,1
    1286:	fed78fa3          	sb	a3,-1(a5)
    128a:	0037f693          	andi	a3,a5,3
    128e:	bfc5                	j	127e <memcpy+0x42>
    1290:	ffc77693          	andi	a3,a4,-4
    1294:	fe068613          	addi	a2,a3,-32
    1298:	06c7f563          	bgeu	a5,a2,1302 <memcpy+0xc6>
    129c:	1171                	addi	sp,sp,-4
    129e:	c022                	sw	s0,0(sp)
    12a0:	49c0                	lw	s0,20(a1)
    12a2:	0005a303          	lw	t1,0(a1)
    12a6:	0085a383          	lw	t2,8(a1)
    12aa:	cbc0                	sw	s0,20(a5)
    12ac:	4d80                	lw	s0,24(a1)
    12ae:	0067a023          	sw	t1,0(a5)
    12b2:	0045a303          	lw	t1,4(a1)
    12b6:	cf80                	sw	s0,24(a5)
    12b8:	4dc0                	lw	s0,28(a1)
    12ba:	0067a223          	sw	t1,4(a5)
    12be:	00c5a283          	lw	t0,12(a1)
    12c2:	0105a303          	lw	t1,16(a1)
    12c6:	02458593          	addi	a1,a1,36
    12ca:	cfc0                	sw	s0,28(a5)
    12cc:	ffc5a403          	lw	s0,-4(a1)
    12d0:	0077a423          	sw	t2,8(a5)
    12d4:	0057a623          	sw	t0,12(a5)
    12d8:	0067a823          	sw	t1,16(a5)
    12dc:	02478793          	addi	a5,a5,36
    12e0:	fe87ae23          	sw	s0,-4(a5)
    12e4:	fac7eee3          	bltu	a5,a2,12a0 <memcpy+0x64>
    12e8:	f8d7f3e3          	bgeu	a5,a3,126e <memcpy+0x32>
    12ec:	4190                	lw	a2,0(a1)
    12ee:	0791                	addi	a5,a5,4
    12f0:	0591                	addi	a1,a1,4
    12f2:	fec7ae23          	sw	a2,-4(a5)
    12f6:	bfcd                	j	12e8 <memcpy+0xac>
    12f8:	4190                	lw	a2,0(a1)
    12fa:	0791                	addi	a5,a5,4
    12fc:	0591                	addi	a1,a1,4
    12fe:	fec7ae23          	sw	a2,-4(a5)
    1302:	fed7ebe3          	bltu	a5,a3,12f8 <memcpy+0xbc>
    1306:	f4e7e7e3          	bltu	a5,a4,1254 <memcpy+0x18>
    130a:	8082                	ret
    130c:	8082                	ret

0000130e <__ascii_wctomb>:
    130e:	cd89                	beqz	a1,1328 <__ascii_wctomb+0x1a>
    1310:	0ff00793          	li	a5,255
    1314:	00c7f763          	bgeu	a5,a2,1322 <__ascii_wctomb+0x14>
    1318:	08a00793          	li	a5,138
    131c:	c11c                	sw	a5,0(a0)
    131e:	557d                	li	a0,-1
    1320:	8082                	ret
    1322:	a190                	sb	a2,0(a1)
    1324:	4505                	li	a0,1
    1326:	8082                	ret
    1328:	4501                	li	a0,0
    132a:	8082                	ret
    132c:	74737953          	0x74737953
    1330:	6d65                	lui	s10,0x19
    1332:	3a6b6c43          	fmadd.d	fs8,fs6,ft6,ft7,unknown
    1336:	6425                	lui	s0,0x9
    1338:	0a0d                	addi	s4,s4,3
    133a:	0000                	unimp
    133c:	70696843          	fmadd.s	fa6,fs2,ft6,fa4,unknown
    1340:	4449                	li	s0,18
    1342:	253a                	lhu	a4,10(a0)
    1344:	3830                	lbu	a2,19(s0)
    1346:	0d78                	addi	a4,sp,668
    1348:	000a                	c.slli	zero,0x2
	...

0000134c <tbl_db_rel>:
    134c:	8000 c040 a020 e060 9010 d050 b030 f070     ..@. .`...P.0.p.
    135c:	8808 c848 8404 c444 a424 e464 9414 d454     ..H...D.$.d...T.
    136c:	b434 f474 8c0c cc4c 8606 c646 a626 e666     4.t...L...F.&.f.
    137c:	9616 d656 b636 f676 8e0e ce4e 8707 c747     ..V.6.v...N...G.
    138c:	a727 e767 9717 d757 b737 f777 8f0f cf4f     '.g...W.7.w...O.
    139c:	af2f ef6f 9f1f df5f bf3f ff7f               /.o..._.?...

000013a8 <AHBPrescTable>:
    13a8:	0201 0403 0605 0807 0201 0403 0605 0807     ................
    13b8:	6e28 6c75 296c 0000 3130 3332 3534 3736     (null)..01234567
    13c8:	3938 6261 6463 6665 6867 6a69 6c6b 6e6d     89abcdefghijklmn
    13d8:	706f 7271 7473 7675 7877 7a79 0000 0000     opqrstuvwxyz....
    13e8:	0043 0000 4f50 4953 0058 0000 002e 0000     C...POSIX.......

000013f8 <_ctype_>:
    13f8:	2000 2020 2020 2020 2020 2828 2828 2028     .         ((((( 
    1408:	2020 2020 2020 2020 2020 2020 2020 2020                     
    1418:	8820 1010 1010 1010 1010 1010 1010 1010      ...............
    1428:	0410 0404 0404 0404 0404 1004 1010 1010     ................
    1438:	1010 4141 4141 4141 0101 0101 0101 0101     ..AAAAAA........
    1448:	0101 0101 0101 0101 0101 0101 1010 1010     ................
    1458:	1010 4242 4242 4242 0202 0202 0202 0202     ..BBBBBB........
    1468:	0202 0202 0202 0202 0202 0202 1010 1010     ................
    1478:	0020 0000 0000 0000 0000 0000 0000 0000      ...............
	...
